 +-----------------------------------------------------------------------+
 |                                                                       |
 |                          DPMJET version 3.0-6                         |
 |                                                                       |
 |                      (Last change:  5 May 2012)                       |
 |                                                                       |
 |            Authors: Stefan Roesler   (CERN)                           |
 |                     Ralph Engel      (FZ Karlsruhe)                   |
 |                     Johannes Ranft   (Siegen Univ.)                   |
 |                                                                       |
 +-----------------------------------------------------------------------+
 | Please send suggestions, bug reports, etc. to: Stefan.Roesler@cern.ch |
 +-----------------------------------------------------------------------+

**********************************************************************        
* Example for a DTUNUC input file.                                            
* Uncomment the input-cards according to your requirements.                   
*                                                                             
* Format: A10,6E10.0,A8                                                       
*        (except for the section enclosed by "PHOINPUT" and "ENDINPUT"        
*         which is format-free)                                               
*         lines starting with "*" are comment lines                           
**********************************************************************        
*                                                                             
* projectile / target                                                         
* -------------------                                                         
PROJPAR     0.00      0.00      0.00      0.00      0.00      0.00    PROTON  
TARPAR      12.0      6.00      0.00      0.00      0.00      0.00            
*                                                                             
* energy of interaction                                                       
* ---------------------                                                       
ENERGY      920.      0.00      0.00      0.00      0.00      0.00            
*                                                                             
* PHOJET-specific input                                                       
* ---------------------                                                       
* The following lines control the event-generation with PHOJET for            
* individual photon/nucleon-nucleon collisions.                               
* Any options explained in the PHOJET-manual can be used in between           
* the "PHOINPUT" and "ENDINPUT" cards.                                        
PHOINPUT    0.00      0.00      0.00      0.00      0.00      0.00            

  ===================================================
                                                     
       ----      PHOJET version 1.12      ----      
                                                     
  ===================================================
      Authors: Ralph Engel      (FZ Karlsruhe)
               Johannes Ranft   (Siegen Univ.)
               Stefan Roesler   (CERN)
  ---------------------------------------------------
    Manual, updates, and further information:
     http://www-ik.fzk.de/~engel/phojet.html
  ---------------------------------------------------
     please send suggestions / bug reports etc. to:
              ralph.engel@fzk.de
  ===================================================
    $Date: 2000/06/25 21:59:19 $
    $Revision: 1.12.1.35 $
    (code version with interface to PYTHIA 6.x)
    (code version for usage in DPMJET 3.x)
  ===================================================

 PROCESS    1 0 1 1 1 1 1 1
  RETURN
*                                                                             
* Output                                                                      
* ------                                                                      
*   some default output (particle multiplicities etc.)                        
HISTOGRAM   101.      102.      0.00      0.00      0.00      0.00            
*                                                                             
* Start of event generation                                                   
* -------------------------                                                   
START      0.500E+05  0.00      0.00      0.00      0.00      0.00            

Warning!  No evaporation performed since evaporation modules not available with this version.
 DT_JSPARA: new value (default value)


 NCLPOT:    quantities for inclusion of nuclear effects
            -------------------------------------------

                                      projectile      target

 Mass number / charge                   1 /  1       12 /  6
 Binding energy  - proton   (GeV)     0.0000E+00    0.1596E-01
                 - neutron  (GeV)     0.0000E+00    0.1872E-01
 Fermi-potential - proton   (GeV)     0.0000E+00    0.1611E-01
                 - neutron  (GeV)     0.0000E+00    0.1609E-01

 Scale factor for Fermi-momentum    0.55

 Coulomb-energy     0.0000E+00 GeV      0.2037E-02 GeV  


 DT_PHOINI:    PHOJET initialized for projectile A,Z =   1, 1
 1.5xp_F(max) =  0.000E+00  p(max) =  0.000E+00 0.000E+00 0.208E+02 0.208E+02
 DT_PHOINI:    PHOJET initialized for target     A,Z =  12, 6
 1.5xp_F(max) = -0.262E+00  p(max) =  0.000E+00 0.000E+00-0.274E+02 0.274E+02
 E_cm =  0.477E+02


 =======================================================
   ------- initialization of event generation --------
 =======================================================

 PHO_SETMDL: current settings
 ----------------------------

       1:AMPL MOD     3       2:MIN-BIAS     1       3:PTS DISH     1
       4:PTS DISP     1       5:PTS ASSI     2       6:HADRONIZ     3
       7:MASS COR     2       8:PAR SHOW     3       9:GLU SPLI     0
      10:VIRT PHO     2      11:LARGE NC     0      12:LIPA POM     0
      13:QELAS VM     1      14:ENHA GRA     2      15:MULT SCA     4
      16:MULT DIF     4      17:MULT CDF     4      18:BALAN PT     0
      19:POMV FLA     1      20:SEA  FLA     0      21:SPIN DEC     2
      22:DIF.MASS     1      23:DIFF RES     1      24:PTS HPOM     0
      25:POM CORR     0      26:OVERLAP      1      27:MUL R/AN     0
      28:SUR PROB     1      29:PRIMO KT     1      30:DIFF. CS     0

 PHO_FITPAR: looking for PDF   2212  GRV94 LO      5      6      0
 PHO_FITPAR: looking for PDF   2212  GRV94 LO      5      6      0

 PHO_FITPAR: parameter set found in internal table

 PHO_FITPAR: parameter set
 -------------------------
  ALPOM:  1.100 ALPOMP:  0.250 GP:    6.387    6.387 B0POM:    1.161    1.161
  ALREG:  0.450 ALREGP:  0.900 GR:   10.263   10.263 B0REG:    1.171    1.171
  GPPP :  0.156 B0PPP:  0.500 GPPR :  0.612 B0PPR:  0.300
 VDMFAC:   1.00000   0.00000   1.00000   0.00000
 VDMQ2F:   1.00000   0.00000   1.00000   0.00000
  B0HAR:   3.500
  AKFAC:   2.000
 PHISUP:   0.600   0.600
  RMASS:   1.100   1.100   3.000

 PHO_FRAINI: fragmentation initialization ISWMDL(6)  3
 --------------------------------------------------
     parameter description               default / current
     PARJ( 2) strangeness suppression :   0.300  0.300
     MSTJ(12) popcorn                 :       2      2
     PARJ(19) popcorn                 :   1.000  1.000
     PARJ(41) Lund a                  :   0.300  0.300
     PARJ(42) Lund b                  :   0.580  1.000
     PARJ(21) sigma in pt distribution:   0.360  0.360


 PHO_MCINI: selected energy range (SQRT(S))         5.0        47.7
     particle 1 (name,mass,virtuality): p+               0.938     0.0000E+00
     particle 2 (name,mass,virtuality): p+               0.938     0.0000E+00

 PHO_HARINI: hard scattering parameters for IP:  4
     particle 1 / particle 2:     990     990
     min. PT   :    2.5  (energy-dependent)  
     PDF side 1:  CKMT-POM IGRP/ISET/IEXT    4   0   0
     PDF side 2:  CKMT-POM IGRP/ISET/IEXT    4   0   0
     LAMBDA1,2 (4 active flavours):   0.230   0.230
     max. number of active flavours NF  :  4
     NQQAL/AQQAL/NQQPD/AQQPD:    1   1.000    1   1.000

 PHO_HARINI: hard scattering parameters for IP:  3
     particle 1 / particle 2:    2212     990
     min. PT   :    2.5  (energy-dependent)  
     PDF side 1:  GRV94 LO IGRP/ISET/IEXT    5   6   0
     PDF side 2:  CKMT-POM IGRP/ISET/IEXT    4   0   0
     LAMBDA1,2 (4 active flavours):   0.200   0.230
     max. number of active flavours NF  :  4
     NQQAL/AQQAL/NQQPD/AQQPD:    1   1.000    1   1.000

 PHO_HARINI: hard scattering parameters for IP:  2
     particle 1 / particle 2:    2212     990
     min. PT   :    2.5  (energy-dependent)  
     PDF side 1:  GRV94 LO IGRP/ISET/IEXT    5   6   0
     PDF side 2:  CKMT-POM IGRP/ISET/IEXT    4   0   0
     LAMBDA1,2 (4 active flavours):   0.200   0.230
     max. number of active flavours NF  :  4
     NQQAL/AQQAL/NQQPD/AQQPD:    1   1.000    1   1.000

 PHO_HARINI: hard scattering parameters for IP:  1
     particle 1 / particle 2:    2212    2212
     min. PT   :    2.5  (energy-dependent)  
     PDF side 1:  GRV94 LO IGRP/ISET/IEXT    5   6   0
     PDF side 2:  GRV94 LO IGRP/ISET/IEXT    5   6   0
     LAMBDA1,2 (4 active flavours):   0.200   0.200
     max. number of active flavours NF  :  4
     NQQAL/AQQAL/NQQPD/AQQPD:    1   1.000    1   1.000

 Table of total cross sections (mb) for particle combination  1
  Ecm    SIGtot  SIGela  SIGine  SIGqel  SIGsd1  SIGsd2  SIGdd
 -------------------------------------------------------------
  5.00E+00 3.98E+01 7.77E+00 3.20E+01 0.00E+00 1.35E+00 1.35E+00 1.80E-01
  6.42E+00 3.90E+01 7.38E+00 3.16E+01 0.00E+00 1.48E+00 1.48E+00 2.45E-01
  8.26E+00 3.87E+01 7.12E+00 3.15E+01 0.00E+00 1.63E+00 1.63E+00 3.20E-01
  1.06E+01 3.86E+01 6.95E+00 3.16E+01 0.00E+00 1.80E+00 1.79E+00 4.38E-01
  1.36E+01 3.88E+01 6.85E+00 3.19E+01 0.00E+00 1.97E+00 1.97E+00 5.73E-01
  1.75E+01 3.91E+01 6.81E+00 3.23E+01 0.00E+00 2.16E+00 2.16E+00 7.27E-01
  2.25E+01 3.97E+01 6.81E+00 3.29E+01 0.00E+00 2.37E+00 2.37E+00 8.92E-01
  2.89E+01 4.04E+01 6.86E+00 3.35E+01 0.00E+00 2.59E+00 2.59E+00 1.07E+00
  3.72E+01 4.12E+01 6.93E+00 3.43E+01 0.00E+00 2.82E+00 2.81E+00 1.26E+00
  4.78E+01 4.22E+01 7.03E+00 3.52E+01 0.00E+00 3.05E+00 3.05E+00 1.46E+00

 activated processes, cross section
 ----------------------------------
       nondiffr. resolved processes  1    1  1  1
                 elastic scattering  0    0  0  0
     qelast. vectormeson production  1    0  0  0
           double pomeron processes  1    0  0  0
      single diffract. particle (1)  1    0  0  0
      single diffract. particle (2)  1    0  0  0
         double diffract. processes  1    0  0  0
            direct photon processes  1    1  1  1
   maximum search (Elow/Eup/Epeak) 5.0000E+00 4.7756E+01 4.7756E+01
           max. cross section (mb)  3.5158E+01


 PHO_HARSCA: activated hard processes
 ------------------------------------
     PROCESS,    IP= 1 ... 4 (on/off)
   1     G  +G  --> G  +G    1  1  1  1
   2     Q  +QB --> G  +G    1  1  1  1
   3     G  +Q  --> G  +Q    1  1  1  1
   4     G  +G  --> Q  +QB   1  1  1  1
   5     Q  +QB --> Q  +QB   1  1  1  1
   6     Q  +QB --> QP +QBP  1  1  1  1
   7     Q  +Q  --> Q  +Q    1  1  1  1
   8     Q  +QP --> Q  +QP   1  1  1  1
   9     resolved processes  1  1  1  1
  10     gam+Q  --> G  +Q    1  1  1  1
  11     gam+G  --> Q  +QB   1  1  1  1
  12     Q  +gam--> G  +Q    1  1  1  1
  13     G  +gam--> Q  +QB   1  1  1  1
  14     gam+gam--> Q  +QB   1  1  1  1
  15     direct processes    1  1  1  1
  16     gam+gam--> l+ +l-   0  0  0  0


 SHMAKI:    Glauber formalism (Shmakov et. al) - initialization
            ---------------------------------------------------

                                      projectile      target
 Mass number / charge                   1 /  1       12 /  6

 Nucleon-nucleon c.m. energy              41.57 GeV

 Parameters of elastic scattering amplitude:
     sigma =  41.14 mb      rho =    0.0223      slope = 11.9 GeV^-2

 Number of b-steps     49        statistics at each b-step     1000

 Prod. cross section         250.9273 mb

 DT_SIGEMU:    Combined cross sections
               -----------------------

 E_cm =     41.6 GeV  Q^2 =   0.0 GeV^2 :

 total                                    0.0000 +-    0.00000 mb
 elastic                                  0.0000 +-    0.00000 mb
 quasi-elastic (A+B-->A+X)                0.0000 +-    0.00000 mb
 quasi-elastic (A+B-->X+B)                0.0000 +-    0.00000 mb
 quasi-elastic (A+B-->X, excl. 2-4)       0.0000 +-    0.00000 mb
 production                             250.9273 +-    3.14873 mb
 diff-el                                  0.0000 +-    0.00000 mb
 diff-qel                                 0.0000 +-    0.00000 mb

 FER4M:   sampling of Fermi-momenta activated

 CROMSC:  multiple scattering of chain ends treated
          with parameter CRONCO =  0.64
 DT_INITJS: JETSET-parameter for PHOJET
 DT_JSPARA: new value (default value)
            PARJ(  1):  0.085 ( 0.100)
            PARJ(  2):  0.260 ( 0.300)
            PARJ(  3):  0.800 ( 0.400)
            PARJ(  5):  0.150 ( 0.500)
            PARJ( 11):  0.380 ( 0.500)
            MSTJ( 12):      3 (     2)
            PARJ( 18):  0.300 ( 1.000)
            PARJ( 19):  0.400 ( 1.000)
            MSTU( 22):  50000 (    10)
            MSTJ( 22):      2 (     1)
            PARJ( 42):  0.860 ( 0.580)
            PARU(108):  0.008 ( 0.000)
1                                                                              
 ******************************************************************************
 ******************************************************************************
 **                                                                          **
 **                                                                          **
 **              *......*                  Welcome to the Lund Monte Carlo!  **
 **         *:::!!:::::::::::*                                               **
 **      *::::::!!::::::::::::::*          PPP  Y   Y TTTTT H   H III   A    **
 **    *::::::::!!::::::::::::::::*        P  P  Y Y    T   H   H  I   A A   **
 **   *:::::::::!!:::::::::::::::::*       PPP    Y     T   HHHHH  I  AAAAA  **
 **   *:::::::::!!:::::::::::::::::*       P      Y     T   H   H  I  A   A  **
 **    *::::::::!!::::::::::::::::*!       P      Y     T   H   H III A   A  **
 **      *::::::!!::::::::::::::* !!                                         **
 **      !! *:::!!:::::::::::*    !!       This is PYTHIA version 6.115      **
 **      !!     !* -><- *         !!       Last date of change: 27 Jan 1998  **
 **      !!     !!                !!                                         **
 **      !!     !!                !!                                         **
 **      !!                       !!                                         **
 **      !!        ep             !!       Disclaimer: this program comes    **
 **      !!                       !!       without any guarantees. Beware    **
 **      !!                 pp    !!       of errors and use common sense    **
 **      !!   e+e-                !!       when interpreting results.        **
 **      !!                       !!                                         **
 **      !!                                Copyright T. Sjostrand (1997)     **
 **                                                                          **
 ** An archive of program versions and documentation is found on the web:    **
 ** http://www.thep.lu.se/tf2/staff/torbjorn/Pythia.html                     **
 **                                                                          **
 ** When you cite this program, currently the official reference is          **
 ** T. Sjostrand, Computer Physics Commun. 82 (1994) 74.                     **
 ** The supersymmetry extensions are described in                            **
 ** S. Mrenna, Computer Physics Commun. 101 (1997) 232                       **
 ** Also remember that the program, to a large extent, represents original   **
 ** physics research. Other publications of special relevance to your        **
 ** studies may therefore deserve separate mention.                          **
 **                                                                          **
 ** Main author: Torbjorn Sjostrand; Department of Theoretical Physics 2,    **
 **   Lund University, Solvegatan 14A, S-223 62 Lund, Sweden;                **
 **   phone: + 46 - 46 - 222 48 16; e-mail: torbjorn@thep.lu.se              **
 ** SUSY author: Stephen Mrenna, Argonne National Laboratory,                **
 **   9700 South Cass Avenue, Argonne, IL 60439, USA;                        **
 **   phone: + 1 - 630 - 252 - 7615; e-mail: mrenna@hep.anl.gov              **
 **                                                                          **
 **                                                                          **
 ******************************************************************************
 ******************************************************************************

     Advisory warning type 9 given after        1 PYEXEC calls:
     (PYKFIN:) PARJ(18)<1 combined with 0<MSTJ(12)<5 option

 FOZOCA:  intranuclear cascade treated for a maximum of  25 generations
          formation time parameter:  3.5  fm/c         modus: 1
          p_t dependent formation zone

 DT_INITJS: JETSET-parameter for DTUNUC
 DT_JSPARA: new value (default value)
            PARJ(  1):  0.110 ( 0.100)
            PARJ(  2):  0.360 ( 0.300)
            PARJ(  3):  0.800 ( 0.400)
            PARJ(  5):  0.150 ( 0.500)
            PARJ( 11):  0.380 ( 0.500)
            MSTU( 12):      0 (     1)
            MSTJ( 12):      3 (     2)
            PARJ( 18):  0.300 ( 1.000)
            PARJ( 19):  0.200 ( 1.000)
            PARJ( 21):  0.300 ( 0.360)
            MSTU( 22):  50000 (    10)
            MSTJ( 22):      2 (     1)
            MSTU( 27):      1 (     0)
            MSTU( 28):      9 (     0)
            PARU(108):  0.008 ( 0.000)
            MSTU(123):      1 (     0)
            MSTU(124): -13101 (     0)
            MSTU(125):     10 (     0)

     Advisory warning type 4 given after    40211 PYEXEC calls:
     (PYDECY:) caught in loop for decay channel 624

     Advisory warning type 4 given after    52124 PYEXEC calls:
     (PYDECY:) caught in loop for decay channel 624

 HISTAT:              statistics - intranuclear cascade
                      ---------------------------------

 no. of events for normalization: (accepted final events, evt)     50000
                                  (events before evap.-step, evt1)     0
 no. of rejected events due to intranuclear cascade                    0

 no. of wounded nucl. in proj./ target (mean per evt)       0.00 /  1.30
 no. of particles unable to escape proj./ target (mean per evt)
        baryons:  pos.   0.000 /  0.477   neg.   0.000 /  0.000
        mesons:   pos.   0.000 /  0.003   neg.   0.000 /  0.000
 maximum no. of generations treated (maximum allowed:  25)
                                           (mean per evt)       0.76
 no. of sec. interactions in proj./ target (mean per evt1)  0.000 /  1.263
        out of which by inelastic interactions              0.000 /  0.356
                     by elastic interactions                0.000 /  0.842
                     by absorption (ap, K-, pi- only)       0.000 /  0.064


 HISTAT:              statistics - residual nuclei, evaporation
                      -----------------------------------------

 no. of events for normal.: (events handled by FICONF, evt)            0
                            (events passing the evap.-step, evt1)      0
 no. of rejected events     (   0,   0,   0)                           0


                      1) before evaporation-step:

 residual nuclei:  (mean values per evt)            proj. / target

        total number of particles                   0.000    0.000
        out of which: protons                       0.000    0.000
                      neutrons                      0.000    0.000
                      baryons                       0.000    0.000
                      pos. baryons                  0.000    0.000
        total charge                                0.000    0.000

        excitation energy (bef. evap.-step)     0.000E+00  0.000E+00
        excitation energy per nucleon           0.000E+00  0.000E+00


                      2) after  evaporation-step:

 Evaporation:         not requested


 HIMULT:                     particle - statistics
                             ---------------------

 fast/grey/black: EMU-def.

 particle    |            average multiplicity
             |     total         fast       grey     black    <pt>     f(1.7)
 ------------+---------------------------------------------------------------
 P          1|      1.901900     1.328740  0.47226  0.10090  0.46711  0.15268
 AP         2|      0.171080     0.170700  0.00038  0.00000  0.47402  0.00241
 E-         3|      0.007100     0.007100  0.00000  0.00000  0.16214  0.00001
 E+         4|      0.007100     0.007100  0.00000  0.00000  0.16026  0.00001
 NUE        5|      0.000000     0.000000  0.00000  0.00000  0.00000  0.00000
 ANUE       6|      0.000000     0.000000  0.00000  0.00000  0.00000  0.00000
 GAM        7|      1.162800     1.162800  0.00000  0.00000  0.30689  0.00451
 NEU        8|      1.619040     1.058700  0.46120  0.09914  0.45956  0.05650
 ANEU       9|      0.169940     0.169660  0.00026  0.00002  0.48235  0.00250
 MUE+      10|      0.000440     0.000420  0.00002  0.00000  0.28294  0.00000
 MUE-      11|      0.000440     0.000440  0.00000  0.00000  0.30685  0.00000
 K0L       12|      0.601520     0.595920  0.00548  0.00012  0.42225  0.00415
 PI+       13|      6.363560     6.280540  0.07010  0.01292  0.34896  0.03843
 PI-       14|      6.023020     5.936480  0.07156  0.01498  0.34969  0.02767
 K+        15|      0.687980     0.680240  0.00738  0.00036  0.42545  0.00566
 K-        16|      0.550320     0.546380  0.00358  0.00036  0.41372  0.00366
 LAM       17|      0.209260     0.193800  0.01506  0.00040  0.54839  0.01059
 ALAM      18|      0.074820     0.074760  0.00006  0.00000  0.53485  0.00207
 K0S       19|      0.605980     0.600060  0.00562  0.00030  0.42138  0.00430
 SIGM-     20|      0.055420     0.051620  0.00366  0.00014  0.54722  0.00103
 SIGM+     21|      0.076060     0.072900  0.00308  0.00008  0.54472  0.00463
 SIGM0     22|      0.086440     0.079940  0.00640  0.00010  0.55159  0.00451
 PI0       23|      7.399980     7.288360  0.10430  0.00732  0.32496  0.03771
 K0        24|      0.000000     0.000000  0.00000  0.00000  0.00000  0.00000
 AK0       25|      0.000000     0.000000  0.00000  0.00000  0.00000  0.00000
 BLANK     26|      6.854260     6.759480  0.07930  0.01548  0.36064  0.03621
 BLANK     27|     15.938200    15.176260  0.63220  0.12974  0.37283  0.23896
 BLANK     28|      0.000000     0.000000  0.00000  0.00000  0.00000  0.00000
 BLANK     29|      0.000000     0.000000  0.00000  0.00000  0.00000  0.00000
 BLANK     30|     27.930580    26.462780  1.23066  0.23714  0.36791  0.36779
 ETA550    31|      0.000000     0.000000  0.00000  0.00000  0.00000  0.00000
 RHO+77    32|      0.000000     0.000000  0.00000  0.00000  0.00000  0.00000
 RHO077    33|      0.000000     0.000000  0.00000  0.00000  0.00000  0.00000
 RHO-77    34|      0.000000     0.000000  0.00000  0.00000  0.00000  0.00000
 OM0783    35|      0.000000     0.000000  0.00000  0.00000  0.00000  0.00000
 K*+892    36|      0.000000     0.000000  0.00000  0.00000  0.00000  0.00000
 K*0892    37|      0.000000     0.000000  0.00000  0.00000  0.00000  0.00000
 K*-892    38|      0.000000     0.000000  0.00000  0.00000  0.00000  0.00000
 AK*089    39|      0.000000     0.000000  0.00000  0.00000  0.00000  0.00000
 KA+125    40|      0.000000     0.000000  0.00000  0.00000  0.00000  0.00000
 KA0125    41|      0.000000     0.000000  0.00000  0.00000  0.00000  0.00000
 KA-125    42|      0.000000     0.000000  0.00000  0.00000  0.00000  0.00000
 AKA012    43|      0.000000     0.000000  0.00000  0.00000  0.00000  0.00000
 K*+142    44|      0.000000     0.000000  0.00000  0.00000  0.00000  0.00000
 K*0142    45|      0.000000     0.000000  0.00000  0.00000  0.00000  0.00000
 K*-142    46|      0.000000     0.000000  0.00000  0.00000  0.00000  0.00000
 AK*014    47|      0.000000     0.000000  0.00000  0.00000  0.00000  0.00000
 S+1385    48|      0.000000     0.000000  0.00000  0.00000  0.00000  0.00000
 S01385    49|      0.000000     0.000000  0.00000  0.00000  0.00000  0.00000
 S-1385    50|      0.000000     0.000000  0.00000  0.00000  0.00000  0.00000
 L01820    51|      0.000000     0.000000  0.00000  0.00000  0.00000  0.00000
 L02030    52|      0.000000     0.000000  0.00000  0.00000  0.00000  0.00000
 N*++12    53|      0.000000     0.000000  0.00000  0.00000  0.00000  0.00000
 N*+ 12    54|      0.000000     0.000000  0.00000  0.00000  0.00000  0.00000
 N*012     55|      0.000000     0.000000  0.00000  0.00000  0.00000  0.00000
 N*-12     56|      0.000000     0.000000  0.00000  0.00000  0.00000  0.00000
 N*++16    57|      0.000000     0.000000  0.00000  0.00000  0.00000  0.00000
 N*+16     58|      0.000000     0.000000  0.00000  0.00000  0.00000  0.00000
 N*016     59|      0.000000     0.000000  0.00000  0.00000  0.00000  0.00000
 N*-16     60|      0.000000     0.000000  0.00000  0.00000  0.00000  0.00000
 N*+14     61|      0.000000     0.000000  0.00000  0.00000  0.00000  0.00000
 N*014     62|      0.000000     0.000000  0.00000  0.00000  0.00000  0.00000
 N*+15     63|      0.000000     0.000000  0.00000  0.00000  0.00000  0.00000
 N*015     64|      0.000000     0.000000  0.00000  0.00000  0.00000  0.00000
 N*+18     65|      0.000000     0.000000  0.00000  0.00000  0.00000  0.00000
 N*018     66|      0.000000     0.000000  0.00000  0.00000  0.00000  0.00000
 AN--12    67|      0.000000     0.000000  0.00000  0.00000  0.00000  0.00000
 AN*-12    68|      0.000000     0.000000  0.00000  0.00000  0.00000  0.00000
 AN*012    69|      0.000000     0.000000  0.00000  0.00000  0.00000  0.00000
 AN*+12    70|      0.000000     0.000000  0.00000  0.00000  0.00000  0.00000
 AN--16    71|      0.000000     0.000000  0.00000  0.00000  0.00000  0.00000
 AN*-16    72|      0.000000     0.000000  0.00000  0.00000  0.00000  0.00000
 AN*016    73|      0.000000     0.000000  0.00000  0.00000  0.00000  0.00000
 AN*+16    74|      0.000000     0.000000  0.00000  0.00000  0.00000  0.00000
 AN*-15    75|      0.000000     0.000000  0.00000  0.00000  0.00000  0.00000
 AN*015    76|      0.000000     0.000000  0.00000  0.00000  0.00000  0.00000
 DE*=24    77|      0.000000     0.000000  0.00000  0.00000  0.00000  0.00000
 RPI+49    78|      0.000000     0.000000  0.00000  0.00000  0.00000  0.00000
 RPI049    79|      0.000000     0.000000  0.00000  0.00000  0.00000  0.00000
 RPI-49    80|      0.000000     0.000000  0.00000  0.00000  0.00000  0.00000
 PIN++     81|      0.000000     0.000000  0.00000  0.00000  0.00000  0.00000
 PIN+0     82|      0.000000     0.000000  0.00000  0.00000  0.00000  0.00000
 PIN+-     83|      0.000000     0.000000  0.00000  0.00000  0.00000  0.00000
 PIN-0     84|      0.000000     0.000000  0.00000  0.00000  0.00000  0.00000
 PPPI      85|      0.000000     0.000000  0.00000  0.00000  0.00000  0.00000
 PNPI      86|      0.000000     0.000000  0.00000  0.00000  0.00000  0.00000
 APPPI     87|      0.000000     0.000000  0.00000  0.00000  0.00000  0.00000
 APNPI     88|      0.000000     0.000000  0.00000  0.00000  0.00000  0.00000
 K+PPI     89|      0.000000     0.000000  0.00000  0.00000  0.00000  0.00000
 K-PPI     90|      0.000000     0.000000  0.00000  0.00000  0.00000  0.00000
 K+NPI     91|      0.000000     0.000000  0.00000  0.00000  0.00000  0.00000
 K-NPI     92|      0.000000     0.000000  0.00000  0.00000  0.00000  0.00000
 S+1820    93|      0.000000     0.000000  0.00000  0.00000  0.00000  0.00000
 S-2030    94|      0.000000     0.000000  0.00000  0.00000  0.00000  0.00000
 ETA*      95|      0.000000     0.000000  0.00000  0.00000  0.00000  0.00000
 PHI       96|      0.000000     0.000000  0.00000  0.00000  0.00000  0.00000
 TETA0     97|      0.017780     0.017740  0.00004  0.00000  0.58236  0.00072
 TETA-     98|      0.017500     0.017400  0.00010  0.00000  0.59379  0.00071
 ASIG-     99|      0.027660     0.027640  0.00002  0.00000  0.49945  0.00058
 ASIG0    100|      0.029920     0.029900  0.00002  0.00000  0.51896  0.00067
 ASIG+    101|      0.028560     0.028500  0.00006  0.00000  0.51357  0.00061
 ATETA0   102|      0.014760     0.014740  0.00002  0.00000  0.56568  0.00059
 ATETA+   103|      0.016180     0.016180  0.00000  0.00000  0.59818  0.00056
 SIG*+    104|      0.000000     0.000000  0.00000  0.00000  0.00000  0.00000
 SIG*0    105|      0.000000     0.000000  0.00000  0.00000  0.00000  0.00000
 SIG*-    106|      0.000000     0.000000  0.00000  0.00000  0.00000  0.00000
 TETA*0   107|      0.000000     0.000000  0.00000  0.00000  0.00000  0.00000
 TETA*    108|      0.000000     0.000000  0.00000  0.00000  0.00000  0.00000
 OMEGA-   109|      0.001700     0.001700  0.00000  0.00000  0.65967  0.00012
 ASIG*-   110|      0.000000     0.000000  0.00000  0.00000  0.00000  0.00000
 ASIG*0   111|      0.000000     0.000000  0.00000  0.00000  0.00000  0.00000
 ASIG*+   112|      0.000000     0.000000  0.00000  0.00000  0.00000  0.00000
 ATET*0   113|      0.000000     0.000000  0.00000  0.00000  0.00000  0.00000
 ATET*+   114|      0.000000     0.000000  0.00000  0.00000  0.00000  0.00000
 OMEGA+   115|      0.002120     0.002120  0.00000  0.00000  0.67886  0.00015
 D0       116|      0.000060     0.000060  0.00000  0.00000  1.43478  0.00000
 D+       117|      0.000000     0.000000  0.00000  0.00000  0.00000  0.00000
 D-       118|      0.000020     0.000020  0.00000  0.00000  1.44046  0.00000
 AD0      119|      0.000080     0.000080  0.00000  0.00000  1.52044  0.00000
 F+       120|      0.000020     0.000020  0.00000  0.00000  2.00176  0.00000
 F-       121|      0.000000     0.000000  0.00000  0.00000  0.00000  0.00000
 ETAC     122|      0.000000     0.000000  0.00000  0.00000  0.00000  0.00000
 D*0      123|      0.000000     0.000000  0.00000  0.00000  0.00000  0.00000
 D*+      124|      0.000000     0.000000  0.00000  0.00000  0.00000  0.00000
 D*-      125|      0.000000     0.000000  0.00000  0.00000  0.00000  0.00000
 AD*0     126|      0.000000     0.000000  0.00000  0.00000  0.00000  0.00000
 F*+      127|      0.000000     0.000000  0.00000  0.00000  0.00000  0.00000
 F*-      128|      0.000000     0.000000  0.00000  0.00000  0.00000  0.00000
 PSI      129|      0.000000     0.000000  0.00000  0.00000  0.00000  0.00000
 JPSI     130|      0.000000     0.000000  0.00000  0.00000  0.00000  0.00000
 TAU+     131|      0.000000     0.000000  0.00000  0.00000  0.00000  0.00000
 TAU-     132|      0.000000     0.000000  0.00000  0.00000  0.00000  0.00000
 NUET     133|      0.000000     0.000000  0.00000  0.00000  0.00000  0.00000
 ANUET    134|      0.000000     0.000000  0.00000  0.00000  0.00000  0.00000
 NUEM     135|      0.000000     0.000000  0.00000  0.00000  0.00000  0.00000
 ANUEM    136|      0.000000     0.000000  0.00000  0.00000  0.00000  0.00000
 C0+      137|      0.000020     0.000020  0.00000  0.00000  0.87382  0.00000
 A+       138|      0.000000     0.000000  0.00000  0.00000  0.00000  0.00000
 A0       139|      0.000000     0.000000  0.00000  0.00000  0.00000  0.00000
 C1++     140|      0.000000     0.000000  0.00000  0.00000  0.00000  0.00000
 C1+      141|      0.000000     0.000000  0.00000  0.00000  0.00000  0.00000
 C10      142|      0.000000     0.000000  0.00000  0.00000  0.00000  0.00000
 S+       143|      0.000000     0.000000  0.00000  0.00000  0.00000  0.00000
 S0       144|      0.000000     0.000000  0.00000  0.00000  0.00000  0.00000
 T0       145|      0.000000     0.000000  0.00000  0.00000  0.00000  0.00000
 XU++     146|      0.000000     0.000000  0.00000  0.00000  0.00000  0.00000
 XD+      147|      0.000000     0.000000  0.00000  0.00000  0.00000  0.00000
 XS+      148|      0.000000     0.000000  0.00000  0.00000  0.00000  0.00000
 AC0-     149|      0.000000     0.000000  0.00000  0.00000  0.00000  0.00000
 AA-      150|      0.000000     0.000000  0.00000  0.00000  0.00000  0.00000
 AA0      151|      0.000000     0.000000  0.00000  0.00000  0.00000  0.00000
 AC1--    152|      0.000000     0.000000  0.00000  0.00000  0.00000  0.00000
 AC1-     153|      0.000000     0.000000  0.00000  0.00000  0.00000  0.00000
 AC10     154|      0.000000     0.000000  0.00000  0.00000  0.00000  0.00000
 AS-      155|      0.000000     0.000000  0.00000  0.00000  0.00000  0.00000
 AS0      156|      0.000000     0.000000  0.00000  0.00000  0.00000  0.00000
 AT0      157|      0.000000     0.000000  0.00000  0.00000  0.00000  0.00000
 AXU--    158|      0.000000     0.000000  0.00000  0.00000  0.00000  0.00000
 AXD-     159|      0.000000     0.000000  0.00000  0.00000  0.00000  0.00000
 AXS      160|      0.000000     0.000000  0.00000  0.00000  0.00000  0.00000
 C1*++    161|      0.000000     0.000000  0.00000  0.00000  0.00000  0.00000
 C1*+     162|      0.000000     0.000000  0.00000  0.00000  0.00000  0.00000
 C1*0     163|      0.000000     0.000000  0.00000  0.00000  0.00000  0.00000
 S*+      164|      0.000000     0.000000  0.00000  0.00000  0.00000  0.00000
 S*0      165|      0.000000     0.000000  0.00000  0.00000  0.00000  0.00000
 T*0      166|      0.000000     0.000000  0.00000  0.00000  0.00000  0.00000
 XU*++    167|      0.000000     0.000000  0.00000  0.00000  0.00000  0.00000
 XD*+     168|      0.000000     0.000000  0.00000  0.00000  0.00000  0.00000
 XS*+     169|      0.000000     0.000000  0.00000  0.00000  0.00000  0.00000
 TETA++   170|      0.000000     0.000000  0.00000  0.00000  0.00000  0.00000
 AC1*--   171|      0.000000     0.000000  0.00000  0.00000  0.00000  0.00000
 AC1*-    172|      0.000000     0.000000  0.00000  0.00000  0.00000  0.00000
 AC1*0    173|      0.000000     0.000000  0.00000  0.00000  0.00000  0.00000
 AS*-     174|      0.000000     0.000000  0.00000  0.00000  0.00000  0.00000
 AS*0     175|      0.000000     0.000000  0.00000  0.00000  0.00000  0.00000
 AT*0     176|      0.000000     0.000000  0.00000  0.00000  0.00000  0.00000
 AXU*--   177|      0.000000     0.000000  0.00000  0.00000  0.00000  0.00000
 AXD*-    178|      0.000000     0.000000  0.00000  0.00000  0.00000  0.00000
 AXS*-    179|      0.000000     0.000000  0.00000  0.00000  0.00000  0.00000
 ATET--   180|      0.000000     0.000000  0.00000  0.00000  0.00000  0.00000
 RO       181|      0.000000     0.000000  0.00000  0.00000  0.00000  0.00000
 R+       182|      0.000000     0.000000  0.00000  0.00000  0.00000  0.00000
 R-       183|      0.000000     0.000000  0.00000  0.00000  0.00000  0.00000
 AN*-14   184|      0.000000     0.000000  0.00000  0.00000  0.00000  0.00000
 AN*014   185|      0.000000     0.000000  0.00000  0.00000  0.00000  0.00000
 PI+130   186|      0.000000     0.000000  0.00000  0.00000  0.00000  0.00000
 PI0130   187|      0.000000     0.000000  0.00000  0.00000  0.00000  0.00000
 PI-130   188|      0.000000     0.000000  0.00000  0.00000  0.00000  0.00000
 F01400   189|      0.000000     0.000000  0.00000  0.00000  0.00000  0.00000
 K*+146   190|      0.000000     0.000000  0.00000  0.00000  0.00000  0.00000
 K*-146   191|      0.000000     0.000000  0.00000  0.00000  0.00000  0.00000
 K*0146   192|      0.000000     0.000000  0.00000  0.00000  0.00000  0.00000
 AK0146   193|      0.000000     0.000000  0.00000  0.00000  0.00000  0.00000
 L01600   194|      0.000000     0.000000  0.00000  0.00000  0.00000  0.00000
 AL0160   195|      0.000000     0.000000  0.00000  0.00000  0.00000  0.00000
 S+1660   196|      0.000000     0.000000  0.00000  0.00000  0.00000  0.00000
 S01660   197|      0.000000     0.000000  0.00000  0.00000  0.00000  0.00000
 S-1660   198|      0.000000     0.000000  0.00000  0.00000  0.00000  0.00000
 AS-166   199|      0.000000     0.000000  0.00000  0.00000  0.00000  0.00000
 AS0166   200|      0.000000     0.000000  0.00000  0.00000  0.00000  0.00000
 AS+166   201|      0.000000     0.000000  0.00000  0.00000  0.00000  0.00000
 X01950   202|      0.000000     0.000000  0.00000  0.00000  0.00000  0.00000
 X-1950   203|      0.000000     0.000000  0.00000  0.00000  0.00000  0.00000
 AX0195   204|      0.000000     0.000000  0.00000  0.00000  0.00000  0.00000
 AX+195   205|      0.000000     0.000000  0.00000  0.00000  0.00000  0.00000
 OM-225   206|      0.000000     0.000000  0.00000  0.00000  0.00000  0.00000
 DEUTERON 207|      0.000000     0.000000  0.00000  0.00000  0.00000  0.00000
 3-H      208|      0.000000     0.000000  0.00000  0.00000  0.00000  0.00000
 3-HE     209|      0.000000     0.000000  0.00000  0.00000  0.00000  0.00000
 4-HE     210|      0.000000     0.000000  0.00000  0.00000  0.00000  0.00000


 STATIS:                    statistics of the run
                            ---------------------

 number of events requested / sampled                50000 /    50062
 number of samp. evts per requested event                 1.0

                                                      proj.    targ.
 average number of wounded nucleons after x-sampling      1.00      1.62


 PHOJET-treatment of chain systems above   5.0 GeV

 1. chain system statistics - total numbers:
                              --------------

            s-s     d-s     s-d     s-v     d-v     v-s     v-d     v-v

 req.to.       0       0       0   22266    8970       0       0   50060

 low rq.       0       0       0    3033       0       0       0       0
 low ac.       0       0       0       0       0       0       0       0

 PHOJET        0       0       0   19233    8970       0       0   20342
   sngl        0       0       0       0       0       0       0   29718

 no-dif.       0       0       0   15182    7763       0       0   39505
 el-sca.       0       0       0       0       0       0       0       0
 qel-sc.       0       0       0       0       0       0       0       0
 dbl-Po.       0       0       0       0       0       0       0     138
 diff-1        0       0       0    1667     835       0       0    4133
  low          0       0       0     882       0       0       0    1464
  high         0       0       0     785     832       0       0    2663
  h-diff       0       0       0       0       3       0       0       6
 diff-2        0       0       0    1601       0       0       0    4343
  low          0       0       0     768       0       0       0    1456
  high         0       0       0     833       0       0       0    2885
  h-diff       0       0       0       0       0       0       0       2
 dbl-di.       0       0       0     783     372       0       0    1941
  lo-lo        0       0       0     233       0       0       0     270
  hi-hi        0       0       0     139     192       0       0     703
  lo-hi        0       0       0     207       0       0       0     466
  hi-lo        0       0       0     204     179       0       0     499
 dir-ga.       0       0       0       0       0       0       0       0

 dir-1         0       0       0       0       0       0       0       0
 dir-2         0       0       0       0       0       0       0       0
 dbl-dir       0       0       0       0       0       0       0       0
 s-Pom.        0       0       0   22162   12657       0       0   69710
 h-Pom.        0       0       0      61      81       0       0     433
 s-Reg.        0       0       0    2877     355       0       0    5751
 enh-trg       0       0       0      19      18       0       0     468
 enh-log       0       0       0       7       5       0       0     269

 2. chain system statistics - mean numbers per evt:
                              ---------------------

                s-s       d-s       s-d

 req.to.      0.00E+00  0.00E+00  0.00E+00

 low rq.      0.00E+00  0.00E+00  0.00E+00
 low ac.      0.00E+00  0.00E+00  0.00E+00

 PHOJET       0.00E+00  0.00E+00  0.00E+00

 no-dif.      0.00E+00  0.00E+00  0.00E+00
 el-sca.      0.00E+00  0.00E+00  0.00E+00
 qel-sc.      0.00E+00  0.00E+00  0.00E+00
 dbl-Po.      0.00E+00  0.00E+00  0.00E+00
 diff-1       0.00E+00  0.00E+00  0.00E+00
 diff-2       0.00E+00  0.00E+00  0.00E+00
 dbl-di.      0.00E+00  0.00E+00  0.00E+00
 dir-ga.      0.00E+00  0.00E+00  0.00E+00

 dir-1        0.00E+00  0.00E+00  0.00E+00
 dir-2        0.00E+00  0.00E+00  0.00E+00
 dbl-dir      0.00E+00  0.00E+00  0.00E+00
 s-Pom.       0.00E+00  0.00E+00  0.00E+00
 h-Pom.       0.00E+00  0.00E+00  0.00E+00
 s-Reg.       0.00E+00  0.00E+00  0.00E+00
 enh-trg      0.00E+00  0.00E+00  0.00E+00
 enh-log      0.00E+00  0.00E+00  0.00E+00

                s-v       d-v       v-s       v-d       v-v

 req.to.      0.44E+00  0.18E+00  0.00E+00  0.00E+00  0.10E+01

 low rq.      0.61E-01  0.00E+00  0.00E+00  0.00E+00  0.00E+00
 low ac.      0.00E+00  0.00E+00  0.00E+00  0.00E+00  0.00E+00

 PHOJET       0.38E+00  0.18E+00  0.00E+00  0.00E+00  0.41E+00

 no-dif.      0.30E+00  0.16E+00  0.00E+00  0.00E+00  0.79E+00
 el-sca.      0.00E+00  0.00E+00  0.00E+00  0.00E+00  0.00E+00
 qel-sc.      0.00E+00  0.00E+00  0.00E+00  0.00E+00  0.00E+00
 dbl-Po.      0.00E+00  0.00E+00  0.00E+00  0.00E+00  0.28E-02
 diff-1       0.33E-01  0.17E-01  0.00E+00  0.00E+00  0.83E-01
 diff-2       0.32E-01  0.00E+00  0.00E+00  0.00E+00  0.87E-01
 dbl-di.      0.16E-01  0.74E-02  0.00E+00  0.00E+00  0.39E-01
 dir-ga.      0.00E+00  0.00E+00  0.00E+00  0.00E+00  0.00E+00

 dir-1        0.00E+00  0.00E+00  0.00E+00  0.00E+00  0.00E+00
 dir-2        0.00E+00  0.00E+00  0.00E+00  0.00E+00  0.00E+00
 dbl-dir      0.00E+00  0.00E+00  0.00E+00  0.00E+00  0.00E+00
 s-Pom.       0.44E+00  0.25E+00  0.00E+00  0.00E+00  0.14E+01
 h-Pom.       0.12E-02  0.16E-02  0.00E+00  0.00E+00  0.86E-02
 s-Reg.       0.57E-01  0.71E-02  0.00E+00  0.00E+00  0.11E+00
 enh-trg      0.38E-03  0.36E-03  0.00E+00  0.00E+00  0.93E-02
 enh-log      0.14E-03  0.10E-03  0.00E+00  0.00E+00  0.54E-02

 CHASTA: generated chain configurations

 -----------------------------------------------------------------------------
 p\t         21     22     31     32     41     42     51     52     61     62
 -----------------------------------------------------------------------------
 21           4  77415      0      0      0   7711    313    184     12    192

  q aq        0      0      0      0      0   3898    148     64      4     30
  q d         1  38700      0      0      0      0      0      0      0      0
  d q         3  38715      0      0      0   3813    165    120      8    162

 -----------------------------------------------------------------------------
 p\t         21     22     31     32     41     42     51     52     61     62
 -----------------------------------------------------------------------------
 22           0      6      0      0      0      0      0    633      0     16

  q aq        0      0      0      0      0      0      0    303      0     10
  q d         0      4      0      0      0      0      0      0      0      0
  d q         0      2      0      0      0      0      0    330      0      6

 -----------------------------------------------------------------------------
 p\t         21     22     31     32     41     42     51     52     61     62
 -----------------------------------------------------------------------------
 31           0  48578      3      0      0   3918    529    223      5     69

  q aq        0    337      0      0      0   1052     52     38      2      3
 aq q         0  15121      1      0      0   1052     50     19      1     20
  q d         0  18057      0      0      0      0      0      0      0      0
  d q         0   7388      1      0      0    904    214     91      2     32
 ad aq        0      0      1      0      0    910    213     75      0     14
  d ad        0     33      0      0      0      0      0      0      0      0
 ad d         0   7642      0      0      0      0      0      0      0      0

 -----------------------------------------------------------------------------
 p\t         21     22     31     32     41     42     51     52     61     62
 -----------------------------------------------------------------------------
 32           0      0      0      0      0      0      0      0      0      0


 -----------------------------------------------------------------------------
 p\t         21     22     31     32     41     42     51     52     61     62
 -----------------------------------------------------------------------------
 41           0  10279      0      0      1    210      0   1070      0      2

  q aq        0      0      0      0      0    108      0    526      0      0
 aq q         0   5211      0      0      1    102      0    544      0      2
  q d         0   5068      0      0      0      0      0      0      0      0

 -----------------------------------------------------------------------------
 p\t         21     22     31     32     41     42     51     52     61     62
 -----------------------------------------------------------------------------
 42           0      0      0      0      0      2      0      0      0      0

  q aq        0      0      0      0      0      1      0      0      0      0
  d q         0      0      0      0      0      1      0      0      0      0

 -----------------------------------------------------------------------------
 p\t         21     22     31     32     41     42     51     52     61     62
 -----------------------------------------------------------------------------
 51           0    385      0      0      0    961   2375  64349      0      0

  q aq        0      7      0      0      0    490    470  30939      0      0
 aq q         0    118      0      0      0    471    490  30901      0      0
  q d         0    254      0      0      0      0      0   1609      0      0
  d q         0      0      0      0      0      0   1415    900      0      0
 aq ad        0      6      0      0      0      0      0      0      0      0

 -----------------------------------------------------------------------------
 p\t         21     22     31     32     41     42     51     52     61     62
 -----------------------------------------------------------------------------
 52           0      0      0      0      0      0      0   2250      0      0

  q aq        0      0      0      0      0      0      0     38      0      0
 aq q         0      0      0      0      0      0      0     41      0      0
  d q         0      0      0      0      0      0      0   2171      0      0

 -----------------------------------------------------------------------------
 p\t         21     22     31     32     41     42     51     52     61     62
 -----------------------------------------------------------------------------
 61           0    258      0      0      0      3      0      0      1     36

  q aq        0      3      0      0      0      3      0      0      0     13
 aq q         0     40      0      0      0      0      0      0      1     23
  q d         0    215      0      0      0      0      0      0      0      0

 -----------------------------------------------------------------------------
 p\t         21     22     31     32     41     42     51     52     61     62
 -----------------------------------------------------------------------------
 62           0      0      0      0      0      0      0      0      0      0



 ====================================================
   --------- summary of event generation ----------
 ====================================================

 called,generated,accepted events:       78263       78263       78263
 average CMS energy:        41.7

 PHO_EVENT: generated and accepted events
 ----------------------------------------
   process, sampled, accepted, cross section (internal/external)
   non.diff.       62450       62450    2.805E+01    7.980E-01
   elas sca.           0           0    0.000E+00    0.000E+00
   qela sca.           0           0    0.000E+00    0.000E+00
   doub.pom.         138         138    6.199E-02    1.763E-03
   diff.par1        6635        6635    2.981E+00    8.478E-02
   diff.par2        5944        5944    2.670E+00    7.595E-02
   doub.dif.        3096        3096    1.391E+00    3.956E-02
   dir all             0           0    0.000E+00    0.000E+00
   dir X res           0           0    0.000E+00    0.000E+00
   res X dir           0           0    0.000E+00    0.000E+00
   dir X dir           0           0    0.000E+00    0.000E+00
   soft pom.      104552      104529    4.696E+01    1.336E+00
   hard pom.         596         575    2.583E-01    7.347E-03
   soft reg.        9484        8983    4.035E+00    1.148E-01
   enh. trg.         505         505    2.269E-01    6.453E-03
   enh. log.         281         281    1.262E-01    3.590E-03
   doub.pom.         164         164    7.367E-02    2.095E-03
   recursive pomeron splitting:  2
     1->2pom-cut :        2264
     1->doub-pom :          13
     1->diff-dis1:         257
     1->diff-dis2:         248
     1->doub-diff:         281

  sampled cross section (mb)   3.516E+01
 accepted cross section (mb)   3.516E+01


 PHO_REJSTA: rejection statistics
 --------------------------------
   1 PARTON ALL                 522
   2 STDPAR ALL                1350
   4 POMSCA ALL                  65
  11 HRES.DIF.2                   1
  13 DIFDIS INT                 861
  21 DIF.DISS.1                 806
  22 DIF.DISS.2                  22
  24 MSHELL CHA                1446
  30 STRING ALL                 312
  31 POMSCA INT                 116
  32 DIFF SLOPE                1104
  34 MASCOR ALL                 307
  35 PARCOR ALL                   5
  36 MSHELL PAR                 104
  37 MSHELL ALL                 104
  39 DB-POM KIN                  86
  41 SOFTXX ALL                  30
  42 SOFTXX PSP                  64

 PHO_SAMPRO: internal process statistics (IP,<Ecm>)   1   4.172E+01
 ---------------------------------------
                process      sampled    cross section

         all processes      78263.        3.427E+01
      nondif.inelastic      62450.        2.735E+01
               elastic          0.        0.000E+00
     vmeson production          0.        0.000E+00
        double pomeron        138.        6.043E-02
      single diffr.(1)       6635.        2.906E+00
      single diffr.(2)       5944.        2.603E+00
      double diffract.       3096.        1.356E+00
      direct processes          0.        0.000E+00

 PHO_SAMPRO: internal process statistics (IP,<Ecm>)   2   8.869E+00
 ---------------------------------------
                process      sampled    cross section

         all processes       9976.        1.633E+01
      nondif.inelastic       9976.        1.633E+01
               elastic          0.        0.000E+00
     vmeson production          0.        0.000E+00
        double pomeron          0.        0.000E+00
      single diffr.(1)          0.        0.000E+00
      single diffr.(2)          0.        0.000E+00
      double diffract.          0.        0.000E+00
      direct processes          0.        0.000E+00

 PHO_SAMPRO: internal process statistics (IP,<Ecm>)   3   8.524E+00
 ---------------------------------------
                process      sampled    cross section

         all processes       4360.        1.646E+01
      nondif.inelastic       4360.        1.646E+01
               elastic          0.        0.000E+00
     vmeson production          0.        0.000E+00
        double pomeron          0.        0.000E+00
      single diffr.(1)          0.        0.000E+00
      single diffr.(2)          0.        0.000E+00
      double diffract.          0.        0.000E+00
      direct processes          0.        0.000E+00

 PHO_SAMPRO: internal process statistics (IP,<Ecm>)   4   4.671E+00
 ---------------------------------------
                process      sampled    cross section

         all processes         77.        1.048E+01
      nondif.inelastic         77.        1.048E+01
               elastic          0.        0.000E+00
     vmeson production          0.        0.000E+00
        double pomeron          0.        0.000E+00
      single diffr.(1)          0.        0.000E+00
      single diffr.(2)          0.        0.000E+00
      double diffract.          0.        0.000E+00
      direct processes          0.        0.000E+00

 PHO_SAMPRB: interaction statistics
 ----------------------------------
 statistics for IP,<Ecm_1>,<Ecm_2>  1    4.172E+01    4.172E+01
     average number of s-pom,h-pom,reg cuts (bare)
           62972.  2.4137E+00  1.1132E-02  4.9863E-02
     average (with energy/virtuality corrections)
           62972.  1.7445E+00  1.1068E-02  2.4582E-02
 statistics for IP,<Ecm_1>,<Ecm_2>  2    6.742E+00    6.742E+00
     average number of s-pom,h-pom,reg cuts (bare)
           14507.  1.2222E+00  1.0340E-03  1.0524E+00
     average (with energy/virtuality corrections)
           14507.  6.5968E-01  1.0340E-03  4.0966E-01
 statistics for IP,<Ecm_1>,<Ecm_2>  3    6.311E+00    6.311E+00
     average number of s-pom,h-pom,reg cuts (bare)
            6624.  1.2136E+00  6.0386E-04  1.0773E+00
     average (with energy/virtuality corrections)
            6624.  6.3074E-01  4.5290E-04  4.3357E-01
 statistics for IP,<Ecm_1>,<Ecm_2>  4    3.611E+00    3.611E+00
     average number of s-pom,h-pom,reg cuts (bare)
             152.  6.4474E-01  0.0000E+00  2.4868E+00
     average (with energy/virtuality corrections)
             152.  3.9474E-01  0.0000E+00  6.1184E-01

 PHO_PARTON: internal statistics on parton configurations
 --------------------------------------------------------
     process          sampled      accepted
     soft pom.      109852       91989
     hard pom.         697         560
     soft reg.        1548        1523
     enh. tri.           0         504
     enh. loo.           0         281
     diff.pa1.        6635        6635
     diff.pa2.        5944        5944
     doub.dif.        3096        3096
     doub.pom.         138         138
     dir.phot.           0           0


 PHO_POMCOR: total/joined strings  234063       0

 PHO_MASCOR: total/converted strings  234063   23416


 PHO_EVENT: statistics of hard scattering processes
 --------------------------------------------------

     process (accepted,x-section internal/external) for IP:  1
   0 sum over processes          7390        1387    6.231E-01    7.155E-03
   1 G  +G  --> G  +G            2845         452    2.031E-01    2.338E-03
   2 Q  +QB --> G  +G              11           2    8.985E-04    1.278E-05
   3 G  +Q  --> G  +Q            3464         670    3.010E-01    3.348E-03
   4 G  +G  --> Q  +QB             70          20    8.985E-03    7.666E-05
   5 Q  +QB --> Q  +QB            142          26    1.168E-02    1.406E-04
   6 Q  +QB --> QP +QBP             6           6    2.695E-03    2.555E-05
   7 Q  +Q  --> Q  +Q             285          70    3.145E-02    4.089E-04
   8 Q  +QP --> Q  +QP            567         141    6.334E-02    8.050E-04
   9 resolved processes          7390        1387    6.231E-01    7.155E-03
  10 gam+Q  --> G  +Q               0           0    0.000E+00    0.000E+00
  11 gam+G  --> Q  +QB              0           0    0.000E+00    0.000E+00
  12 Q  +gam--> G  +Q               0           0    0.000E+00    0.000E+00
  13 G  +gam--> Q  +QB              0           0    0.000E+00    0.000E+00
  14 gam+gam--> Q  +QB              0           0    0.000E+00    0.000E+00
  15 direct processes               0           0    0.000E+00    0.000E+00
  16 gam+gam--> l+ +l-              0           0    0.000E+00    0.000E+00

     process (accepted,x-section internal/external) for IP:  2
   0 sum over processes           321          26    1.168E-02    1.661E-04
   1 G  +G  --> G  +G             208          16    7.188E-03    1.022E-04
   2 Q  +QB --> G  +G               0           0    0.000E+00    0.000E+00
   3 G  +Q  --> G  +Q              88           6    2.695E-03    3.833E-05
   4 G  +G  --> Q  +QB             11           2    8.985E-04    1.278E-05
   5 Q  +QB --> Q  +QB              4           0    0.000E+00    0.000E+00
   6 Q  +QB --> QP +QBP             0           0    0.000E+00    0.000E+00
   7 Q  +Q  --> Q  +Q               3           0    0.000E+00    0.000E+00
   8 Q  +QP --> Q  +QP              7           2    8.985E-04    1.278E-05
   9 resolved processes           321          26    1.168E-02    1.661E-04
  10 gam+Q  --> G  +Q               0           0    0.000E+00    0.000E+00
  11 gam+G  --> Q  +QB              0           0    0.000E+00    0.000E+00
  12 Q  +gam--> G  +Q               0           0    0.000E+00    0.000E+00
  13 G  +gam--> Q  +QB              0           0    0.000E+00    0.000E+00
  14 gam+gam--> Q  +QB              0           0    0.000E+00    0.000E+00
  15 direct processes               0           0    0.000E+00    0.000E+00
  16 gam+gam--> l+ +l-              0           0    0.000E+00    0.000E+00

     process (accepted,x-section internal/external) for IP:  3
   0 sum over processes            62           5    2.246E-03    2.555E-05
   1 G  +G  --> G  +G              54           2    8.985E-04    1.278E-05
   2 Q  +QB --> G  +G               0           0    0.000E+00    0.000E+00
   3 G  +Q  --> G  +Q               7           1    4.492E-04    0.000E+00
   4 G  +G  --> Q  +QB              0           0    0.000E+00    0.000E+00
   5 Q  +QB --> Q  +QB              0           0    0.000E+00    0.000E+00
   6 Q  +QB --> QP +QBP             0           0    0.000E+00    0.000E+00
   7 Q  +Q  --> Q  +Q               0           0    0.000E+00    0.000E+00
   8 Q  +QP --> Q  +QP              1           2    8.985E-04    1.278E-05
   9 resolved processes            62           5    2.246E-03    2.555E-05
  10 gam+Q  --> G  +Q               0           0    0.000E+00    0.000E+00
  11 gam+G  --> Q  +QB              0           0    0.000E+00    0.000E+00
  12 Q  +gam--> G  +Q               0           0    0.000E+00    0.000E+00
  13 G  +gam--> Q  +QB              0           0    0.000E+00    0.000E+00
  14 gam+gam--> Q  +QB              0           0    0.000E+00    0.000E+00
  15 direct processes               0           0    0.000E+00    0.000E+00
  16 gam+gam--> l+ +l-              0           0    0.000E+00    0.000E+00


 ======================================================
    ------- end of event generation summary --------
 ======================================================

