 +-----------------------------------------------------------------------+
 |                                                                       |
 |                          DPMJET version 3.0-6                         |
 |                                                                       |
 |                      (Last change:  5 May 2012)                       |
 |                                                                       |
 |            Authors: Stefan Roesler   (CERN)                           |
 |                     Ralph Engel      (FZ Karlsruhe)                   |
 |                     Johannes Ranft   (Siegen Univ.)                   |
 |                                                                       |
 +-----------------------------------------------------------------------+
 | Please send suggestions, bug reports, etc. to: Stefan.Roesler@cern.ch |
 +-----------------------------------------------------------------------+

**********************************************************************        
*                       p - p  , sqrt(s)=14TeV (LHC)                          
*                                                                             
* Format: A10,6E10.0,A8                                                       
*        (except for the section enclosed by "PHOINPUT" and "ENDINPUT"        
*         which is format-free)                                               
*         lines starting with "*" are comment lines                           
**********************************************************************        
*                                                                             
* projectile / target                                                         
* -------------------                                                         
PROJPAR     0.00      0.00      0.00      0.00      0.00      0.00    PROTON  
TARPAR      0.00      0.00      0.00      0.00      0.00      0.00    PROTON  
*                                                                             
* energy of interaction                                                       
* ---------------------                                                       
* CMENERGY     14000.0                                                        
BEAM       0.700E+04 0.700E+04  200.      0.00      0.00      0.00            
*                                                                             
* PHOJET-specific input                                                       
* ---------------------                                                       
* The following lines control the event-generation with PHOJET for            
* individual photon/nucleon-nucleon collisions.                               
* Any options explained in the PHOJET-manual can be used in between           
* the "PHOINPUT" and "ENDINPUT" cards.                                        
PHOINPUT    0.00      0.00      0.00      0.00      0.00      0.00            

  ===================================================
                                                     
       ----      PHOJET version 1.12      ----      
                                                     
  ===================================================
      Authors: Ralph Engel      (FZ Karlsruhe)
               Johannes Ranft   (Siegen Univ.)
               Stefan Roesler   (CERN)
  ---------------------------------------------------
    Manual, updates, and further information:
     http://www-ik.fzk.de/~engel/phojet.html
  ---------------------------------------------------
     please send suggestions / bug reports etc. to:
              ralph.engel@fzk.de
  ===================================================
    $Date: 2000/06/25 21:59:19 $
    $Revision: 1.12.1.35 $
    (code version with interface to PYTHIA 6.x)
    (code version for usage in DPMJET 3.x)
  ===================================================

 PROCESS    1 0 1 1 1 1 1 1
  RETURN
*                                                                             
* Output                                                                      
* ------                                                                      
*   some default output (particle multiplicities etc.)                        
HISTOGRAM   101.      102.      0.00      0.00      0.00      0.00            
*                                                                             
* Start of event generation                                                   
* -------------------------                                                   
START      0.100E+05  0.00      0.00      0.00      0.00      0.00            

Warning!  No evaporation performed since evaporation modules not available with this version.
 DT_JSPARA: new value (default value)


 NCLPOT:    quantities for inclusion of nuclear effects
            -------------------------------------------

                                      projectile      target

 Mass number / charge                   1 /  1        1 /  1
 Binding energy  - proton   (GeV)     0.0000E+00    0.0000E+00
                 - neutron  (GeV)     0.0000E+00    0.0000E+00
 Fermi-potential - proton   (GeV)     0.0000E+00    0.0000E+00
                 - neutron  (GeV)     0.0000E+00    0.0000E+00

 Scale factor for Fermi-momentum    0.55

 Coulomb-energy     0.0000E+00 GeV      0.0000E+00 GeV  


 DT_PHOINI:    PHOJET initialized for projectile A,Z =   1, 1
 1.5xp_F(max) =  0.000E+00  p(max) =  0.000E+00 0.000E+00 0.700E+04 0.700E+04
 DT_PHOINI:    PHOJET initialized for target     A,Z =   1, 1
 1.5xp_F(max) =  0.000E+00  p(max) =  0.000E+00 0.000E+00-0.700E+04 0.700E+04
 E_cm =  0.140E+05


 =======================================================
   ------- initialization of event generation --------
 =======================================================

 PHO_SETMDL: current settings
 ----------------------------

       1:AMPL MOD     3       2:MIN-BIAS     1       3:PTS DISH     1
       4:PTS DISP     1       5:PTS ASSI     2       6:HADRONIZ     3
       7:MASS COR     2       8:PAR SHOW     3       9:GLU SPLI     0
      10:VIRT PHO     2      11:LARGE NC     0      12:LIPA POM     0
      13:QELAS VM     1      14:ENHA GRA     2      15:MULT SCA     4
      16:MULT DIF     4      17:MULT CDF     4      18:BALAN PT     0
      19:POMV FLA     1      20:SEA  FLA     0      21:SPIN DEC     2
      22:DIF.MASS     1      23:DIFF RES     1      24:PTS HPOM     0
      25:POM CORR     0      26:OVERLAP      1      27:MUL R/AN     0
      28:SUR PROB     1      29:PRIMO KT     1      30:DIFF. CS     0

 PHO_FITPAR: looking for PDF   2212  GRV94 LO      5      6      0
 PHO_FITPAR: looking for PDF   2212  GRV94 LO      5      6      0

 PHO_FITPAR: parameter set found in internal table

 PHO_FITPAR: parameter set
 -------------------------
  ALPOM:  1.100 ALPOMP:  0.250 GP:    6.387    6.387 B0POM:    1.161    1.161
  ALREG:  0.450 ALREGP:  0.900 GR:   10.263   10.263 B0REG:    1.171    1.171
  GPPP :  0.156 B0PPP:  0.500 GPPR :  0.612 B0PPR:  0.300
 VDMFAC:   1.00000   0.00000   1.00000   0.00000
 VDMQ2F:   1.00000   0.00000   1.00000   0.00000
  B0HAR:   3.500
  AKFAC:   2.000
 PHISUP:   0.600   0.600
  RMASS:   1.100   1.100   3.000

 PHO_FRAINI: fragmentation initialization ISWMDL(6)  3
 --------------------------------------------------
     parameter description               default / current
     PARJ( 2) strangeness suppression :   0.300  0.300
     MSTJ(12) popcorn                 :       2      2
     PARJ(19) popcorn                 :   1.000  1.000
     PARJ(41) Lund a                  :   0.300  0.300
     PARJ(42) Lund b                  :   0.580  1.000
     PARJ(21) sigma in pt distribution:   0.360  0.360


 PHO_MCINI: selected energy range (SQRT(S))         5.0     14000.0
     particle 1 (name,mass,virtuality): p+               0.938     0.0000E+00
     particle 2 (name,mass,virtuality): p+               0.938     0.0000E+00

 PHO_HARINI: hard scattering parameters for IP:  4
     particle 1 / particle 2:     990     990
     min. PT   :    2.5  (energy-dependent)  
     PDF side 1:  CKMT-POM IGRP/ISET/IEXT    4   0   0
     PDF side 2:  CKMT-POM IGRP/ISET/IEXT    4   0   0
     LAMBDA1,2 (4 active flavours):   0.230   0.230
     max. number of active flavours NF  :  4
     NQQAL/AQQAL/NQQPD/AQQPD:    1   1.000    1   1.000

 PHO_HARINI: hard scattering parameters for IP:  3
     particle 1 / particle 2:    2212     990
     min. PT   :    2.5  (energy-dependent)  
     PDF side 1:  GRV94 LO IGRP/ISET/IEXT    5   6   0
     PDF side 2:  CKMT-POM IGRP/ISET/IEXT    4   0   0
     LAMBDA1,2 (4 active flavours):   0.200   0.230
     max. number of active flavours NF  :  4
     NQQAL/AQQAL/NQQPD/AQQPD:    1   1.000    1   1.000

 PHO_HARINI: hard scattering parameters for IP:  2
     particle 1 / particle 2:    2212     990
     min. PT   :    2.5  (energy-dependent)  
     PDF side 1:  GRV94 LO IGRP/ISET/IEXT    5   6   0
     PDF side 2:  CKMT-POM IGRP/ISET/IEXT    4   0   0
     LAMBDA1,2 (4 active flavours):   0.200   0.230
     max. number of active flavours NF  :  4
     NQQAL/AQQAL/NQQPD/AQQPD:    1   1.000    1   1.000

 PHO_HARINI: hard scattering parameters for IP:  1
     particle 1 / particle 2:    2212    2212
     min. PT   :    2.5  (energy-dependent)  
     PDF side 1:  GRV94 LO IGRP/ISET/IEXT    5   6   0
     PDF side 2:  GRV94 LO IGRP/ISET/IEXT    5   6   0
     LAMBDA1,2 (4 active flavours):   0.200   0.200
     max. number of active flavours NF  :  4
     NQQAL/AQQAL/NQQPD/AQQPD:    1   1.000    1   1.000

 Table of total cross sections (mb) for particle combination  1
  Ecm    SIGtot  SIGela  SIGine  SIGqel  SIGsd1  SIGsd2  SIGdd
 -------------------------------------------------------------
  5.00E+00 3.98E+01 7.77E+00 3.20E+01 0.00E+00 1.35E+00 1.35E+00 1.80E-01
  7.59E+00 3.87E+01 7.19E+00 3.15E+01 0.00E+00 1.58E+00 1.58E+00 2.92E-01
  1.15E+01 3.86E+01 6.91E+00 3.17E+01 0.00E+00 1.85E+00 1.85E+00 4.80E-01
  1.75E+01 3.91E+01 6.81E+00 3.23E+01 0.00E+00 2.16E+00 2.16E+00 7.26E-01
  2.66E+01 4.02E+01 6.84E+00 3.33E+01 0.00E+00 2.51E+00 2.51E+00 1.01E+00
  4.04E+01 4.15E+01 6.96E+00 3.46E+01 0.00E+00 2.89E+00 2.89E+00 1.32E+00
  6.13E+01 4.33E+01 7.17E+00 3.61E+01 0.00E+00 3.30E+00 3.29E+00 1.67E+00
  9.31E+01 4.54E+01 7.47E+00 3.79E+01 0.00E+00 3.71E+00 3.70E+00 2.04E+00
  1.41E+02 4.79E+01 7.93E+00 4.00E+01 0.00E+00 4.12E+00 4.11E+00 2.42E+00
  2.15E+02 5.11E+01 8.62E+00 4.25E+01 0.00E+00 4.51E+00 4.50E+00 2.78E+00
  3.26E+02 5.52E+01 9.63E+00 4.55E+01 0.00E+00 4.84E+00 4.82E+00 3.09E+00
  4.95E+02 6.02E+01 1.11E+01 4.91E+01 0.00E+00 5.09E+00 5.07E+00 3.32E+00
  7.52E+02 6.63E+01 1.30E+01 5.32E+01 0.00E+00 5.24E+00 5.22E+00 3.47E+00
  1.14E+03 7.32E+01 1.55E+01 5.77E+01 0.00E+00 5.31E+00 5.28E+00 3.58E+00
  1.74E+03 8.08E+01 1.84E+01 6.24E+01 0.00E+00 5.32E+00 5.30E+00 3.67E+00
  2.63E+03 8.87E+01 2.16E+01 6.70E+01 0.00E+00 5.32E+00 5.30E+00 3.75E+00
  4.00E+03 9.65E+01 2.49E+01 7.16E+01 0.00E+00 5.32E+00 5.30E+00 3.82E+00
  6.08E+03 1.04E+02 2.82E+01 7.60E+01 0.00E+00 5.35E+00 5.33E+00 3.90E+00
  9.23E+03 1.12E+02 3.13E+01 8.03E+01 0.00E+00 5.41E+00 5.39E+00 3.98E+00
  1.40E+04 1.19E+02 3.44E+01 8.45E+01 0.00E+00 5.52E+00 5.50E+00 4.06E+00

 activated processes, cross section
 ----------------------------------
       nondiffr. resolved processes  1    1  1  1
                 elastic scattering  0    0  0  0
     qelast. vectormeson production  1    0  0  0
           double pomeron processes  1    0  0  0
      single diffract. particle (1)  1    0  0  0
      single diffract. particle (2)  1    0  0  0
         double diffract. processes  1    0  0  0
            direct photon processes  1    1  1  1
   maximum search (Elow/Eup/Epeak) 5.0000E+00 1.4014E+04 1.4014E+04
           max. cross section (mb)  8.4459E+01


 PHO_HARSCA: activated hard processes
 ------------------------------------
     PROCESS,    IP= 1 ... 4 (on/off)
   1     G  +G  --> G  +G    1  1  1  1
   2     Q  +QB --> G  +G    1  1  1  1
   3     G  +Q  --> G  +Q    1  1  1  1
   4     G  +G  --> Q  +QB   1  1  1  1
   5     Q  +QB --> Q  +QB   1  1  1  1
   6     Q  +QB --> QP +QBP  1  1  1  1
   7     Q  +Q  --> Q  +Q    1  1  1  1
   8     Q  +QP --> Q  +QP   1  1  1  1
   9     resolved processes  1  1  1  1
  10     gam+Q  --> G  +Q    1  1  1  1
  11     gam+G  --> Q  +QB   1  1  1  1
  12     Q  +gam--> G  +Q    1  1  1  1
  13     G  +gam--> Q  +QB   1  1  1  1
  14     gam+gam--> Q  +QB   1  1  1  1
  15     direct processes    1  1  1  1
  16     gam+gam--> l+ +l-   0  0  0  0


 SHMAKI:    Glauber formalism (Shmakov et. al) - initialization
            ---------------------------------------------------

                                      projectile      target
 Mass number / charge                   1 /  1        1 /  1

 Nucleon-nucleon c.m. energy           14000.00 GeV

 Parameters of elastic scattering amplitude:
     sigma = 117.25 mb      rho =    0.1000      slope = 19.5 GeV^-2

 Number of b-steps     49        statistics at each b-step     1000

 Prod. cross section          80.8237 mb

 DT_SIGEMU:    Combined cross sections
               -----------------------

 E_cm =  14000.0 GeV  Q^2 =   0.0 GeV^2 :

 total                                    0.0000 +-    0.00000 mb
 elastic                                  0.0000 +-    0.00000 mb
 quasi-elastic (A+B-->A+X)                0.0000 +-    0.00000 mb
 quasi-elastic (A+B-->X+B)                0.0000 +-    0.00000 mb
 quasi-elastic (A+B-->X, excl. 2-4)       0.0000 +-    0.00000 mb
 production                              80.8237 +-    0.00000 mb
 diff-el                                  0.0000 +-    0.00000 mb
 diff-qel                                 0.0000 +-    0.00000 mb
 DT_INITJS: JETSET-parameter for PHOJET
 DT_JSPARA: new value (default value)
            PARJ(  1):  0.085 ( 0.100)
            PARJ(  2):  0.260 ( 0.300)
            PARJ(  3):  0.800 ( 0.400)
            PARJ(  5):  0.150 ( 0.500)
            PARJ( 11):  0.380 ( 0.500)
            MSTJ( 12):      3 (     2)
            PARJ( 18):  0.300 ( 1.000)
            PARJ( 19):  0.400 ( 1.000)
            MSTU( 22):  50000 (    10)
            MSTJ( 22):      2 (     1)
            PARJ( 42):  0.860 ( 0.580)
            PARU(108):  0.008 ( 0.000)
1                                                                              
 ******************************************************************************
 ******************************************************************************
 **                                                                          **
 **                                                                          **
 **              *......*                  Welcome to the Lund Monte Carlo!  **
 **         *:::!!:::::::::::*                                               **
 **      *::::::!!::::::::::::::*          PPP  Y   Y TTTTT H   H III   A    **
 **    *::::::::!!::::::::::::::::*        P  P  Y Y    T   H   H  I   A A   **
 **   *:::::::::!!:::::::::::::::::*       PPP    Y     T   HHHHH  I  AAAAA  **
 **   *:::::::::!!:::::::::::::::::*       P      Y     T   H   H  I  A   A  **
 **    *::::::::!!::::::::::::::::*!       P      Y     T   H   H III A   A  **
 **      *::::::!!::::::::::::::* !!                                         **
 **      !! *:::!!:::::::::::*    !!       This is PYTHIA version 6.115      **
 **      !!     !* -><- *         !!       Last date of change: 27 Jan 1998  **
 **      !!     !!                !!                                         **
 **      !!     !!                !!                                         **
 **      !!                       !!                                         **
 **      !!        ep             !!       Disclaimer: this program comes    **
 **      !!                       !!       without any guarantees. Beware    **
 **      !!                 pp    !!       of errors and use common sense    **
 **      !!   e+e-                !!       when interpreting results.        **
 **      !!                       !!                                         **
 **      !!                                Copyright T. Sjostrand (1997)     **
 **                                                                          **
 ** An archive of program versions and documentation is found on the web:    **
 ** http://www.thep.lu.se/tf2/staff/torbjorn/Pythia.html                     **
 **                                                                          **
 ** When you cite this program, currently the official reference is          **
 ** T. Sjostrand, Computer Physics Commun. 82 (1994) 74.                     **
 ** The supersymmetry extensions are described in                            **
 ** S. Mrenna, Computer Physics Commun. 101 (1997) 232                       **
 ** Also remember that the program, to a large extent, represents original   **
 ** physics research. Other publications of special relevance to your        **
 ** studies may therefore deserve separate mention.                          **
 **                                                                          **
 ** Main author: Torbjorn Sjostrand; Department of Theoretical Physics 2,    **
 **   Lund University, Solvegatan 14A, S-223 62 Lund, Sweden;                **
 **   phone: + 46 - 46 - 222 48 16; e-mail: torbjorn@thep.lu.se              **
 ** SUSY author: Stephen Mrenna, Argonne National Laboratory,                **
 **   9700 South Cass Avenue, Argonne, IL 60439, USA;                        **
 **   phone: + 1 - 630 - 252 - 7615; e-mail: mrenna@hep.anl.gov              **
 **                                                                          **
 **                                                                          **
 ******************************************************************************
 ******************************************************************************

     Advisory warning type 9 given after        1 PYEXEC calls:
     (PYKFIN:) PARJ(18)<1 combined with 0<MSTJ(12)<5 option

     Advisory warning type 4 given after     3313 PYEXEC calls:
     (PYDECY:) caught in loop for decay channel 624

 HISTAT:              statistics - intranuclear cascade
                      ---------------------------------

 no. of events for normalization: (accepted final events, evt)     10000
                                  (events before evap.-step, evt1)     0
 no. of rejected events due to intranuclear cascade                    0

 no. of wounded nucl. in proj./ target (mean per evt)       0.00 /  0.00
 no. of particles unable to escape proj./ target (mean per evt)
        baryons:  pos.   0.000 /  0.000   neg.   0.000 /  0.000
        mesons:   pos.   0.000 /  0.000   neg.   0.000 /  0.000
 maximum no. of generations treated (maximum allowed:  25)
                                           (mean per evt)       0.00
 no. of sec. interactions in proj./ target (mean per evt1)  0.000 /  0.000
        out of which by inelastic interactions              0.000 /  0.000
                     by elastic interactions                0.000 /  0.000
                     by absorption (ap, K-, pi- only)       0.000 /  0.000


 HISTAT:              statistics - residual nuclei, evaporation
                      -----------------------------------------

 no. of events for normal.: (events handled by FICONF, evt)            0
                            (events passing the evap.-step, evt1)      0
 no. of rejected events     (   0,   0,   0)                           0


                      1) before evaporation-step:

 residual nuclei:  (mean values per evt)            proj. / target

        total number of particles                   0.000    0.000
        out of which: protons                       0.000    0.000
                      neutrons                      0.000    0.000
                      baryons                       0.000    0.000
                      pos. baryons                  0.000    0.000
        total charge                                0.000    0.000

        excitation energy (bef. evap.-step)     0.000E+00  0.000E+00
        excitation energy per nucleon           0.000E+00  0.000E+00


                      2) after  evaporation-step:

 Evaporation:         not requested


 HIMULT:                     particle - statistics
                             ---------------------

 fast/grey/black: EMU-def.

 particle    |            average multiplicity
             |     total         fast       grey     black    <pt>     f(1.7)
 ------------+---------------------------------------------------------------
 P          1|      2.584400     2.454500  0.12580  0.00410  0.73184  0.00000
 AP         2|      1.423400     1.286500  0.13070  0.00620  0.77161  0.00000
 E-         3|      0.036300     0.036300  0.00000  0.00000  0.20613  0.00000
 E+         4|      0.036300     0.036300  0.00000  0.00000  0.23420  0.00000
 NUE        5|      0.000000     0.000000  0.00000  0.00000  0.00000  0.00000
 ANUE       6|      0.000000     0.000000  0.00000  0.00000  0.00000  0.00000
 GAM        7|      5.618700     5.618700  0.00000  0.00000  0.39861  0.00000
 NEU        8|      2.016400     1.889100  0.12280  0.00450  0.75417  0.00000
 ANEU       9|      1.391200     1.256400  0.13060  0.00420  0.75924  0.00000
 MUE+      10|      0.001800     0.001800  0.00000  0.00000  0.32841  0.00000
 MUE-      11|      0.001800     0.001800  0.00000  0.00000  0.25044  0.00000
 K0L       12|      3.373200     3.172500  0.19560  0.00510  0.63208  0.00000
 PI+       13|     28.927200    28.557800  0.33320  0.03620  0.47624  0.00000
 PI-       14|     28.225400    27.856800  0.33020  0.03840  0.47611  0.00000
 K+        15|      3.506200     3.300700  0.19500  0.01050  0.63187  0.00000
 K-        16|      3.404000     3.198500  0.19560  0.00990  0.62598  0.00000
 LAM       17|      0.432900     0.399500  0.03210  0.00130  0.80286  0.00000
 ALAM      18|      0.324200     0.295600  0.02780  0.00080  0.84855  0.00000
 K0S       19|      3.350000     3.160600  0.18420  0.00520  0.62788  0.00000
 SIGM-     20|      0.249000     0.226700  0.02110  0.00120  0.86004  0.00000
 SIGM+     21|      0.280400     0.254500  0.02510  0.00080  0.85970  0.00000
 SIGM0     22|      0.277400     0.252900  0.02360  0.00090  0.85286  0.00000
 PI0       23|     33.724700    33.202900  0.51060  0.01120  0.44174  0.00000
 K0        24|      0.000000     0.000000  0.00000  0.00000  0.00000  0.00000
 AK0       25|      0.000000     0.000000  0.00000  0.00000  0.00000  0.00000
 BLANK     26|     33.667700    32.903500  0.70730  0.05690  0.51191  0.00000
 BLANK     27|     69.335100    67.807400  1.41790  0.10980  0.51521  0.00000
 BLANK     28|      0.000000     0.000000  0.00000  0.00000  0.00000  0.00000
 BLANK     29|      0.000000     0.000000  0.00000  0.00000  0.00000  0.00000
 BLANK     30|    120.326600   117.494400  2.68710  0.14510  0.50842  0.00000
 ETA550    31|      0.000000     0.000000  0.00000  0.00000  0.00000  0.00000
 RHO+77    32|      0.000000     0.000000  0.00000  0.00000  0.00000  0.00000
 RHO077    33|      0.000000     0.000000  0.00000  0.00000  0.00000  0.00000
 RHO-77    34|      0.000000     0.000000  0.00000  0.00000  0.00000  0.00000
 OM0783    35|      0.000000     0.000000  0.00000  0.00000  0.00000  0.00000
 K*+892    36|      0.000000     0.000000  0.00000  0.00000  0.00000  0.00000
 K*0892    37|      0.000000     0.000000  0.00000  0.00000  0.00000  0.00000
 K*-892    38|      0.000000     0.000000  0.00000  0.00000  0.00000  0.00000
 AK*089    39|      0.000000     0.000000  0.00000  0.00000  0.00000  0.00000
 KA+125    40|      0.000000     0.000000  0.00000  0.00000  0.00000  0.00000
 KA0125    41|      0.000000     0.000000  0.00000  0.00000  0.00000  0.00000
 KA-125    42|      0.000000     0.000000  0.00000  0.00000  0.00000  0.00000
 AKA012    43|      0.000000     0.000000  0.00000  0.00000  0.00000  0.00000
 K*+142    44|      0.000000     0.000000  0.00000  0.00000  0.00000  0.00000
 K*0142    45|      0.000000     0.000000  0.00000  0.00000  0.00000  0.00000
 K*-142    46|      0.000000     0.000000  0.00000  0.00000  0.00000  0.00000
 AK*014    47|      0.000000     0.000000  0.00000  0.00000  0.00000  0.00000
 S+1385    48|      0.000000     0.000000  0.00000  0.00000  0.00000  0.00000
 S01385    49|      0.000000     0.000000  0.00000  0.00000  0.00000  0.00000
 S-1385    50|      0.000000     0.000000  0.00000  0.00000  0.00000  0.00000
 L01820    51|      0.000000     0.000000  0.00000  0.00000  0.00000  0.00000
 L02030    52|      0.000000     0.000000  0.00000  0.00000  0.00000  0.00000
 N*++12    53|      0.000000     0.000000  0.00000  0.00000  0.00000  0.00000
 N*+ 12    54|      0.000000     0.000000  0.00000  0.00000  0.00000  0.00000
 N*012     55|      0.000000     0.000000  0.00000  0.00000  0.00000  0.00000
 N*-12     56|      0.000000     0.000000  0.00000  0.00000  0.00000  0.00000
 N*++16    57|      0.000000     0.000000  0.00000  0.00000  0.00000  0.00000
 N*+16     58|      0.000000     0.000000  0.00000  0.00000  0.00000  0.00000
 N*016     59|      0.000000     0.000000  0.00000  0.00000  0.00000  0.00000
 N*-16     60|      0.000000     0.000000  0.00000  0.00000  0.00000  0.00000
 N*+14     61|      0.000000     0.000000  0.00000  0.00000  0.00000  0.00000
 N*014     62|      0.000000     0.000000  0.00000  0.00000  0.00000  0.00000
 N*+15     63|      0.000000     0.000000  0.00000  0.00000  0.00000  0.00000
 N*015     64|      0.000000     0.000000  0.00000  0.00000  0.00000  0.00000
 N*+18     65|      0.000000     0.000000  0.00000  0.00000  0.00000  0.00000
 N*018     66|      0.000000     0.000000  0.00000  0.00000  0.00000  0.00000
 AN--12    67|      0.000000     0.000000  0.00000  0.00000  0.00000  0.00000
 AN*-12    68|      0.000000     0.000000  0.00000  0.00000  0.00000  0.00000
 AN*012    69|      0.000000     0.000000  0.00000  0.00000  0.00000  0.00000
 AN*+12    70|      0.000000     0.000000  0.00000  0.00000  0.00000  0.00000
 AN--16    71|      0.000000     0.000000  0.00000  0.00000  0.00000  0.00000
 AN*-16    72|      0.000000     0.000000  0.00000  0.00000  0.00000  0.00000
 AN*016    73|      0.000000     0.000000  0.00000  0.00000  0.00000  0.00000
 AN*+16    74|      0.000000     0.000000  0.00000  0.00000  0.00000  0.00000
 AN*-15    75|      0.000000     0.000000  0.00000  0.00000  0.00000  0.00000
 AN*015    76|      0.000000     0.000000  0.00000  0.00000  0.00000  0.00000
 DE*=24    77|      0.000000     0.000000  0.00000  0.00000  0.00000  0.00000
 RPI+49    78|      0.000000     0.000000  0.00000  0.00000  0.00000  0.00000
 RPI049    79|      0.000000     0.000000  0.00000  0.00000  0.00000  0.00000
 RPI-49    80|      0.000000     0.000000  0.00000  0.00000  0.00000  0.00000
 PIN++     81|      0.000000     0.000000  0.00000  0.00000  0.00000  0.00000
 PIN+0     82|      0.000000     0.000000  0.00000  0.00000  0.00000  0.00000
 PIN+-     83|      0.000000     0.000000  0.00000  0.00000  0.00000  0.00000
 PIN-0     84|      0.000000     0.000000  0.00000  0.00000  0.00000  0.00000
 PPPI      85|      0.000000     0.000000  0.00000  0.00000  0.00000  0.00000
 PNPI      86|      0.000000     0.000000  0.00000  0.00000  0.00000  0.00000
 APPPI     87|      0.000000     0.000000  0.00000  0.00000  0.00000  0.00000
 APNPI     88|      0.000000     0.000000  0.00000  0.00000  0.00000  0.00000
 K+PPI     89|      0.000000     0.000000  0.00000  0.00000  0.00000  0.00000
 K-PPI     90|      0.000000     0.000000  0.00000  0.00000  0.00000  0.00000
 K+NPI     91|      0.000000     0.000000  0.00000  0.00000  0.00000  0.00000
 K-NPI     92|      0.000000     0.000000  0.00000  0.00000  0.00000  0.00000
 S+1820    93|      0.000000     0.000000  0.00000  0.00000  0.00000  0.00000
 S-2030    94|      0.000000     0.000000  0.00000  0.00000  0.00000  0.00000
 ETA*      95|      0.000000     0.000000  0.00000  0.00000  0.00000  0.00000
 PHI       96|      0.000000     0.000000  0.00000  0.00000  0.00000  0.00000
 TETA0     97|      0.065200     0.056800  0.00790  0.00050  0.89680  0.00000
 TETA-     98|      0.058300     0.051900  0.00600  0.00040  0.95749  0.00000
 ASIG-     99|      0.236300     0.212400  0.02310  0.00080  0.83006  0.00000
 ASIG0    100|      0.236500     0.211900  0.02370  0.00090  0.86412  0.00000
 ASIG+    101|      0.238300     0.213000  0.02440  0.00090  0.86924  0.00000
 ATETA0   102|      0.059100     0.053400  0.00540  0.00030  0.89364  0.00000
 ATETA+   103|      0.057900     0.051900  0.00570  0.00030  0.89794  0.00000
 SIG*+    104|      0.000000     0.000000  0.00000  0.00000  0.00000  0.00000
 SIG*0    105|      0.000000     0.000000  0.00000  0.00000  0.00000  0.00000
 SIG*-    106|      0.000000     0.000000  0.00000  0.00000  0.00000  0.00000
 TETA*0   107|      0.000000     0.000000  0.00000  0.00000  0.00000  0.00000
 TETA*    108|      0.000000     0.000000  0.00000  0.00000  0.00000  0.00000
 OMEGA-   109|      0.000800     0.000700  0.00010  0.00000  1.13915  0.00000
 ASIG*-   110|      0.000000     0.000000  0.00000  0.00000  0.00000  0.00000
 ASIG*0   111|      0.000000     0.000000  0.00000  0.00000  0.00000  0.00000
 ASIG*+   112|      0.000000     0.000000  0.00000  0.00000  0.00000  0.00000
 ATET*0   113|      0.000000     0.000000  0.00000  0.00000  0.00000  0.00000
 ATET*+   114|      0.000000     0.000000  0.00000  0.00000  0.00000  0.00000
 OMEGA+   115|      0.000800     0.000800  0.00000  0.00000  1.53876  0.00000
 D0       116|      0.059300     0.056300  0.00260  0.00040  2.62620  0.00000
 D+       117|      0.019700     0.018600  0.00100  0.00010  2.83990  0.00000
 D-       118|      0.021300     0.020900  0.00040  0.00000  2.68998  0.00000
 AD0      119|      0.061300     0.059100  0.00220  0.00000  2.77469  0.00000
 F+       120|      0.010200     0.009800  0.00040  0.00000  2.94882  0.00000
 F-       121|      0.009500     0.009400  0.00010  0.00000  3.20305  0.00000
 ETAC     122|      0.000100     0.000100  0.00000  0.00000  4.10521  0.00000
 D*0      123|      0.000000     0.000000  0.00000  0.00000  0.00000  0.00000
 D*+      124|      0.000000     0.000000  0.00000  0.00000  0.00000  0.00000
 D*-      125|      0.000000     0.000000  0.00000  0.00000  0.00000  0.00000
 AD*0     126|      0.000000     0.000000  0.00000  0.00000  0.00000  0.00000
 F*+      127|      0.000000     0.000000  0.00000  0.00000  0.00000  0.00000
 F*-      128|      0.000000     0.000000  0.00000  0.00000  0.00000  0.00000
 PSI      129|      0.000000     0.000000  0.00000  0.00000  0.00000  0.00000
 JPSI     130|      0.000000     0.000000  0.00000  0.00000  0.00000  0.00000
 TAU+     131|      0.000000     0.000000  0.00000  0.00000  0.00000  0.00000
 TAU-     132|      0.000000     0.000000  0.00000  0.00000  0.00000  0.00000
 NUET     133|      0.000100     0.000100  0.00000  0.00000  1.54414  0.00000
 ANUET    134|      0.000100     0.000100  0.00000  0.00000  0.19614  0.00000
 NUEM     135|      0.000000     0.000000  0.00000  0.00000  0.00000  0.00000
 ANUEM    136|      0.000000     0.000000  0.00000  0.00000  0.00000  0.00000
 C0+      137|      0.002900     0.002900  0.00000  0.00000  2.01900  0.00000
 A+       138|      0.000200     0.000200  0.00000  0.00000  5.17466  0.00000
 A0       139|      0.000600     0.000500  0.00010  0.00000  2.84975  0.00000
 C1++     140|      0.000400     0.000400  0.00000  0.00000  0.65465  0.00000
 C1+      141|      0.000700     0.000700  0.00000  0.00000  0.90606  0.00000
 C10      142|      0.000100     0.000100  0.00000  0.00000  4.18345  0.00000
 S+       143|      0.000000     0.000000  0.00000  0.00000  0.00000  0.00000
 S0       144|      0.000000     0.000000  0.00000  0.00000  0.00000  0.00000
 T0       145|      0.000000     0.000000  0.00000  0.00000  0.00000  0.00000
 XU++     146|      0.000000     0.000000  0.00000  0.00000  0.00000  0.00000
 XD+      147|      0.000000     0.000000  0.00000  0.00000  0.00000  0.00000
 XS+      148|      0.000000     0.000000  0.00000  0.00000  0.00000  0.00000
 AC0-     149|      0.001500     0.001500  0.00000  0.00000  2.88144  0.00000
 AA-      150|      0.000000     0.000000  0.00000  0.00000  0.00000  0.00000
 AA0      151|      0.000100     0.000100  0.00000  0.00000  3.77522  0.00000
 AC1--    152|      0.000100     0.000100  0.00000  0.00000  2.61544  0.00000
 AC1-     153|      0.000000     0.000000  0.00000  0.00000  0.00000  0.00000
 AC10     154|      0.000300     0.000300  0.00000  0.00000  0.60232  0.00000
 AS-      155|      0.000000     0.000000  0.00000  0.00000  0.00000  0.00000
 AS0      156|      0.000000     0.000000  0.00000  0.00000  0.00000  0.00000
 AT0      157|      0.000000     0.000000  0.00000  0.00000  0.00000  0.00000
 AXU--    158|      0.000000     0.000000  0.00000  0.00000  0.00000  0.00000
 AXD-     159|      0.000000     0.000000  0.00000  0.00000  0.00000  0.00000
 AXS      160|      0.000000     0.000000  0.00000  0.00000  0.00000  0.00000
 C1*++    161|      0.000000     0.000000  0.00000  0.00000  0.00000  0.00000
 C1*+     162|      0.000000     0.000000  0.00000  0.00000  0.00000  0.00000
 C1*0     163|      0.000000     0.000000  0.00000  0.00000  0.00000  0.00000
 S*+      164|      0.000000     0.000000  0.00000  0.00000  0.00000  0.00000
 S*0      165|      0.000000     0.000000  0.00000  0.00000  0.00000  0.00000
 T*0      166|      0.000000     0.000000  0.00000  0.00000  0.00000  0.00000
 XU*++    167|      0.000000     0.000000  0.00000  0.00000  0.00000  0.00000
 XD*+     168|      0.000000     0.000000  0.00000  0.00000  0.00000  0.00000
 XS*+     169|      0.000000     0.000000  0.00000  0.00000  0.00000  0.00000
 TETA++   170|      0.000000     0.000000  0.00000  0.00000  0.00000  0.00000
 AC1*--   171|      0.000000     0.000000  0.00000  0.00000  0.00000  0.00000
 AC1*-    172|      0.000000     0.000000  0.00000  0.00000  0.00000  0.00000
 AC1*0    173|      0.000000     0.000000  0.00000  0.00000  0.00000  0.00000
 AS*-     174|      0.000000     0.000000  0.00000  0.00000  0.00000  0.00000
 AS*0     175|      0.000000     0.000000  0.00000  0.00000  0.00000  0.00000
 AT*0     176|      0.000000     0.000000  0.00000  0.00000  0.00000  0.00000
 AXU*--   177|      0.000000     0.000000  0.00000  0.00000  0.00000  0.00000
 AXD*-    178|      0.000000     0.000000  0.00000  0.00000  0.00000  0.00000
 AXS*-    179|      0.000000     0.000000  0.00000  0.00000  0.00000  0.00000
 ATET--   180|      0.000000     0.000000  0.00000  0.00000  0.00000  0.00000
 RO       181|      0.000000     0.000000  0.00000  0.00000  0.00000  0.00000
 R+       182|      0.000000     0.000000  0.00000  0.00000  0.00000  0.00000
 R-       183|      0.000000     0.000000  0.00000  0.00000  0.00000  0.00000
 AN*-14   184|      0.000000     0.000000  0.00000  0.00000  0.00000  0.00000
 AN*014   185|      0.000000     0.000000  0.00000  0.00000  0.00000  0.00000
 PI+130   186|      0.000000     0.000000  0.00000  0.00000  0.00000  0.00000
 PI0130   187|      0.000000     0.000000  0.00000  0.00000  0.00000  0.00000
 PI-130   188|      0.000000     0.000000  0.00000  0.00000  0.00000  0.00000
 F01400   189|      0.000000     0.000000  0.00000  0.00000  0.00000  0.00000
 K*+146   190|      0.000000     0.000000  0.00000  0.00000  0.00000  0.00000
 K*-146   191|      0.000000     0.000000  0.00000  0.00000  0.00000  0.00000
 K*0146   192|      0.000000     0.000000  0.00000  0.00000  0.00000  0.00000
 AK0146   193|      0.000000     0.000000  0.00000  0.00000  0.00000  0.00000
 L01600   194|      0.000000     0.000000  0.00000  0.00000  0.00000  0.00000
 AL0160   195|      0.000000     0.000000  0.00000  0.00000  0.00000  0.00000
 S+1660   196|      0.000000     0.000000  0.00000  0.00000  0.00000  0.00000
 S01660   197|      0.000000     0.000000  0.00000  0.00000  0.00000  0.00000
 S-1660   198|      0.000000     0.000000  0.00000  0.00000  0.00000  0.00000
 AS-166   199|      0.000000     0.000000  0.00000  0.00000  0.00000  0.00000
 AS0166   200|      0.000000     0.000000  0.00000  0.00000  0.00000  0.00000
 AS+166   201|      0.000000     0.000000  0.00000  0.00000  0.00000  0.00000
 X01950   202|      0.000000     0.000000  0.00000  0.00000  0.00000  0.00000
 X-1950   203|      0.000000     0.000000  0.00000  0.00000  0.00000  0.00000
 AX0195   204|      0.000000     0.000000  0.00000  0.00000  0.00000  0.00000
 AX+195   205|      0.000000     0.000000  0.00000  0.00000  0.00000  0.00000
 OM-225   206|      0.000000     0.000000  0.00000  0.00000  0.00000  0.00000
 DEUTERON 207|      0.000000     0.000000  0.00000  0.00000  0.00000  0.00000
 3-H      208|      0.000000     0.000000  0.00000  0.00000  0.00000  0.00000
 3-HE     209|      0.000000     0.000000  0.00000  0.00000  0.00000  0.00000
 4-HE     210|      0.000000     0.000000  0.00000  0.00000  0.00000  0.00000


 STATIS:                    statistics of the run
                            ---------------------

 number of events requested / sampled                10000 /    10000
 number of samp. evts per requested event                 1.0

                                                      proj.    targ.
 average number of wounded nucleons after x-sampling      1.00      1.00


 PHOJET-treatment of chain systems above   5.0 GeV

 1. chain system statistics - total numbers:
                              --------------

            s-s     d-s     s-d     s-v     d-v     v-s     v-d     v-v

 req.to.       0       0       0       0       0       0       0   10000

 low rq.       0       0       0       0       0       0       0       0
 low ac.       0       0       0       0       0       0       0       0

 PHOJET        0       0       0       0       0       0       0       0
   sngl        0       0       0       0       0       0       0   10000

 no-dif.       0       0       0       0       0       0       0    8049
 el-sca.       0       0       0       0       0       0       0       0
 qel-sc.       0       0       0       0       0       0       0       0
 dbl-Po.       0       0       0       0       0       0       0     165
 diff-1        0       0       0       0       0       0       0     651
  low          0       0       0       0       0       0       0      62
  high         0       0       0       0       0       0       0     387
  h-diff       0       0       0       0       0       0       0     202
 diff-2        0       0       0       0       0       0       0     668
  low          0       0       0       0       0       0       0      53
  high         0       0       0       0       0       0       0     383
  h-diff       0       0       0       0       0       0       0     232
 dbl-di.       0       0       0       0       0       0       0     467
  lo-lo        0       0       0       0       0       0       0       5
  hi-hi        0       0       0       0       0       0       0     222
  lo-hi        0       0       0       0       0       0       0      43
  hi-lo        0       0       0       0       0       0       0      46
 dir-ga.       0       0       0       0       0       0       0       0

 dir-1         0       0       0       0       0       0       0       0
 dir-2         0       0       0       0       0       0       0       0
 dbl-dir       0       0       0       0       0       0       0       0
 s-Pom.        0       0       0       0       0       0       0   15635
 h-Pom.        0       0       0       0       0       0       0   24634
 s-Reg.        0       0       0       0       0       0       0    1573
 enh-trg       0       0       0       0       0       0       0    2833
 enh-log       0       0       0       0       0       0       0    1889

 2. chain system statistics - mean numbers per evt:
                              ---------------------

                s-s       d-s       s-d

 req.to.      0.00E+00  0.00E+00  0.00E+00

 low rq.      0.00E+00  0.00E+00  0.00E+00
 low ac.      0.00E+00  0.00E+00  0.00E+00

 PHOJET       0.00E+00  0.00E+00  0.00E+00

 no-dif.      0.00E+00  0.00E+00  0.00E+00
 el-sca.      0.00E+00  0.00E+00  0.00E+00
 qel-sc.      0.00E+00  0.00E+00  0.00E+00
 dbl-Po.      0.00E+00  0.00E+00  0.00E+00
 diff-1       0.00E+00  0.00E+00  0.00E+00
 diff-2       0.00E+00  0.00E+00  0.00E+00
 dbl-di.      0.00E+00  0.00E+00  0.00E+00
 dir-ga.      0.00E+00  0.00E+00  0.00E+00

 dir-1        0.00E+00  0.00E+00  0.00E+00
 dir-2        0.00E+00  0.00E+00  0.00E+00
 dbl-dir      0.00E+00  0.00E+00  0.00E+00
 s-Pom.       0.00E+00  0.00E+00  0.00E+00
 h-Pom.       0.00E+00  0.00E+00  0.00E+00
 s-Reg.       0.00E+00  0.00E+00  0.00E+00
 enh-trg      0.00E+00  0.00E+00  0.00E+00
 enh-log      0.00E+00  0.00E+00  0.00E+00

                s-v       d-v       v-s       v-d       v-v

 req.to.      0.00E+00  0.00E+00  0.00E+00  0.00E+00  0.10E+01

 low rq.      0.00E+00  0.00E+00  0.00E+00  0.00E+00  0.00E+00
 low ac.      0.00E+00  0.00E+00  0.00E+00  0.00E+00  0.00E+00

 PHOJET       0.00E+00  0.00E+00  0.00E+00  0.00E+00  0.00E+00

 no-dif.      0.00E+00  0.00E+00  0.00E+00  0.00E+00  0.80E+00
 el-sca.      0.00E+00  0.00E+00  0.00E+00  0.00E+00  0.00E+00
 qel-sc.      0.00E+00  0.00E+00  0.00E+00  0.00E+00  0.00E+00
 dbl-Po.      0.00E+00  0.00E+00  0.00E+00  0.00E+00  0.17E-01
 diff-1       0.00E+00  0.00E+00  0.00E+00  0.00E+00  0.65E-01
 diff-2       0.00E+00  0.00E+00  0.00E+00  0.00E+00  0.67E-01
 dbl-di.      0.00E+00  0.00E+00  0.00E+00  0.00E+00  0.47E-01
 dir-ga.      0.00E+00  0.00E+00  0.00E+00  0.00E+00  0.00E+00

 dir-1        0.00E+00  0.00E+00  0.00E+00  0.00E+00  0.00E+00
 dir-2        0.00E+00  0.00E+00  0.00E+00  0.00E+00  0.00E+00
 dbl-dir      0.00E+00  0.00E+00  0.00E+00  0.00E+00  0.00E+00
 s-Pom.       0.00E+00  0.00E+00  0.00E+00  0.00E+00  0.16E+01
 h-Pom.       0.00E+00  0.00E+00  0.00E+00  0.00E+00  0.25E+01
 s-Reg.       0.00E+00  0.00E+00  0.00E+00  0.00E+00  0.16E+00
 enh-trg      0.00E+00  0.00E+00  0.00E+00  0.00E+00  0.28E+00
 enh-log      0.00E+00  0.00E+00  0.00E+00  0.00E+00  0.19E+00

 CHASTA: generated chain configurations

 -----------------------------------------------------------------------------
 p\t         21     22     31     32     41     42     51     52     61     62
 -----------------------------------------------------------------------------
 21         506   9805      0      0      0   2457     96    113    782   2534

  q aq       25     75      0      0      0   1279     30     30    338    841
 aq q        10     77      0      0      0    102      9      3      3      0
  q d        26   4838      0      0      0      0      0      0      0      0
  d q       445   4815      0      0      0   1076     57     80    441   1693

 -----------------------------------------------------------------------------
 p\t         21     22     31     32     41     42     51     52     61     62
 -----------------------------------------------------------------------------
 22           0    436      0      0      0      0      0     39      0    278

  q aq        0      7      0      0      0      0      0     14      0    159
 aq q         0      1      0      0      0      0      0      4      0      2
  q d         0     43      0      0      0      0      0      0      0      0
  d q         0    385      0      0      0      0      0     21      0    117

 -----------------------------------------------------------------------------
 p\t         21     22     31     32     41     42     51     52     61     62
 -----------------------------------------------------------------------------
 31           0      0      0      0      0      0      0      0      0      0


 -----------------------------------------------------------------------------
 p\t         21     22     31     32     41     42     51     52     61     62
 -----------------------------------------------------------------------------
 32           0      0      0      0      0      0      0      0      0      0


 -----------------------------------------------------------------------------
 p\t         21     22     31     32     41     42     51     52     61     62
 -----------------------------------------------------------------------------
 41           0   2539      0      0     94   2244      0   5951      0    144

  q aq        0    106      0      0      9   1135      0   2981      0     59
 aq q         0   1323      0      0     67   1100      0   2970      0     85
  q d         0   1110      0      0      0      7      0      0      0      0
  d q         0      0      0      0      0      2      0      0      0      0
  g g         0      0      0      0     18      0      0      0      0      0

 -----------------------------------------------------------------------------
 p\t         21     22     31     32     41     42     51     52     61     62
 -----------------------------------------------------------------------------
 42           0      0      0      0      0     97      0      0      0      0

  q aq        0      0      0      0      0     15      0      0      0      0
 aq q         0      0      0      0      0     73      0      0      0      0
  d q         0      0      0      0      0      2      0      0      0      0
  g g         0      0      0      0      0      7      0      0      0      0

 -----------------------------------------------------------------------------
 p\t         21     22     31     32     41     42     51     52     61     62
 -----------------------------------------------------------------------------
 51           2    112      0      0      0   6179    740  18254      0      0

  q aq        0      2      0      0      0   3083    271   8970      0      0
 aq q         2     21      0      0      0   3096    385   9018      0      0
  q d         0     89      0      0      0      0      0    128      0      0
  d q         0      0      0      0      0      0     84    138      0      0

 -----------------------------------------------------------------------------
 p\t         21     22     31     32     41     42     51     52     61     62
 -----------------------------------------------------------------------------
 52           0      0      0      0      0      0      0    411      0      0

  q aq        0      0      0      0      0      0      0    123      0      0
 aq q         0      0      0      0      0      0      0    213      0      0
  d q         0      0      0      0      0      0      0     75      0      0

 -----------------------------------------------------------------------------
 p\t         21     22     31     32     41     42     51     52     61     62
 -----------------------------------------------------------------------------
 61          18   2987      0      0      0    120      0      0  11990   3917

  q aq        0      0      0      0      0     75      0      0    216   2079
 aq q         7   1016      0      0      0     45      0      0    184   1838
  q d        11   1971      0      0      0      0      0      0      0      0
  g g         0      0      0      0      0      0      0      0  11590      0

 -----------------------------------------------------------------------------
 p\t         21     22     31     32     41     42     51     52     61     62
 -----------------------------------------------------------------------------
 62           0      3      0      0      0      0      0      0      0    385

  q aq        0      0      0      0      0      0      0      0      0     33
 aq q         0      2      0      0      0      0      0      0      0     35
  q d         0      1      0      0      0      0      0      0      0      0
  g g         0      0      0      0      0      0      0      0      0    317


 ====================================================
   --------- summary of event generation ----------
 ====================================================

 called,generated,accepted events:       10000       10000       10000
 average CMS energy:     14000.0

 PHO_EVENT: generated and accepted events
 ----------------------------------------
   process, sampled, accepted, cross section (internal/external)
   non.diff.        8049        8049    6.798E+01    8.049E-01
   elas sca.           0           0    0.000E+00    0.000E+00
   qela sca.           0           0    0.000E+00    0.000E+00
   doub.pom.         165         165    1.394E+00    1.650E-02
   diff.par1         651         651    5.498E+00    6.510E-02
   diff.par2         668         668    5.642E+00    6.680E-02
   doub.dif.         467         467    3.944E+00    4.670E-02
   dir all             0           0    0.000E+00    0.000E+00
   dir X res           0           0    0.000E+00    0.000E+00
   res X dir           0           0    0.000E+00    0.000E+00
   dir X dir           0           0    0.000E+00    0.000E+00
   soft pom.       15635       15635    1.321E+02    1.564E+00
   hard pom.       24634       24634    2.081E+02    2.463E+00
   soft reg.        1573        1573    1.329E+01    1.573E-01
   enh. trg.        2833        2833    2.393E+01    2.833E-01
   enh. log.        1889        1889    1.595E+01    1.889E-01
   doub.pom.         852         852    7.196E+00    8.520E-02
   recursive pomeron splitting:  2
     1->2pom-cut :        9365
     1->doub-pom :         347
     1->diff-dis1:        1526
     1->diff-dis2:        1445
     1->doub-diff:        1981

  sampled cross section (mb)   8.446E+01
 accepted cross section (mb)   8.446E+01


 PHO_REJSTA: rejection statistics
 --------------------------------
   2 STDPAR ALL                   7
   4 POMSCA ALL                   7
   9 HRES.DIF.1                   1
  13 DIFDIS INT                   2
  21 DIF.DISS.1                   5
  22 DIF.DISS.2                   2
  24 MSHELL CHA                  20
  30 STRING ALL                  96
  31 POMSCA INT                 493
  32 DIFF SLOPE                1657
  34 MASCOR ALL                  20
  35 PARCOR ALL                  76
  36 MSHELL PAR                2089
  37 MSHELL ALL                2089
  39 DB-POM KIN                 316
  41 SOFTXX ALL                   5
  42 SOFTXX PSP                   9

 PHO_SAMPRO: internal process statistics (IP,<Ecm>)   1   1.400E+04
 ---------------------------------------
                process      sampled    cross section

         all processes      10000.        8.445E+01
      nondif.inelastic       8049.        6.797E+01
               elastic          0.        0.000E+00
     vmeson production          0.        0.000E+00
        double pomeron        165.        1.393E+00
      single diffr.(1)        651.        5.498E+00
      single diffr.(2)        668.        5.641E+00
      double diffract.        467.        3.944E+00
      direct processes          0.        0.000E+00

 PHO_SAMPRO: internal process statistics (IP,<Ecm>)   2   6.295E+02
 ---------------------------------------
                process      sampled    cross section

         all processes       5332.        1.738E+01
      nondif.inelastic       5332.        1.738E+01
               elastic          0.        0.000E+00
     vmeson production          0.        0.000E+00
        double pomeron          0.        0.000E+00
      single diffr.(1)          0.        0.000E+00
      single diffr.(2)          0.        0.000E+00
      double diffract.          0.        0.000E+00
      direct processes          0.        0.000E+00

 PHO_SAMPRO: internal process statistics (IP,<Ecm>)   3   8.897E+01
 ---------------------------------------
                process      sampled    cross section

         all processes       2284.        1.588E+01
      nondif.inelastic       2284.        1.588E+01
               elastic          0.        0.000E+00
     vmeson production          0.        0.000E+00
        double pomeron          0.        0.000E+00
      single diffr.(1)          0.        0.000E+00
      single diffr.(2)          0.        0.000E+00
      double diffract.          0.        0.000E+00
      direct processes          0.        0.000E+00

 PHO_SAMPRO: internal process statistics (IP,<Ecm>)   4   1.223E+02
 ---------------------------------------
                process      sampled    cross section

         all processes        447.        9.411E+00
      nondif.inelastic        447.        9.411E+00
               elastic          0.        0.000E+00
     vmeson production          0.        0.000E+00
        double pomeron          0.        0.000E+00
      single diffr.(1)          0.        0.000E+00
      single diffr.(2)          0.        0.000E+00
      double diffract.          0.        0.000E+00
      direct processes          0.        0.000E+00

 PHO_SAMPRB: interaction statistics
 ----------------------------------
 statistics for IP,<Ecm_1>,<Ecm_2>  1    1.400E+04    1.400E+04
     average number of s-pom,h-pom,reg cuts (bare)
            8049.  1.3250E+00  3.2500E+00  0.0000E+00
     average (with energy/virtuality corrections)
            8049.  1.1967E+00  2.8842E+00  0.0000E+00
 statistics for IP,<Ecm_1>,<Ecm_2>  2    5.326E+02    5.326E+02
     average number of s-pom,h-pom,reg cuts (bare)
            6305.  1.6888E+00  5.1007E-01  5.0626E-01
     average (with energy/virtuality corrections)
            6305.  1.2630E+00  4.5250E-01  2.0888E-01
 statistics for IP,<Ecm_1>,<Ecm_2>  3    6.969E+01    6.969E+01
     average number of s-pom,h-pom,reg cuts (bare)
            2933.  1.5803E+00  1.1490E-01  6.6178E-01
     average (with energy/virtuality corrections)
            2933.  1.0382E+00  1.0740E-01  3.0310E-01
 statistics for IP,<Ecm_1>,<Ecm_2>  4    1.065E+02    1.065E+02
     average number of s-pom,h-pom,reg cuts (bare)
             515.  1.4058E+00  2.6796E-01  1.1262E+00
     average (with energy/virtuality corrections)
             515.  1.0039E+00  2.5437E-01  2.5437E-01

 PHO_PARTON: internal statistics on parton configurations
 --------------------------------------------------------
     process          sampled      accepted
     soft pom.        9632       11761
     hard pom.       23215       23156
     soft reg.           0        1032
     enh. tri.           0        2466
     enh. loo.           0        1624
     diff.pa1.         651         651
     diff.pa2.         668         668
     doub.dif.         467         467
     doub.pom.         165         165
     dir.phot.           0           0


 PHO_POMCOR: total/joined strings   79594       0

 PHO_MASCOR: total/converted strings   79594    3318


 PHO_EVENT: statistics of hard scattering processes
 --------------------------------------------------

     process (accepted,x-section internal/external) for IP:  1
   0 sum over processes        247788       47524    4.014E+02    2.316E+00
   1 G  +G  --> G  +G          204838       33970    2.869E+02    1.662E+00
   2 Q  +QB --> G  +G              15          10    8.446E-02    4.000E-04
   3 G  +Q  --> G  +Q           38883       12052    1.018E+02    5.807E-01
   4 G  +G  --> Q  +QB           1823         784    6.622E+00    3.810E-02
   5 Q  +QB --> Q  +QB            326          82    6.926E-01    4.100E-03
   6 Q  +QB --> QP +QBP             3           0    0.000E+00    0.000E+00
   7 Q  +Q  --> Q  +Q             291         108    9.122E-01    5.400E-03
   8 Q  +QP --> Q  +QP           1609         518    4.375E+00    2.490E-02
   9 resolved processes        247788       47524    4.014E+02    2.316E+00
  10 gam+Q  --> G  +Q               0           0    0.000E+00    0.000E+00
  11 gam+G  --> Q  +QB              0           0    0.000E+00    0.000E+00
  12 Q  +gam--> G  +Q               0           0    0.000E+00    0.000E+00
  13 G  +gam--> Q  +QB              0           0    0.000E+00    0.000E+00
  14 gam+gam--> Q  +QB              0           0    0.000E+00    0.000E+00
  15 direct processes               0           0    0.000E+00    0.000E+00
  16 gam+gam--> l+ +l-              0           0    0.000E+00    0.000E+00

     process (accepted,x-section internal/external) for IP:  2
   0 sum over processes         20518        3755    3.171E+01    1.426E-01
   1 G  +G  --> G  +G           16074        2625    2.217E+01    1.002E-01
   2 Q  +QB --> G  +G               1           0    0.000E+00    0.000E+00
   3 G  +Q  --> G  +Q            3998         986    8.328E+00    3.670E-02
   4 G  +G  --> Q  +QB            201          66    5.574E-01    2.200E-03
   5 Q  +QB --> Q  +QB             29           6    5.068E-02    3.000E-04
   6 Q  +QB --> QP +QBP             4           6    5.068E-02    2.000E-04
   7 Q  +Q  --> Q  +Q              38           8    6.757E-02    4.000E-04
   8 Q  +QP --> Q  +QP            173          58    4.899E-01    2.600E-03
   9 resolved processes         20518        3755    3.171E+01    1.426E-01
  10 gam+Q  --> G  +Q               0           0    0.000E+00    0.000E+00
  11 gam+G  --> Q  +QB              0           0    0.000E+00    0.000E+00
  12 Q  +gam--> G  +Q               0           0    0.000E+00    0.000E+00
  13 G  +gam--> Q  +QB              0           0    0.000E+00    0.000E+00
  14 gam+gam--> Q  +QB              0           0    0.000E+00    0.000E+00
  15 direct processes               0           0    0.000E+00    0.000E+00
  16 gam+gam--> l+ +l-              0           0    0.000E+00    0.000E+00

     process (accepted,x-section internal/external) for IP:  4
   0 sum over processes           248         118    9.966E-01    5.200E-03
   1 G  +G  --> G  +G             207          86    7.264E-01    3.600E-03
   2 Q  +QB --> G  +G               0           0    0.000E+00    0.000E+00
   3 G  +Q  --> G  +Q              36          30    2.534E-01    1.500E-03
   4 G  +G  --> Q  +QB              1           0    0.000E+00    0.000E+00
   5 Q  +QB --> Q  +QB              0           0    0.000E+00    0.000E+00
   6 Q  +QB --> QP +QBP             0           0    0.000E+00    0.000E+00
   7 Q  +Q  --> Q  +Q               0           0    0.000E+00    0.000E+00
   8 Q  +QP --> Q  +QP              4           2    1.689E-02    1.000E-04
   9 resolved processes           248         118    9.966E-01    5.200E-03
  10 gam+Q  --> G  +Q               0           0    0.000E+00    0.000E+00
  11 gam+G  --> Q  +QB              0           0    0.000E+00    0.000E+00
  12 Q  +gam--> G  +Q               0           0    0.000E+00    0.000E+00
  13 G  +gam--> Q  +QB              0           0    0.000E+00    0.000E+00
  14 gam+gam--> Q  +QB              0           0    0.000E+00    0.000E+00
  15 direct processes               0           0    0.000E+00    0.000E+00
  16 gam+gam--> l+ +l-              0           0    0.000E+00    0.000E+00


 ======================================================
    ------- end of event generation summary --------
 ======================================================

