 +-----------------------------------------------------------------------+
 |                                                                       |
 |                          DPMJET version 3.0-6                         |
 |                                                                       |
 |                      (Last change:  5 May 2012)                       |
 |                                                                       |
 |            Authors: Stefan Roesler   (CERN)                           |
 |                     Ralph Engel      (FZ Karlsruhe)                   |
 |                     Johannes Ranft   (Siegen Univ.)                   |
 |                                                                       |
 +-----------------------------------------------------------------------+
 | Please send suggestions, bug reports, etc. to: Stefan.Roesler@cern.ch |
 +-----------------------------------------------------------------------+

**********************************************************************        
* Example for a DTUNUC input file.                                            
* Uncomment the input-cards according to your requirements.                   
*                                                                             
* Format: A10,6E10.0,A8                                                       
*        (except for the section enclosed by "PHOINPUT" and "ENDINPUT"        
*         which is format-free)                                               
*         lines starting with "*" are comment lines                           
**********************************************************************        
*                                                                             
* projectile / target                                                         
* -------------------                                                         
PROJPAR     12.0      6.00      0.00      0.00      0.00      0.00            
TARPAR      12.0      6.00      0.00      0.00      0.00      0.00            
*                                                                             
* energy of interaction                                                       
* ---------------------                                                       
ENERGY      920.      0.00      0.00      0.00      0.00      0.00            
*                                                                             
* PHOJET-specific input                                                       
* ---------------------                                                       
* The following lines control the event-generation with PHOJET for            
* individual photon/nucleon-nucleon collisions.                               
* Any options explained in the PHOJET-manual can be used in between           
* the "PHOINPUT" and "ENDINPUT" cards.                                        
PHOINPUT    0.00      0.00      0.00      0.00      0.00      0.00            

  ===================================================
                                                     
       ----      PHOJET version 1.12      ----      
                                                     
  ===================================================
      Authors: Ralph Engel      (FZ Karlsruhe)
               Johannes Ranft   (Siegen Univ.)
               Stefan Roesler   (CERN)
  ---------------------------------------------------
    Manual, updates, and further information:
     http://www-ik.fzk.de/~engel/phojet.html
  ---------------------------------------------------
     please send suggestions / bug reports etc. to:
              ralph.engel@fzk.de
  ===================================================
    $Date: 2000/06/25 21:59:19 $
    $Revision: 1.12.1.35 $
    (code version with interface to PYTHIA 6.x)
    (code version for usage in DPMJET 3.x)
  ===================================================

 PROCESS    1 0 1 1 1 1 1 1
  RETURN
*                                                                             
* Output                                                                      
* ------                                                                      
*   some default output (particle multiplicities etc.)                        
HISTOGRAM   101.      102.      0.00      0.00      0.00      0.00            
*                                                                             
* Start of event generation                                                   
* -------------------------                                                   
START      0.500E+05  0.00      0.00      0.00      0.00      0.00            

Warning!  No evaporation performed since evaporation modules not available with this version.
 DT_JSPARA: new value (default value)


 NCLPOT:    quantities for inclusion of nuclear effects
            -------------------------------------------

                                      projectile      target

 Mass number / charge                  12 /  6       12 /  6
 Binding energy  - proton   (GeV)     0.1596E-01    0.1596E-01
                 - neutron  (GeV)     0.1872E-01    0.1872E-01
 Fermi-potential - proton   (GeV)     0.1611E-01    0.1611E-01
                 - neutron  (GeV)     0.1609E-01    0.1609E-01

 Scale factor for Fermi-momentum    0.55

 Coulomb-energy     0.2037E-02 GeV      0.2037E-02 GeV  


 DT_PHOINI:    PHOJET initialized for projectile A,Z =  12, 6
 1.5xp_F(max) =  0.262E+00  p(max) =  0.000E+00 0.000E+00 0.274E+02 0.274E+02
 DT_PHOINI:    PHOJET initialized for target     A,Z =  12, 6
 1.5xp_F(max) = -0.262E+00  p(max) =  0.000E+00 0.000E+00-0.274E+02 0.274E+02
 E_cm =  0.548E+02


 =======================================================
   ------- initialization of event generation --------
 =======================================================

 PHO_SETMDL: current settings
 ----------------------------

       1:AMPL MOD     3       2:MIN-BIAS     1       3:PTS DISH     1
       4:PTS DISP     1       5:PTS ASSI     2       6:HADRONIZ     3
       7:MASS COR     2       8:PAR SHOW     3       9:GLU SPLI     0
      10:VIRT PHO     2      11:LARGE NC     0      12:LIPA POM     0
      13:QELAS VM     1      14:ENHA GRA     2      15:MULT SCA     4
      16:MULT DIF     4      17:MULT CDF     4      18:BALAN PT     0
      19:POMV FLA     1      20:SEA  FLA     0      21:SPIN DEC     2
      22:DIF.MASS     1      23:DIFF RES     1      24:PTS HPOM     0
      25:POM CORR     0      26:OVERLAP      1      27:MUL R/AN     0
      28:SUR PROB     1      29:PRIMO KT     1      30:DIFF. CS     0

 PHO_FITPAR: looking for PDF   2212  GRV94 LO      5      6      0
 PHO_FITPAR: looking for PDF   2212  GRV94 LO      5      6      0

 PHO_FITPAR: parameter set found in internal table

 PHO_FITPAR: parameter set
 -------------------------
  ALPOM:  1.100 ALPOMP:  0.250 GP:    6.387    6.387 B0POM:    1.161    1.161
  ALREG:  0.450 ALREGP:  0.900 GR:   10.263   10.263 B0REG:    1.171    1.171
  GPPP :  0.156 B0PPP:  0.500 GPPR :  0.612 B0PPR:  0.300
 VDMFAC:   1.00000   0.00000   1.00000   0.00000
 VDMQ2F:   1.00000   0.00000   1.00000   0.00000
  B0HAR:   3.500
  AKFAC:   2.000
 PHISUP:   0.600   0.600
  RMASS:   1.100   1.100   3.000

 PHO_FRAINI: fragmentation initialization ISWMDL(6)  3
 --------------------------------------------------
     parameter description               default / current
     PARJ( 2) strangeness suppression :   0.300  0.300
     MSTJ(12) popcorn                 :       2      2
     PARJ(19) popcorn                 :   1.000  1.000
     PARJ(41) Lund a                  :   0.300  0.300
     PARJ(42) Lund b                  :   0.580  1.000
     PARJ(21) sigma in pt distribution:   0.360  0.360


 PHO_MCINI: selected energy range (SQRT(S))         5.0        54.8
     particle 1 (name,mass,virtuality): p+               0.938     0.0000E+00
     particle 2 (name,mass,virtuality): p+               0.938     0.0000E+00

 PHO_HARINI: hard scattering parameters for IP:  4
     particle 1 / particle 2:     990     990
     min. PT   :    2.5  (energy-dependent)  
     PDF side 1:  CKMT-POM IGRP/ISET/IEXT    4   0   0
     PDF side 2:  CKMT-POM IGRP/ISET/IEXT    4   0   0
     LAMBDA1,2 (4 active flavours):   0.230   0.230
     max. number of active flavours NF  :  4
     NQQAL/AQQAL/NQQPD/AQQPD:    1   1.000    1   1.000

 PHO_HARINI: hard scattering parameters for IP:  3
     particle 1 / particle 2:    2212     990
     min. PT   :    2.5  (energy-dependent)  
     PDF side 1:  GRV94 LO IGRP/ISET/IEXT    5   6   0
     PDF side 2:  CKMT-POM IGRP/ISET/IEXT    4   0   0
     LAMBDA1,2 (4 active flavours):   0.200   0.230
     max. number of active flavours NF  :  4
     NQQAL/AQQAL/NQQPD/AQQPD:    1   1.000    1   1.000

 PHO_HARINI: hard scattering parameters for IP:  2
     particle 1 / particle 2:    2212     990
     min. PT   :    2.5  (energy-dependent)  
     PDF side 1:  GRV94 LO IGRP/ISET/IEXT    5   6   0
     PDF side 2:  CKMT-POM IGRP/ISET/IEXT    4   0   0
     LAMBDA1,2 (4 active flavours):   0.200   0.230
     max. number of active flavours NF  :  4
     NQQAL/AQQAL/NQQPD/AQQPD:    1   1.000    1   1.000

 PHO_HARINI: hard scattering parameters for IP:  1
     particle 1 / particle 2:    2212    2212
     min. PT   :    2.5  (energy-dependent)  
     PDF side 1:  GRV94 LO IGRP/ISET/IEXT    5   6   0
     PDF side 2:  GRV94 LO IGRP/ISET/IEXT    5   6   0
     LAMBDA1,2 (4 active flavours):   0.200   0.200
     max. number of active flavours NF  :  4
     NQQAL/AQQAL/NQQPD/AQQPD:    1   1.000    1   1.000

 Table of total cross sections (mb) for particle combination  1
  Ecm    SIGtot  SIGela  SIGine  SIGqel  SIGsd1  SIGsd2  SIGdd
 -------------------------------------------------------------
  5.00E+00 3.98E+01 7.77E+00 3.20E+01 0.00E+00 1.35E+00 1.35E+00 1.80E-01
  5.93E+00 3.92E+01 7.48E+00 3.17E+01 0.00E+00 1.43E+00 1.43E+00 2.23E-01
  7.04E+00 3.88E+01 7.27E+00 3.16E+01 0.00E+00 1.53E+00 1.53E+00 2.70E-01
  8.35E+00 3.86E+01 7.11E+00 3.15E+01 0.00E+00 1.64E+00 1.64E+00 3.25E-01
  9.91E+00 3.86E+01 6.99E+00 3.16E+01 0.00E+00 1.75E+00 1.75E+00 4.04E-01
  1.18E+01 3.86E+01 6.90E+00 3.17E+01 0.00E+00 1.87E+00 1.87E+00 4.90E-01
  1.40E+01 3.88E+01 6.84E+00 3.19E+01 0.00E+00 1.99E+00 1.99E+00 5.87E-01
  1.66E+01 3.90E+01 6.81E+00 3.22E+01 0.00E+00 2.12E+00 2.12E+00 6.91E-01
  1.96E+01 3.94E+01 6.80E+00 3.26E+01 0.00E+00 2.26E+00 2.25E+00 8.01E-01
  2.33E+01 3.98E+01 6.82E+00 3.30E+01 0.00E+00 2.40E+00 2.40E+00 9.15E-01
  2.77E+01 4.03E+01 6.85E+00 3.34E+01 0.00E+00 2.55E+00 2.55E+00 1.04E+00
  3.28E+01 4.08E+01 6.89E+00 3.39E+01 0.00E+00 2.70E+00 2.70E+00 1.16E+00
  3.89E+01 4.14E+01 6.95E+00 3.45E+01 0.00E+00 2.86E+00 2.86E+00 1.29E+00
  4.62E+01 4.21E+01 7.02E+00 3.50E+01 0.00E+00 3.02E+00 3.02E+00 1.43E+00
  5.48E+01 4.28E+01 7.10E+00 3.57E+01 0.00E+00 3.19E+00 3.18E+00 1.57E+00

 activated processes, cross section
 ----------------------------------
       nondiffr. resolved processes  1    1  1  1
                 elastic scattering  0    0  0  0
     qelast. vectormeson production  1    0  0  0
           double pomeron processes  1    0  0  0
      single diffract. particle (1)  1    0  0  0
      single diffract. particle (2)  1    0  0  0
         double diffract. processes  1    0  0  0
            direct photon processes  1    1  1  1
   maximum search (Elow/Eup/Epeak) 5.0000E+00 5.4808E+01 5.4808E+01
           max. cross section (mb)  3.5665E+01


 PHO_HARSCA: activated hard processes
 ------------------------------------
     PROCESS,    IP= 1 ... 4 (on/off)
   1     G  +G  --> G  +G    1  1  1  1
   2     Q  +QB --> G  +G    1  1  1  1
   3     G  +Q  --> G  +Q    1  1  1  1
   4     G  +G  --> Q  +QB   1  1  1  1
   5     Q  +QB --> Q  +QB   1  1  1  1
   6     Q  +QB --> QP +QBP  1  1  1  1
   7     Q  +Q  --> Q  +Q    1  1  1  1
   8     Q  +QP --> Q  +QP   1  1  1  1
   9     resolved processes  1  1  1  1
  10     gam+Q  --> G  +Q    1  1  1  1
  11     gam+G  --> Q  +QB   1  1  1  1
  12     Q  +gam--> G  +Q    1  1  1  1
  13     G  +gam--> Q  +QB   1  1  1  1
  14     gam+gam--> Q  +QB   1  1  1  1
  15     direct processes    1  1  1  1
  16     gam+gam--> l+ +l-   0  0  0  0

 INIT:  multiple scattering disallowed



 SHMAKI:    Glauber formalism (Shmakov et. al) - initialization
            ---------------------------------------------------

                                      projectile      target
 Mass number / charge                  12 /  6       12 /  6

 Nucleon-nucleon c.m. energy              41.57 GeV

 Parameters of elastic scattering amplitude:
     sigma =  41.13 mb      rho =    0.0223      slope = 11.9 GeV^-2

 Number of b-steps     49        statistics at each b-step     1000

 Prod. cross section         851.6563 mb

 DT_SIGEMU:    Combined cross sections
               -----------------------

 E_cm =     41.6 GeV  Q^2 =   0.0 GeV^2 :

 total                                    0.0000 +-    0.00000 mb
 elastic                                  0.0000 +-    0.00000 mb
 quasi-elastic (A+B-->A+X)                0.0000 +-    0.00000 mb
 quasi-elastic (A+B-->X+B)                0.0000 +-    0.00000 mb
 quasi-elastic (A+B-->X, excl. 2-4)       0.0000 +-    0.00000 mb
 production                             851.6563 +-    7.53777 mb
 diff-el                                  0.0000 +-    0.00000 mb
 diff-qel                                 0.0000 +-    0.00000 mb

 FER4M:   sampling of Fermi-momenta activated
 DT_INITJS: JETSET-parameter for PHOJET
 DT_JSPARA: new value (default value)
            PARJ(  1):  0.085 ( 0.100)
            PARJ(  2):  0.260 ( 0.300)
            PARJ(  3):  0.800 ( 0.400)
            PARJ(  5):  0.150 ( 0.500)
            PARJ( 11):  0.380 ( 0.500)
            MSTJ( 12):      3 (     2)
            PARJ( 18):  0.300 ( 1.000)
            PARJ( 19):  0.400 ( 1.000)
            MSTU( 22):  50000 (    10)
            MSTJ( 22):      2 (     1)
            PARJ( 42):  0.860 ( 0.580)
            PARU(108):  0.008 ( 0.000)
1                                                                              
 ******************************************************************************
 ******************************************************************************
 **                                                                          **
 **                                                                          **
 **              *......*                  Welcome to the Lund Monte Carlo!  **
 **         *:::!!:::::::::::*                                               **
 **      *::::::!!::::::::::::::*          PPP  Y   Y TTTTT H   H III   A    **
 **    *::::::::!!::::::::::::::::*        P  P  Y Y    T   H   H  I   A A   **
 **   *:::::::::!!:::::::::::::::::*       PPP    Y     T   HHHHH  I  AAAAA  **
 **   *:::::::::!!:::::::::::::::::*       P      Y     T   H   H  I  A   A  **
 **    *::::::::!!::::::::::::::::*!       P      Y     T   H   H III A   A  **
 **      *::::::!!::::::::::::::* !!                                         **
 **      !! *:::!!:::::::::::*    !!       This is PYTHIA version 6.115      **
 **      !!     !* -><- *         !!       Last date of change: 27 Jan 1998  **
 **      !!     !!                !!                                         **
 **      !!     !!                !!                                         **
 **      !!                       !!                                         **
 **      !!        ep             !!       Disclaimer: this program comes    **
 **      !!                       !!       without any guarantees. Beware    **
 **      !!                 pp    !!       of errors and use common sense    **
 **      !!   e+e-                !!       when interpreting results.        **
 **      !!                       !!                                         **
 **      !!                                Copyright T. Sjostrand (1997)     **
 **                                                                          **
 ** An archive of program versions and documentation is found on the web:    **
 ** http://www.thep.lu.se/tf2/staff/torbjorn/Pythia.html                     **
 **                                                                          **
 ** When you cite this program, currently the official reference is          **
 ** T. Sjostrand, Computer Physics Commun. 82 (1994) 74.                     **
 ** The supersymmetry extensions are described in                            **
 ** S. Mrenna, Computer Physics Commun. 101 (1997) 232                       **
 ** Also remember that the program, to a large extent, represents original   **
 ** physics research. Other publications of special relevance to your        **
 ** studies may therefore deserve separate mention.                          **
 **                                                                          **
 ** Main author: Torbjorn Sjostrand; Department of Theoretical Physics 2,    **
 **   Lund University, Solvegatan 14A, S-223 62 Lund, Sweden;                **
 **   phone: + 46 - 46 - 222 48 16; e-mail: torbjorn@thep.lu.se              **
 ** SUSY author: Stephen Mrenna, Argonne National Laboratory,                **
 **   9700 South Cass Avenue, Argonne, IL 60439, USA;                        **
 **   phone: + 1 - 630 - 252 - 7615; e-mail: mrenna@hep.anl.gov              **
 **                                                                          **
 **                                                                          **
 ******************************************************************************
 ******************************************************************************

     Advisory warning type 9 given after        1 PYEXEC calls:
     (PYKFIN:) PARJ(18)<1 combined with 0<MSTJ(12)<5 option

 FOZOCA:  intranuclear cascade treated for a maximum of  25 generations
          formation time parameter:  3.5  fm/c         modus: 1
          p_t dependent formation zone

 DT_INITJS: JETSET-parameter for DTUNUC
 DT_JSPARA: new value (default value)
            PARJ(  1):  0.110 ( 0.100)
            PARJ(  2):  0.360 ( 0.300)
            PARJ(  3):  0.800 ( 0.400)
            PARJ(  5):  0.150 ( 0.500)
            PARJ( 11):  0.380 ( 0.500)
            MSTU( 12):      0 (     1)
            MSTJ( 12):      3 (     2)
            PARJ( 18):  0.300 ( 1.000)
            PARJ( 19):  0.200 ( 1.000)
            PARJ( 21):  0.300 ( 0.360)
            MSTU( 22):  50000 (    10)
            MSTJ( 22):      2 (     1)
            MSTU( 27):      1 (     0)
            MSTU( 28):      9 (     0)
            PARU(108):  0.008 ( 0.000)
            MSTU(123):      1 (     0)
            MSTU(124):      1 (     0)
            MSTU(125):     10 (     0)

     Advisory warning type 3 given after     7006 PYEXEC calls:
     (PYPREP:) too small mass in jet system

     Advisory warning type 3 given after     7006 PYEXEC calls:
     (PYPREP:) too small mass in jet system

     Advisory warning type 3 given after     7006 PYEXEC calls:
     (PYPREP:) too small mass in jet system

     Advisory warning type 4 given after    11882 PYEXEC calls:
     (PYDECY:) caught in loop for decay channel 624

     Advisory warning type 4 given after    27531 PYEXEC calls:
     (PYDECY:) caught in loop for decay channel 624

 HISTAT:              statistics - intranuclear cascade
                      ---------------------------------

 no. of events for normalization: (accepted final events, evt)     50000
                                  (events before evap.-step, evt1)     0
 no. of rejected events due to intranuclear cascade                    0

 no. of wounded nucl. in proj./ target (mean per evt)       1.39 /  1.39
 no. of particles unable to escape proj./ target (mean per evt)
        baryons:  pos.   0.467 /  0.469   neg.   0.000 /  0.000
        mesons:   pos.   0.002 /  0.002   neg.   0.000 /  0.000
 maximum no. of generations treated (maximum allowed:  25)
                                           (mean per evt)       1.21
 no. of sec. interactions in proj./ target (mean per evt1)  1.357 /  1.362
        out of which by inelastic interactions              0.397 /  0.404
                     by elastic interactions                0.892 /  0.891
                     by absorption (ap, K-, pi- only)       0.068 /  0.067


 HISTAT:              statistics - residual nuclei, evaporation
                      -----------------------------------------

 no. of events for normal.: (events handled by FICONF, evt)            0
                            (events passing the evap.-step, evt1)      0
 no. of rejected events     (   0,   0,   0)                           0


                      1) before evaporation-step:

 residual nuclei:  (mean values per evt)            proj. / target

        total number of particles                   0.000    0.000
        out of which: protons                       0.000    0.000
                      neutrons                      0.000    0.000
                      baryons                       0.000    0.000
                      pos. baryons                  0.000    0.000
        total charge                                0.000    0.000

        excitation energy (bef. evap.-step)     0.000E+00  0.000E+00
        excitation energy per nucleon           0.000E+00  0.000E+00


                      2) after  evaporation-step:

 Evaporation:         not requested


 HIMULT:                     particle - statistics
                             ---------------------

 fast/grey/black: EMU-def.

 particle    |            average multiplicity
             |     total         fast       grey     black    <pt>     f(1.7)
 ------------+---------------------------------------------------------------
 P          1|      4.706700     3.927160  0.64510  0.13444  0.44766  0.78646
 AP         2|      0.589880     0.588740  0.00110  0.00004  0.47578  0.00943
 E-         3|      0.020760     0.020760  0.00000  0.00000  0.15757  0.00004
 E+         4|      0.020760     0.020760  0.00000  0.00000  0.15845  0.00004
 NUE        5|      0.000000     0.000000  0.00000  0.00000  0.00000  0.00000
 ANUE       6|      0.000000     0.000000  0.00000  0.00000  0.00000  0.00000
 GAM        7|      3.313020     3.313020  0.00000  0.00000  0.30627  0.01799
 NEU        8|      4.672320     3.908280  0.63480  0.12924  0.44961  0.77873
 ANEU       9|      0.577160     0.576060  0.00108  0.00002  0.47702  0.00917
 MUE+      10|      0.001380     0.001360  0.00002  0.00000  0.21630  0.00001
 MUE-      11|      0.001380     0.001380  0.00000  0.00000  0.24267  0.00001
 K0L       12|      1.906440     1.896400  0.00980  0.00024  0.42008  0.01730
 PI+       13|     17.708980    17.571200  0.11680  0.02098  0.34729  0.14606
 PI-       14|     17.707880    17.571240  0.11724  0.01940  0.34741  0.14624
 K+        15|      2.147620     2.133600  0.01332  0.00070  0.42264  0.02132
 K-        16|      1.735880     1.729160  0.00632  0.00040  0.40808  0.01401
 LAM       17|      0.780440     0.756540  0.02344  0.00046  0.53804  0.05069
 ALAM      18|      0.372040     0.371360  0.00068  0.00000  0.50702  0.00868
 K0S       19|      1.919460     1.909420  0.00970  0.00034  0.42271  0.01788
 SIGM-     20|      0.214900     0.209380  0.00544  0.00008  0.54710  0.01331
 SIGM+     21|      0.219440     0.214480  0.00488  0.00008  0.54608  0.01297
 SIGM0     22|      0.293820     0.282720  0.01092  0.00018  0.55543  0.02202
 PI0       23|     21.259800    21.082780  0.16862  0.00840  0.32363  0.16370
 K0        24|      0.000000     0.000000  0.00000  0.00000  0.00000  0.00000
 AK0       25|      0.000000     0.000000  0.00000  0.00000  0.00000  0.00000
 BLANK     26|     20.483180    20.332920  0.13032  0.01994  0.36015  0.18854
 BLANK     27|     45.497260    44.410500  0.91062  0.17614  0.36873  1.16070
 BLANK     28|      0.000000     0.000000  0.00000  0.00000  0.00000  0.00000
 BLANK     29|      0.000000     0.000000  0.00000  0.00000  0.00000  0.00000
 BLANK     30|     80.891840    78.806780  1.77004  0.31502  0.36581  2.25489
 ETA550    31|      0.000000     0.000000  0.00000  0.00000  0.00000  0.00000
 RHO+77    32|      0.000000     0.000000  0.00000  0.00000  0.00000  0.00000
 RHO077    33|      0.000000     0.000000  0.00000  0.00000  0.00000  0.00000
 RHO-77    34|      0.000000     0.000000  0.00000  0.00000  0.00000  0.00000
 OM0783    35|      0.000000     0.000000  0.00000  0.00000  0.00000  0.00000
 K*+892    36|      0.000000     0.000000  0.00000  0.00000  0.00000  0.00000
 K*0892    37|      0.000000     0.000000  0.00000  0.00000  0.00000  0.00000
 K*-892    38|      0.000000     0.000000  0.00000  0.00000  0.00000  0.00000
 AK*089    39|      0.000000     0.000000  0.00000  0.00000  0.00000  0.00000
 KA+125    40|      0.000000     0.000000  0.00000  0.00000  0.00000  0.00000
 KA0125    41|      0.000000     0.000000  0.00000  0.00000  0.00000  0.00000
 KA-125    42|      0.000000     0.000000  0.00000  0.00000  0.00000  0.00000
 AKA012    43|      0.000000     0.000000  0.00000  0.00000  0.00000  0.00000
 K*+142    44|      0.000000     0.000000  0.00000  0.00000  0.00000  0.00000
 K*0142    45|      0.000000     0.000000  0.00000  0.00000  0.00000  0.00000
 K*-142    46|      0.000000     0.000000  0.00000  0.00000  0.00000  0.00000
 AK*014    47|      0.000000     0.000000  0.00000  0.00000  0.00000  0.00000
 S+1385    48|      0.000000     0.000000  0.00000  0.00000  0.00000  0.00000
 S01385    49|      0.000000     0.000000  0.00000  0.00000  0.00000  0.00000
 S-1385    50|      0.000000     0.000000  0.00000  0.00000  0.00000  0.00000
 L01820    51|      0.000000     0.000000  0.00000  0.00000  0.00000  0.00000
 L02030    52|      0.000000     0.000000  0.00000  0.00000  0.00000  0.00000
 N*++12    53|      0.000000     0.000000  0.00000  0.00000  0.00000  0.00000
 N*+ 12    54|      0.000000     0.000000  0.00000  0.00000  0.00000  0.00000
 N*012     55|      0.000000     0.000000  0.00000  0.00000  0.00000  0.00000
 N*-12     56|      0.000000     0.000000  0.00000  0.00000  0.00000  0.00000
 N*++16    57|      0.000000     0.000000  0.00000  0.00000  0.00000  0.00000
 N*+16     58|      0.000000     0.000000  0.00000  0.00000  0.00000  0.00000
 N*016     59|      0.000000     0.000000  0.00000  0.00000  0.00000  0.00000
 N*-16     60|      0.000000     0.000000  0.00000  0.00000  0.00000  0.00000
 N*+14     61|      0.000000     0.000000  0.00000  0.00000  0.00000  0.00000
 N*014     62|      0.000000     0.000000  0.00000  0.00000  0.00000  0.00000
 N*+15     63|      0.000000     0.000000  0.00000  0.00000  0.00000  0.00000
 N*015     64|      0.000000     0.000000  0.00000  0.00000  0.00000  0.00000
 N*+18     65|      0.000000     0.000000  0.00000  0.00000  0.00000  0.00000
 N*018     66|      0.000000     0.000000  0.00000  0.00000  0.00000  0.00000
 AN--12    67|      0.000000     0.000000  0.00000  0.00000  0.00000  0.00000
 AN*-12    68|      0.000000     0.000000  0.00000  0.00000  0.00000  0.00000
 AN*012    69|      0.000000     0.000000  0.00000  0.00000  0.00000  0.00000
 AN*+12    70|      0.000000     0.000000  0.00000  0.00000  0.00000  0.00000
 AN--16    71|      0.000000     0.000000  0.00000  0.00000  0.00000  0.00000
 AN*-16    72|      0.000000     0.000000  0.00000  0.00000  0.00000  0.00000
 AN*016    73|      0.000000     0.000000  0.00000  0.00000  0.00000  0.00000
 AN*+16    74|      0.000000     0.000000  0.00000  0.00000  0.00000  0.00000
 AN*-15    75|      0.000000     0.000000  0.00000  0.00000  0.00000  0.00000
 AN*015    76|      0.000000     0.000000  0.00000  0.00000  0.00000  0.00000
 DE*=24    77|      0.000000     0.000000  0.00000  0.00000  0.00000  0.00000
 RPI+49    78|      0.000000     0.000000  0.00000  0.00000  0.00000  0.00000
 RPI049    79|      0.000000     0.000000  0.00000  0.00000  0.00000  0.00000
 RPI-49    80|      0.000000     0.000000  0.00000  0.00000  0.00000  0.00000
 PIN++     81|      0.000000     0.000000  0.00000  0.00000  0.00000  0.00000
 PIN+0     82|      0.000000     0.000000  0.00000  0.00000  0.00000  0.00000
 PIN+-     83|      0.000000     0.000000  0.00000  0.00000  0.00000  0.00000
 PIN-0     84|      0.000000     0.000000  0.00000  0.00000  0.00000  0.00000
 PPPI      85|      0.000000     0.000000  0.00000  0.00000  0.00000  0.00000
 PNPI      86|      0.000000     0.000000  0.00000  0.00000  0.00000  0.00000
 APPPI     87|      0.000000     0.000000  0.00000  0.00000  0.00000  0.00000
 APNPI     88|      0.000000     0.000000  0.00000  0.00000  0.00000  0.00000
 K+PPI     89|      0.000000     0.000000  0.00000  0.00000  0.00000  0.00000
 K-PPI     90|      0.000000     0.000000  0.00000  0.00000  0.00000  0.00000
 K+NPI     91|      0.000000     0.000000  0.00000  0.00000  0.00000  0.00000
 K-NPI     92|      0.000000     0.000000  0.00000  0.00000  0.00000  0.00000
 S+1820    93|      0.000000     0.000000  0.00000  0.00000  0.00000  0.00000
 S-2030    94|      0.000000     0.000000  0.00000  0.00000  0.00000  0.00000
 ETA*      95|      0.000000     0.000000  0.00000  0.00000  0.00000  0.00000
 PHI       96|      0.000000     0.000000  0.00000  0.00000  0.00000  0.00000
 TETA0     97|      0.092000     0.091800  0.00020  0.00000  0.55018  0.00286
 TETA-     98|      0.092040     0.091940  0.00010  0.00000  0.55939  0.00272
 ASIG-     99|      0.109520     0.109400  0.00010  0.00002  0.51719  0.00232
 ASIG0    100|      0.119180     0.119060  0.00012  0.00000  0.50241  0.00267
 ASIG+    101|      0.107660     0.107520  0.00014  0.00000  0.51383  0.00239
 ATETA0   102|      0.088100     0.088040  0.00006  0.00000  0.54114  0.00248
 ATETA+   103|      0.088180     0.088140  0.00004  0.00000  0.53622  0.00236
 SIG*+    104|      0.000000     0.000000  0.00000  0.00000  0.00000  0.00000
 SIG*0    105|      0.000000     0.000000  0.00000  0.00000  0.00000  0.00000
 SIG*-    106|      0.000000     0.000000  0.00000  0.00000  0.00000  0.00000
 TETA*0   107|      0.000000     0.000000  0.00000  0.00000  0.00000  0.00000
 TETA*    108|      0.000000     0.000000  0.00000  0.00000  0.00000  0.00000
 OMEGA-   109|      0.010780     0.010760  0.00002  0.00000  0.58930  0.00046
 ASIG*-   110|      0.000000     0.000000  0.00000  0.00000  0.00000  0.00000
 ASIG*0   111|      0.000000     0.000000  0.00000  0.00000  0.00000  0.00000
 ASIG*+   112|      0.000000     0.000000  0.00000  0.00000  0.00000  0.00000
 ATET*0   113|      0.000000     0.000000  0.00000  0.00000  0.00000  0.00000
 ATET*+   114|      0.000000     0.000000  0.00000  0.00000  0.00000  0.00000
 OMEGA+   115|      0.013000     0.013000  0.00000  0.00000  0.61110  0.00054
 D0       116|      0.000220     0.000220  0.00000  0.00000  1.29644  0.00001
 D+       117|      0.000140     0.000140  0.00000  0.00000  1.78634  0.00000
 D-       118|      0.000120     0.000120  0.00000  0.00000  2.20382  0.00001
 AD0      119|      0.000500     0.000500  0.00000  0.00000  1.55069  0.00002
 F+       120|      0.000020     0.000020  0.00000  0.00000  1.11190  0.00000
 F-       121|      0.000020     0.000020  0.00000  0.00000  0.64214  0.00000
 ETAC     122|      0.000000     0.000000  0.00000  0.00000  0.00000  0.00000
 D*0      123|      0.000000     0.000000  0.00000  0.00000  0.00000  0.00000
 D*+      124|      0.000000     0.000000  0.00000  0.00000  0.00000  0.00000
 D*-      125|      0.000000     0.000000  0.00000  0.00000  0.00000  0.00000
 AD*0     126|      0.000000     0.000000  0.00000  0.00000  0.00000  0.00000
 F*+      127|      0.000000     0.000000  0.00000  0.00000  0.00000  0.00000
 F*-      128|      0.000000     0.000000  0.00000  0.00000  0.00000  0.00000
 PSI      129|      0.000000     0.000000  0.00000  0.00000  0.00000  0.00000
 JPSI     130|      0.000000     0.000000  0.00000  0.00000  0.00000  0.00000
 TAU+     131|      0.000000     0.000000  0.00000  0.00000  0.00000  0.00000
 TAU-     132|      0.000000     0.000000  0.00000  0.00000  0.00000  0.00000
 NUET     133|      0.000000     0.000000  0.00000  0.00000  0.00000  0.00000
 ANUET    134|      0.000000     0.000000  0.00000  0.00000  0.00000  0.00000
 NUEM     135|      0.000000     0.000000  0.00000  0.00000  0.00000  0.00000
 ANUEM    136|      0.000000     0.000000  0.00000  0.00000  0.00000  0.00000
 C0+      137|      0.000140     0.000140  0.00000  0.00000  1.14254  0.00001
 A+       138|      0.000040     0.000040  0.00000  0.00000  1.48815  0.00000
 A0       139|      0.000060     0.000060  0.00000  0.00000  1.10784  0.00000
 C1++     140|      0.000020     0.000020  0.00000  0.00000  3.43017  0.00001
 C1+      141|      0.000000     0.000000  0.00000  0.00000  0.00000  0.00000
 C10      142|      0.000020     0.000020  0.00000  0.00000  3.46762  0.00000
 S+       143|      0.000000     0.000000  0.00000  0.00000  0.00000  0.00000
 S0       144|      0.000000     0.000000  0.00000  0.00000  0.00000  0.00000
 T0       145|      0.000000     0.000000  0.00000  0.00000  0.00000  0.00000
 XU++     146|      0.000000     0.000000  0.00000  0.00000  0.00000  0.00000
 XD+      147|      0.000000     0.000000  0.00000  0.00000  0.00000  0.00000
 XS+      148|      0.000000     0.000000  0.00000  0.00000  0.00000  0.00000
 AC0-     149|      0.000020     0.000020  0.00000  0.00000  2.12253  0.00000
 AA-      150|      0.000000     0.000000  0.00000  0.00000  0.00000  0.00000
 AA0      151|      0.000000     0.000000  0.00000  0.00000  0.00000  0.00000
 AC1--    152|      0.000000     0.000000  0.00000  0.00000  0.00000  0.00000
 AC1-     153|      0.000000     0.000000  0.00000  0.00000  0.00000  0.00000
 AC10     154|      0.000000     0.000000  0.00000  0.00000  0.00000  0.00000
 AS-      155|      0.000000     0.000000  0.00000  0.00000  0.00000  0.00000
 AS0      156|      0.000000     0.000000  0.00000  0.00000  0.00000  0.00000
 AT0      157|      0.000000     0.000000  0.00000  0.00000  0.00000  0.00000
 AXU--    158|      0.000000     0.000000  0.00000  0.00000  0.00000  0.00000
 AXD-     159|      0.000000     0.000000  0.00000  0.00000  0.00000  0.00000
 AXS      160|      0.000000     0.000000  0.00000  0.00000  0.00000  0.00000
 C1*++    161|      0.000000     0.000000  0.00000  0.00000  0.00000  0.00000
 C1*+     162|      0.000000     0.000000  0.00000  0.00000  0.00000  0.00000
 C1*0     163|      0.000000     0.000000  0.00000  0.00000  0.00000  0.00000
 S*+      164|      0.000000     0.000000  0.00000  0.00000  0.00000  0.00000
 S*0      165|      0.000000     0.000000  0.00000  0.00000  0.00000  0.00000
 T*0      166|      0.000000     0.000000  0.00000  0.00000  0.00000  0.00000
 XU*++    167|      0.000000     0.000000  0.00000  0.00000  0.00000  0.00000
 XD*+     168|      0.000000     0.000000  0.00000  0.00000  0.00000  0.00000
 XS*+     169|      0.000000     0.000000  0.00000  0.00000  0.00000  0.00000
 TETA++   170|      0.000000     0.000000  0.00000  0.00000  0.00000  0.00000
 AC1*--   171|      0.000000     0.000000  0.00000  0.00000  0.00000  0.00000
 AC1*-    172|      0.000000     0.000000  0.00000  0.00000  0.00000  0.00000
 AC1*0    173|      0.000000     0.000000  0.00000  0.00000  0.00000  0.00000
 AS*-     174|      0.000000     0.000000  0.00000  0.00000  0.00000  0.00000
 AS*0     175|      0.000000     0.000000  0.00000  0.00000  0.00000  0.00000
 AT*0     176|      0.000000     0.000000  0.00000  0.00000  0.00000  0.00000
 AXU*--   177|      0.000000     0.000000  0.00000  0.00000  0.00000  0.00000
 AXD*-    178|      0.000000     0.000000  0.00000  0.00000  0.00000  0.00000
 AXS*-    179|      0.000000     0.000000  0.00000  0.00000  0.00000  0.00000
 ATET--   180|      0.000000     0.000000  0.00000  0.00000  0.00000  0.00000
 RO       181|      0.000000     0.000000  0.00000  0.00000  0.00000  0.00000
 R+       182|      0.000000     0.000000  0.00000  0.00000  0.00000  0.00000
 R-       183|      0.000000     0.000000  0.00000  0.00000  0.00000  0.00000
 AN*-14   184|      0.000000     0.000000  0.00000  0.00000  0.00000  0.00000
 AN*014   185|      0.000000     0.000000  0.00000  0.00000  0.00000  0.00000
 PI+130   186|      0.000000     0.000000  0.00000  0.00000  0.00000  0.00000
 PI0130   187|      0.000000     0.000000  0.00000  0.00000  0.00000  0.00000
 PI-130   188|      0.000000     0.000000  0.00000  0.00000  0.00000  0.00000
 F01400   189|      0.000000     0.000000  0.00000  0.00000  0.00000  0.00000
 K*+146   190|      0.000000     0.000000  0.00000  0.00000  0.00000  0.00000
 K*-146   191|      0.000000     0.000000  0.00000  0.00000  0.00000  0.00000
 K*0146   192|      0.000000     0.000000  0.00000  0.00000  0.00000  0.00000
 AK0146   193|      0.000000     0.000000  0.00000  0.00000  0.00000  0.00000
 L01600   194|      0.000000     0.000000  0.00000  0.00000  0.00000  0.00000
 AL0160   195|      0.000000     0.000000  0.00000  0.00000  0.00000  0.00000
 S+1660   196|      0.000000     0.000000  0.00000  0.00000  0.00000  0.00000
 S01660   197|      0.000000     0.000000  0.00000  0.00000  0.00000  0.00000
 S-1660   198|      0.000000     0.000000  0.00000  0.00000  0.00000  0.00000
 AS-166   199|      0.000000     0.000000  0.00000  0.00000  0.00000  0.00000
 AS0166   200|      0.000000     0.000000  0.00000  0.00000  0.00000  0.00000
 AS+166   201|      0.000000     0.000000  0.00000  0.00000  0.00000  0.00000
 X01950   202|      0.000000     0.000000  0.00000  0.00000  0.00000  0.00000
 X-1950   203|      0.000000     0.000000  0.00000  0.00000  0.00000  0.00000
 AX0195   204|      0.000000     0.000000  0.00000  0.00000  0.00000  0.00000
 AX+195   205|      0.000000     0.000000  0.00000  0.00000  0.00000  0.00000
 OM-225   206|      0.000000     0.000000  0.00000  0.00000  0.00000  0.00000
 DEUTERON 207|      0.000000     0.000000  0.00000  0.00000  0.00000  0.00000
 3-H      208|      0.000000     0.000000  0.00000  0.00000  0.00000  0.00000
 3-HE     209|      0.000000     0.000000  0.00000  0.00000  0.00000  0.00000
 4-HE     210|      0.000000     0.000000  0.00000  0.00000  0.00000  0.00000


 STATIS:                    statistics of the run
                            ---------------------

 number of events requested / sampled                50000 /    50843
 number of samp. evts per requested event                 1.0

                                                      proj.    targ.
 average number of wounded nucleons after x-sampling      3.61      3.60


 PHOJET-treatment of chain systems above   5.0 GeV

 1. chain system statistics - total numbers:
                              --------------

            s-s     d-s     s-d     s-v     d-v     v-s     v-d     v-v

 req.to.    8564    2172    1860   70623   28729   71447   28459   82569

 low rq.    1348       6       6   11209       0   11298       0       0
 low ac.       0       0       0       0       0       0       0       0

 PHOJET     7216    2166    1854   59414   28729   60149   28459   43079
   sngl        0       0       0       0       0       0       0   39490

 no-dif.    5723    1859    1598   46996   24857   47344   24559   65131
 el-sca.       0       0       0       0       0       0       0       0
 qel-sc.       0       0       0       0       0       0       0       0
 dbl-Po.       0       0       0       0       0       0       0     166
 diff-1      626     201       0    5138    2681    5170       0    6984
  low        402       0       0    2856       0    2775       0    2517
  high       224     201       0    2282    2680    2395       0    4458
  h-diff       0       0       0       0       1       0       0       9
 diff-2      589       0     199    5039       0    5253    2665    6974
  low        364       0       0    2604       0    2760       0    2291
  high       225       0     199    2435       0    2493    2664    4674
  h-diff       0       0       0       0       0       0       1       9
 dbl-di.     278     106      57    2241    1191    2382    1235    3314
  lo-lo      126       0       0     770       0     809       0     479
  hi-hi       22      42      20     439     640     433     627    1154
  lo-hi       62       0      37     522       0     566     608     857
  hi-lo       68      64       0     509     551     573       0     818
 dir-ga.       0       0       0       0       0       0       0       0

 dir-1         0       0       0       0       0       0       0       0
 dir-2         0       0       0       0       0       0       0       0
 dbl-dir       0       0       0       0       0       0       0       0
 s-Pom.     7320    2703    2288   66518   39553   67207   39313  113911
 h-Pom.       15       7       8     169     204     165     237     682
 s-Reg.     1252      88      61    9037    1099    9234    1096    9293
 enh-trg       2       0       0      39      22      34      22     711
 enh-log       0       0       0       7      10      14       2     356

 2. chain system statistics - mean numbers per evt:
                              ---------------------

                s-s       d-s       s-d

 req.to.      0.17E+00  0.43E-01  0.37E-01

 low rq.      0.27E-01  0.12E-03  0.12E-03
 low ac.      0.00E+00  0.00E+00  0.00E+00

 PHOJET       0.14E+00  0.43E-01  0.36E-01

 no-dif.      0.11E+00  0.37E-01  0.31E-01
 el-sca.      0.00E+00  0.00E+00  0.00E+00
 qel-sc.      0.00E+00  0.00E+00  0.00E+00
 dbl-Po.      0.00E+00  0.00E+00  0.00E+00
 diff-1       0.12E-01  0.40E-02  0.00E+00
 diff-2       0.12E-01  0.00E+00  0.39E-02
 dbl-di.      0.55E-02  0.21E-02  0.11E-02
 dir-ga.      0.00E+00  0.00E+00  0.00E+00

 dir-1        0.00E+00  0.00E+00  0.00E+00
 dir-2        0.00E+00  0.00E+00  0.00E+00
 dbl-dir      0.00E+00  0.00E+00  0.00E+00
 s-Pom.       0.14E+00  0.53E-01  0.45E-01
 h-Pom.       0.30E-03  0.14E-03  0.16E-03
 s-Reg.       0.25E-01  0.17E-02  0.12E-02
 enh-trg      0.39E-04  0.00E+00  0.00E+00
 enh-log      0.00E+00  0.00E+00  0.00E+00

                s-v       d-v       v-s       v-d       v-v

 req.to.      0.14E+01  0.57E+00  0.14E+01  0.56E+00  0.16E+01

 low rq.      0.22E+00  0.00E+00  0.22E+00  0.00E+00  0.00E+00
 low ac.      0.00E+00  0.00E+00  0.00E+00  0.00E+00  0.00E+00

 PHOJET       0.12E+01  0.57E+00  0.12E+01  0.56E+00  0.85E+00

 no-dif.      0.92E+00  0.49E+00  0.93E+00  0.48E+00  0.13E+01
 el-sca.      0.00E+00  0.00E+00  0.00E+00  0.00E+00  0.00E+00
 qel-sc.      0.00E+00  0.00E+00  0.00E+00  0.00E+00  0.00E+00
 dbl-Po.      0.00E+00  0.00E+00  0.00E+00  0.00E+00  0.33E-02
 diff-1       0.10E+00  0.53E-01  0.10E+00  0.00E+00  0.14E+00
 diff-2       0.99E-01  0.00E+00  0.10E+00  0.52E-01  0.14E+00
 dbl-di.      0.44E-01  0.23E-01  0.47E-01  0.24E-01  0.65E-01
 dir-ga.      0.00E+00  0.00E+00  0.00E+00  0.00E+00  0.00E+00

 dir-1        0.00E+00  0.00E+00  0.00E+00  0.00E+00  0.00E+00
 dir-2        0.00E+00  0.00E+00  0.00E+00  0.00E+00  0.00E+00
 dbl-dir      0.00E+00  0.00E+00  0.00E+00  0.00E+00  0.00E+00
 s-Pom.       0.13E+01  0.78E+00  0.13E+01  0.77E+00  0.22E+01
 h-Pom.       0.33E-02  0.40E-02  0.32E-02  0.47E-02  0.13E-01
 s-Reg.       0.18E+00  0.22E-01  0.18E+00  0.22E-01  0.18E+00
 enh-trg      0.77E-03  0.43E-03  0.67E-03  0.43E-03  0.14E-01
 enh-log      0.14E-03  0.20E-03  0.28E-03  0.39E-04  0.70E-02

 CHASTA: generated chain configurations

 -----------------------------------------------------------------------------
 p\t         21     22     31     32     41     42     51     52     61     62
 -----------------------------------------------------------------------------
 21           9 126620      0 149373      0  19293   1136    770     26    414

  q aq        1      0      0  46831      0   9844    554    186     13     68
 aq q         0      0      0   1012      0      0      0     24      0      6
  q d         1  63319      0  22866      0      0      0      0      0      0
  d q         7  63301      0  55048      0   9449    582    558     13    339
 ad aq        0      0      0      0      0      0      0      2      0      1
  d ad        0      0      0  23470      0      0      0      0      0      0
 ad d         0      0      0    146      0      0      0      0      0      0

 -----------------------------------------------------------------------------
 p\t         21     22     31     32     41     42     51     52     61     62
 -----------------------------------------------------------------------------
 22           0      8      0      0      0      0      0   1323      0     22

  q aq        0      0      0      0      0      0      0    641      0      9
 aq q         0      0      0      0      0      0      0      1      0      0
  q d         0      2      0      0      0      0      0      0      0      0
  d q         0      6      0      0      0      0      0    680      0     13
 ad aq        0      0      0      0      0      0      0      1      0      0

 -----------------------------------------------------------------------------
 p\t         21     22     31     32     41     42     51     52     61     62
 -----------------------------------------------------------------------------
 31           0 148885      4  18673      0  12183   1890    855     14    244

  q aq        0   1028      0   6235      0   3153    203    156      6     35
 aq q         0  46730      3   6265      0   3176    189     80      2     81
  q d         0  54656      0   1433      0      0      0      0      0      0
  d q         0  22833      1   1654      0   2920    761    323      2    100
 aq ad        0      0      0   1420      0      0      0      0      0      0
 ad aq        0      0      0   1666      0   2934    737    296      4     28
  d ad        0    159      0      0      0      0      0      0      0      0
 ad d         0  23479      0      0      0      0      0      0      0      0

 -----------------------------------------------------------------------------
 p\t         21     22     31     32     41     42     51     52     61     62
 -----------------------------------------------------------------------------
 32           0      0      0      4      0      0      0   1908      0     19

  q aq        0      0      0      1      0      0      0    219      0      6
 aq q         0      0      0      0      0      0      0    223      0      4
  q d         0      0      0      1      0      0      0      0      0      0
  d q         0      0      0      0      0      0      0    748      0      7
 ad aq        0      0      0      0      0      0      0    718      0      2
  d ad        0      0      0      2      0      0      0      0      0      0

 -----------------------------------------------------------------------------
 p\t         21     22     31     32     41     42     51     52     61     62
 -----------------------------------------------------------------------------
 41           0  19561      0  12780      1    305      0   2059      0      6

  q aq        0      0      0   3386      0    149      0   1010      0      0
 aq q         0   9939      0   3400      1    156      0   1049      0      6
  q d         0   9622      0   2998      0      0      0      0      0      0
 aq ad        0      0      0   2996      0      0      0      0      0      0

 -----------------------------------------------------------------------------
 p\t         21     22     31     32     41     42     51     52     61     62
 -----------------------------------------------------------------------------
 42           0      0      0      0      0      3      0      0      0      0

 aq q         0      0      0      0      0      3      0      0      0      0

 -----------------------------------------------------------------------------
 p\t         21     22     31     32     41     42     51     52     61     62
 -----------------------------------------------------------------------------
 51           1    810      0    805      0   1793   8343 177380      0      0

  q aq        1     14      0     83      0    895   1672  85179      0      0
 aq q         0    229      0    134      0    898   1604  84959      0      0
  q d         0    551      0    291      0      0      0   3532      0      0
  d q         0      0      0      0      0      0   5067   3710      0      0
 aq ad        0     16      0    297      0      0      0      0      0      0

 -----------------------------------------------------------------------------
 p\t         21     22     31     32     41     42     51     52     61     62
 -----------------------------------------------------------------------------
 52           0      0      0      0      0      0      0   7885      0      0

  q aq        0      0      0      0      0      0      0   1600      0      0
 aq q         0      0      0      0      0      0      0   1575      0      0
  d q         0      0      0      0      0      0      0   4710      0      0

 -----------------------------------------------------------------------------
 p\t         21     22     31     32     41     42     51     52     61     62
 -----------------------------------------------------------------------------
 61           1    430      0    263      0      4      0      0      3     93

  q aq        0      7      0     77      0      3      0      0      3     52
 aq q         0     90      0     38      0      1      0      0      0     41
  q d         1    333      0    113      0      0      0      0      0      0
 aq ad        0      0      0     35      0      0      0      0      0      0

 -----------------------------------------------------------------------------
 p\t         21     22     31     32     41     42     51     52     61     62
 -----------------------------------------------------------------------------
 62           0      0      0      0      0      0      0      0      0      1

 aq q         0      0      0      0      0      0      0      0      0      1


 ====================================================
   --------- summary of event generation ----------
 ====================================================

 called,generated,accepted events:      270556      270556      270556
 average CMS energy:        41.9

 PHO_EVENT: generated and accepted events
 ----------------------------------------
   process, sampled, accepted, cross section (internal/external)
   non.diff.      218067      218067    2.875E+01    8.060E-01
   elas sca.           0           0    0.000E+00    0.000E+00
   qela sca.           0           0    0.000E+00    0.000E+00
   doub.pom.         166         166    2.188E-02    6.136E-04
   diff.par1       20800       20800    2.742E+00    7.688E-02
   diff.par2       20719       20719    2.731E+00    7.658E-02
   doub.dif.       10804       10804    1.424E+00    3.993E-02
   dir all             0           0    0.000E+00    0.000E+00
   dir X res           0           0    0.000E+00    0.000E+00
   res X dir           0           0    0.000E+00    0.000E+00
   dir X dir           0           0    0.000E+00    0.000E+00
   soft pom.      338913      338813    4.466E+01    1.252E+00
   hard pom.        1605        1487    1.960E-01    5.496E-03
   soft reg.       32537       31160    4.108E+00    1.152E-01
   enh. trg.         830         830    1.094E-01    3.068E-03
   enh. log.         389         389    5.128E-02    1.438E-03
   doub.pom.         228         228    3.006E-02    8.427E-04
   recursive pomeron splitting:  2
     1->2pom-cut :        3745
     1->doub-pom :          31
     1->diff-dis1:         392
     1->diff-dis2:         438
     1->doub-diff:         389

  sampled cross section (mb)   3.567E+01
 accepted cross section (mb)   3.567E+01


 PHO_REJSTA: rejection statistics
 --------------------------------
   1 PARTON ALL                1497
   2 STDPAR ALL                8165
   3 STDPAR DPO                   1
   4 POMSCA ALL                 314
   7 DIFDIS ALL                  16
   9 HRES.DIF.1                   4
  11 HRES.DIF.2                   4
  13 DIFDIS INT                7150
  21 DIF.DISS.1                3478
  22 DIF.DISS.2                3205
  24 MSHELL CHA                8762
  30 STRING ALL                1916
  31 POMSCA INT                 954
  32 DIFF SLOPE                3120
  34 MASCOR ALL                1888
  35 PARCOR ALL                  28
  36 MSHELL PAR                 401
  37 MSHELL ALL                 401
  39 DB-POM KIN                 119
  41 SOFTXX ALL                 201
  42 SOFTXX PSP                 237

 PHO_SAMPRO: internal process statistics (IP,<Ecm>)   1   4.194E+01
 ---------------------------------------
                process      sampled    cross section

         all processes     270556.        3.392E+01
      nondif.inelastic     218067.        2.734E+01
               elastic          0.        0.000E+00
     vmeson production          0.        0.000E+00
        double pomeron        166.        2.081E-02
      single diffr.(1)      20800.        2.608E+00
      single diffr.(2)      20719.        2.598E+00
      double diffract.      10804.        1.355E+00
      direct processes          0.        0.000E+00

 PHO_SAMPRO: internal process statistics (IP,<Ecm>)   2   7.666E+00
 ---------------------------------------
                process      sampled    cross section

         all processes      26635.        1.663E+01
      nondif.inelastic      26635.        1.663E+01
               elastic          0.        0.000E+00
     vmeson production          0.        0.000E+00
        double pomeron          0.        0.000E+00
      single diffr.(1)          0.        0.000E+00
      single diffr.(2)          0.        0.000E+00
      double diffract.          0.        0.000E+00
      direct processes          0.        0.000E+00

 PHO_SAMPRO: internal process statistics (IP,<Ecm>)   3   7.063E+00
 ---------------------------------------
                process      sampled    cross section

         all processes      19236.        1.681E+01
      nondif.inelastic      19236.        1.681E+01
               elastic          0.        0.000E+00
     vmeson production          0.        0.000E+00
        double pomeron          0.        0.000E+00
      single diffr.(1)          0.        0.000E+00
      single diffr.(2)          0.        0.000E+00
      double diffract.          0.        0.000E+00
      direct processes          0.        0.000E+00

 PHO_SAMPRO: internal process statistics (IP,<Ecm>)   4   4.877E+00
 ---------------------------------------
                process      sampled    cross section

         all processes        115.        1.046E+01
      nondif.inelastic        115.        1.046E+01
               elastic          0.        0.000E+00
     vmeson production          0.        0.000E+00
        double pomeron          0.        0.000E+00
      single diffr.(1)          0.        0.000E+00
      single diffr.(2)          0.        0.000E+00
      double diffract.          0.        0.000E+00
      direct processes          0.        0.000E+00

 PHO_SAMPRB: interaction statistics
 ----------------------------------
 statistics for IP,<Ecm_1>,<Ecm_2>  1    4.193E+01    4.193E+01
     average number of s-pom,h-pom,reg cuts (bare)
          219548.  2.4145E+00  1.1574E-02  4.7994E-02
     average (with energy/virtuality corrections)
          219548.  1.7537E+00  1.1528E-02  2.2319E-02
 statistics for IP,<Ecm_1>,<Ecm_2>  2    5.522E+00    5.522E+00
     average number of s-pom,h-pom,reg cuts (bare)
           43159.  1.1043E+00  5.7925E-04  1.1649E+00
     average (with energy/virtuality corrections)
           43159.  5.7805E-01  5.7925E-04  4.6695E-01
 statistics for IP,<Ecm_1>,<Ecm_2>  3    5.067E+00    5.067E+00
     average number of s-pom,h-pom,reg cuts (bare)
           32065.  1.0702E+00  5.3017E-04  1.1708E+00
     average (with energy/virtuality corrections)
           32065.  5.5313E-01  4.6780E-04  4.8021E-01
 statistics for IP,<Ecm_1>,<Ecm_2>  4    3.862E+00    3.862E+00
     average number of s-pom,h-pom,reg cuts (bare)
             198.  7.9798E-01  0.0000E+00  2.3636E+00
     average (with energy/virtuality corrections)
             198.  5.0000E-01  0.0000E+00  5.2020E-01

 PHO_PARTON: internal statistics on parton configurations
 --------------------------------------------------------
     process          sampled      accepted
     soft pom.      385019      300190
     hard pom.        2531        1459
     soft reg.        4900        4247
     enh. tri.           0         824
     enh. loo.           0         387
     diff.pa1.       20803       20800
     diff.pa2.       20722       20719
     doub.dif.       10814       10804
     doub.pom.         166         166
     dir.phot.           0           0


 PHO_POMCOR: total/joined strings  762106       0

 PHO_MASCOR: total/converted strings  762106  139390


 PHO_EVENT: statistics of hard scattering processes
 --------------------------------------------------

     process (accepted,x-section internal/external) for IP:  1
   0 sum over processes         33490        5016    6.612E-01    5.393E-03
   1 G  +G  --> G  +G           12976        1841    2.427E-01    1.793E-03
   2 Q  +QB --> G  +G              68          14    1.846E-03    2.587E-05
   3 G  +Q  --> G  +Q           15685        2480    3.269E-01    2.672E-03
   4 G  +G  --> Q  +QB            279          78    1.028E-02    8.871E-05
   5 Q  +QB --> Q  +QB            599         108    1.424E-02    1.183E-04
   6 Q  +QB --> QP +QBP            43          14    1.846E-03    1.478E-05
   7 Q  +Q  --> Q  +Q            1381         127    1.674E-02    1.959E-04
   8 Q  +QP --> Q  +QP           2459         354    4.667E-02    4.842E-04
   9 resolved processes         33490        5016    6.612E-01    5.393E-03
  10 gam+Q  --> G  +Q               0           0    0.000E+00    0.000E+00
  11 gam+G  --> Q  +QB              0           0    0.000E+00    0.000E+00
  12 Q  +gam--> G  +Q               0           0    0.000E+00    0.000E+00
  13 G  +gam--> Q  +QB              0           0    0.000E+00    0.000E+00
  14 gam+gam--> Q  +QB              0           0    0.000E+00    0.000E+00
  15 direct processes               0           0    0.000E+00    0.000E+00
  16 gam+gam--> l+ +l-              0           0    0.000E+00    0.000E+00

     process (accepted,x-section internal/external) for IP:  2
   0 sum over processes           357          40    5.273E-03    5.914E-05
   1 G  +G  --> G  +G             234          14    1.846E-03    2.587E-05
   2 Q  +QB --> G  +G               1           2    2.636E-04    3.696E-06
   3 G  +Q  --> G  +Q             104          16    2.109E-03    1.478E-05
   4 G  +G  --> Q  +QB              8           0    0.000E+00    0.000E+00
   5 Q  +QB --> Q  +QB              1           2    2.636E-04    3.696E-06
   6 Q  +QB --> QP +QBP             0           0    0.000E+00    0.000E+00
   7 Q  +Q  --> Q  +Q               1           0    0.000E+00    0.000E+00
   8 Q  +QP --> Q  +QP              8           6    7.909E-04    1.109E-05
   9 resolved processes           357          40    5.273E-03    5.914E-05
  10 gam+Q  --> G  +Q               0           0    0.000E+00    0.000E+00
  11 gam+G  --> Q  +QB              0           0    0.000E+00    0.000E+00
  12 Q  +gam--> G  +Q               0           0    0.000E+00    0.000E+00
  13 G  +gam--> Q  +QB              0           0    0.000E+00    0.000E+00
  14 gam+gam--> Q  +QB              0           0    0.000E+00    0.000E+00
  15 direct processes               0           0    0.000E+00    0.000E+00
  16 gam+gam--> l+ +l-              0           0    0.000E+00    0.000E+00

     process (accepted,x-section internal/external) for IP:  3
   0 sum over processes           240          26    3.427E-03    4.435E-05
   1 G  +G  --> G  +G             170          10    1.318E-03    1.848E-05
   2 Q  +QB --> G  +G               0           0    0.000E+00    0.000E+00
   3 G  +Q  --> G  +Q              58          14    1.846E-03    2.218E-05
   4 G  +G  --> Q  +QB              6           0    0.000E+00    0.000E+00
   5 Q  +QB --> Q  +QB              2           0    0.000E+00    0.000E+00
   6 Q  +QB --> QP +QBP             0           0    0.000E+00    0.000E+00
   7 Q  +Q  --> Q  +Q               2           0    0.000E+00    0.000E+00
   8 Q  +QP --> Q  +QP              2           2    2.636E-04    3.696E-06
   9 resolved processes           240          26    3.427E-03    4.435E-05
  10 gam+Q  --> G  +Q               0           0    0.000E+00    0.000E+00
  11 gam+G  --> Q  +QB              0           0    0.000E+00    0.000E+00
  12 Q  +gam--> G  +Q               0           0    0.000E+00    0.000E+00
  13 G  +gam--> Q  +QB              0           0    0.000E+00    0.000E+00
  14 gam+gam--> Q  +QB              0           0    0.000E+00    0.000E+00
  15 direct processes               0           0    0.000E+00    0.000E+00
  16 gam+gam--> l+ +l-              0           0    0.000E+00    0.000E+00


 ======================================================
    ------- end of event generation summary --------
 ======================================================

