 +-----------------------------------------------------------------------+
 |                                                                       |
 |                          DPMJET version 3.0-6                         |
 |                                                                       |
 |                      (Last change:  5 May 2012)                       |
 |                                                                       |
 |            Authors: Stefan Roesler   (CERN)                           |
 |                     Ralph Engel      (FZ Karlsruhe)                   |
 |                     Johannes Ranft   (Siegen Univ.)                   |
 |                                                                       |
 +-----------------------------------------------------------------------+
 | Please send suggestions, bug reports, etc. to: Stefan.Roesler@cern.ch |
 +-----------------------------------------------------------------------+

**********************************************************************        
* Example for a DTUNUC input file.                                            
* Uncomment the input-cards according to your requirements.                   
*                                                                             
* Format: A10,6E10.0,A8                                                       
*        (except for the section enclosed by "PHOINPUT" and "ENDINPUT"        
*         which is format-free)                                               
*         lines starting with "*" are comment lines                           
**********************************************************************        
*                                                                             
* projectile / target                                                         
* -------------------                                                         
PROJPAR     0.00      0.00      0.00      0.00      0.00      0.00    PHOTON  
TARPAR      12.0      6.00      0.00      0.00      0.00      0.00            
*                                                                             
* energy of interaction                                                       
* ---------------------                                                       
ENERGY      920.      0.00      0.00      0.00      0.00      0.00            
*                                                                             
* PHOJET-specific input                                                       
* ---------------------                                                       
* The following lines control the event-generation with PHOJET for            
* individual photon/nucleon-nucleon collisions.                               
* Any options explained in the PHOJET-manual can be used in between           
* the "PHOINPUT" and "ENDINPUT" cards.                                        
PHOINPUT    0.00      0.00      0.00      0.00      0.00      0.00            

  ===================================================
                                                     
       ----      PHOJET version 1.12      ----      
                                                     
  ===================================================
      Authors: Ralph Engel      (FZ Karlsruhe)
               Johannes Ranft   (Siegen Univ.)
               Stefan Roesler   (CERN)
  ---------------------------------------------------
    Manual, updates, and further information:
     http://www-ik.fzk.de/~engel/phojet.html
  ---------------------------------------------------
     please send suggestions / bug reports etc. to:
              ralph.engel@fzk.de
  ===================================================
    $Date: 2000/06/25 21:59:19 $
    $Revision: 1.12.1.35 $
    (code version with interface to PYTHIA 6.x)
    (code version for usage in DPMJET 3.x)
  ===================================================

 PROCESS    1 0 1 1 1 1 1 1
  RETURN
*                                                                             
* Output                                                                      
* ------                                                                      
*   some default output (particle multiplicities etc.)                        
HISTOGRAM   101.      102.      0.00      0.00      0.00      0.00            
*                                                                             
* Start of event generation                                                   
* -------------------------                                                   
START      0.500E+05  0.00      0.00      0.00      0.00      0.00            

Warning!  No evaporation performed since evaporation modules not available with this version.
 DT_JSPARA: new value (default value)


 NCLPOT:    quantities for inclusion of nuclear effects
            -------------------------------------------

                                      projectile      target

 Mass number / charge                   1 /  1       12 /  6
 Binding energy  - proton   (GeV)     0.0000E+00    0.1596E-01
                 - neutron  (GeV)     0.0000E+00    0.1872E-01
 Fermi-potential - proton   (GeV)     0.0000E+00    0.1611E-01
                 - neutron  (GeV)     0.0000E+00    0.1609E-01

 Scale factor for Fermi-momentum    0.55

 Coulomb-energy     0.0000E+00 GeV      0.2037E-02 GeV  


 DT_PHOINI:    PHOJET initialized for projectile A,Z =   1, 1
 1.5xp_F(max) =  0.000E+00  p(max) =  0.000E+00 0.000E+00 0.208E+02 0.208E+02
 DT_PHOINI:    PHOJET initialized for target     A,Z =  12, 6
 1.5xp_F(max) = -0.262E+00  p(max) =  0.000E+00 0.000E+00-0.274E+02 0.274E+02
 E_cm =  0.477E+02


 =======================================================
   ------- initialization of event generation --------
 =======================================================

 PHO_SETMDL: current settings
 ----------------------------

       1:AMPL MOD     3       2:MIN-BIAS     1       3:PTS DISH     1
       4:PTS DISP     1       5:PTS ASSI     2       6:HADRONIZ     3
       7:MASS COR     2       8:PAR SHOW     3       9:GLU SPLI     0
      10:VIRT PHO     2      11:LARGE NC     0      12:LIPA POM     0
      13:QELAS VM     1      14:ENHA GRA     2      15:MULT SCA     4
      16:MULT DIF     4      17:MULT CDF     4      18:BALAN PT     0
      19:POMV FLA     1      20:SEA  FLA     0      21:SPIN DEC     2
      22:DIF.MASS     1      23:DIFF RES     1      24:PTS HPOM     0
      25:POM CORR     0      26:OVERLAP      1      27:MUL R/AN     0
      28:SUR PROB     1      29:PRIMO KT     1      30:DIFF. CS     0

 PHO_FITPAR: looking for PDF     22  GRV-G LO      5      3      0
 PHO_FITPAR: looking for PDF   2212  GRV94 LO      5      6      0

 PHO_FITPAR: parameter set found in internal table

 PHO_FITPAR: parameter set
 -------------------------
  ALPOM:  1.097 ALPOMP:  0.250 GP:    2.745    6.827 B0POM:    1.225    1.136
  ALREG:  0.500 ALREGP:  1.000 GR:    4.721   11.740 B0REG:    0.462    0.428
  GPPP :  0.170 B0PPP:  0.500 GPPR :  0.612 B0PPR:  0.300
 VDMFAC:   0.00431   0.00008   1.00000   0.00000
 VDMQ2F:   0.00431   0.00008   1.00000   0.00000
  B0HAR:   3.200
  AKFAC:   1.000
 PHISUP:   0.700   0.600
  RMASS:   1.000   1.100   3.000

 PHO_FRAINI: fragmentation initialization ISWMDL(6)  3
 --------------------------------------------------
     parameter description               default / current
     PARJ( 2) strangeness suppression :   0.300  0.300
     MSTJ(12) popcorn                 :       2      2
     PARJ(19) popcorn                 :   1.000  1.000
     PARJ(41) Lund a                  :   0.300  0.300
     PARJ(42) Lund b                  :   0.580  1.000
     PARJ(21) sigma in pt distribution:   0.360  0.360


 PHO_MCINI: selected energy range (SQRT(S))         5.0        47.7
     particle 1 (name,mass,virtuality): gamma            0.000     0.0000E+00
     particle 2 (name,mass,virtuality): p+               0.938     0.0000E+00

 PHO_HARINI: hard scattering parameters for IP:  4
     particle 1 / particle 2:     990     990
     min. PT   :    2.5  (energy-dependent)  
     PDF side 1:  CKMT-POM IGRP/ISET/IEXT    4   0   0
     PDF side 2:  CKMT-POM IGRP/ISET/IEXT    4   0   0
     LAMBDA1,2 (4 active flavours):   0.230   0.230
     max. number of active flavours NF  :  4
     NQQAL/AQQAL/NQQPD/AQQPD:    1   1.000    1   1.000

 PHO_HARINI: hard scattering parameters for IP:  3
     particle 1 / particle 2:    2212     990
     min. PT   :    2.5  (energy-dependent)  
     PDF side 1:  GRV94 LO IGRP/ISET/IEXT    5   6   0
     PDF side 2:  CKMT-POM IGRP/ISET/IEXT    4   0   0
     LAMBDA1,2 (4 active flavours):   0.200   0.230
     max. number of active flavours NF  :  4
     NQQAL/AQQAL/NQQPD/AQQPD:    1   1.000    1   1.000

 PHO_HARINI: hard scattering parameters for IP:  2
     particle 1 / particle 2:      22     990
     min. PT   :    2.5  (energy-dependent)  
     PDF side 1:  GRV-G LO IGRP/ISET/IEXT    5   3   0
     PDF side 2:  CKMT-POM IGRP/ISET/IEXT    4   0   0
     LAMBDA1,2 (4 active flavours):   0.200   0.230
     max. number of active flavours NF  :  4
     NQQAL/AQQAL/NQQPD/AQQPD:    1   1.000    1   1.000

 PHO_HARINI: hard scattering parameters for IP:  1
     particle 1 / particle 2:      22    2212
     min. PT   :    2.5  (energy-dependent)  
     PDF side 1:  GRV-G LO IGRP/ISET/IEXT    5   3   0
     PDF side 2:  GRV94 LO IGRP/ISET/IEXT    5   6   0
     LAMBDA1,2 (4 active flavours):   0.200   0.200
     max. number of active flavours NF  :  4
     NQQAL/AQQAL/NQQPD/AQQPD:    1   1.000    1   1.000

 Table of total cross sections (mb) for particle combination  1
  Ecm    SIGtot  SIGela  SIGine  SIGqel  SIGsd1  SIGsd2  SIGdd
 -------------------------------------------------------------
  5.00E+00 1.22E-01 8.36E-05 1.21E-01 1.63E-02 7.81E-03 3.51E-03 1.34E-03
  6.42E+00 1.19E-01 7.77E-05 1.19E-01 1.51E-02 7.93E-03 3.63E-03 1.59E-03
  8.26E+00 1.18E-01 7.36E-05 1.18E-01 1.42E-02 8.20E-03 3.79E-03 1.86E-03
  1.06E+01 1.17E-01 7.08E-05 1.17E-01 1.36E-02 8.59E-03 3.99E-03 2.31E-03
  1.36E+01 1.17E-01 6.90E-05 1.17E-01 1.33E-02 9.08E-03 4.22E-03 2.82E-03
  1.75E+01 1.18E-01 6.82E-05 1.18E-01 1.31E-02 9.68E-03 4.48E-03 3.38E-03
  2.25E+01 1.19E-01 6.81E-05 1.19E-01 1.30E-02 1.04E-02 4.75E-03 3.99E-03
  2.89E+01 1.21E-01 6.86E-05 1.21E-01 1.30E-02 1.11E-02 5.04E-03 4.66E-03
  3.72E+01 1.24E-01 6.97E-05 1.24E-01 1.32E-02 1.19E-02 5.36E-03 5.37E-03
  4.77E+01 1.27E-01 7.15E-05 1.27E-01 1.35E-02 1.28E-02 5.68E-03 6.13E-03

 activated processes, cross section
 ----------------------------------
       nondiffr. resolved processes  1    1  1  1
                 elastic scattering  0    0  0  0
     qelast. vectormeson production  1    0  0  0
           double pomeron processes  1    0  0  0
      single diffract. particle (1)  1    0  0  0
      single diffract. particle (2)  1    0  0  0
         double diffract. processes  1    0  0  0
            direct photon processes  1    1  1  1
   maximum search (Elow/Eup/Epeak) 5.0000E+00 4.7747E+01 4.7747E+01
           max. cross section (mb)  1.2709E-01


 PHO_HARSCA: activated hard processes
 ------------------------------------
     PROCESS,    IP= 1 ... 4 (on/off)
   1     G  +G  --> G  +G    1  1  1  1
   2     Q  +QB --> G  +G    1  1  1  1
   3     G  +Q  --> G  +Q    1  1  1  1
   4     G  +G  --> Q  +QB   1  1  1  1
   5     Q  +QB --> Q  +QB   1  1  1  1
   6     Q  +QB --> QP +QBP  1  1  1  1
   7     Q  +Q  --> Q  +Q    1  1  1  1
   8     Q  +QP --> Q  +QP   1  1  1  1
   9     resolved processes  1  1  1  1
  10     gam+Q  --> G  +Q    1  1  1  1
  11     gam+G  --> Q  +QB   1  1  1  1
  12     Q  +gam--> G  +Q    1  1  1  1
  13     G  +gam--> Q  +QB   1  1  1  1
  14     gam+gam--> Q  +QB   1  1  1  1
  15     direct processes    1  1  1  1
  16     gam+gam--> l+ +l-   0  0  0  0


 SHMAKI:    Glauber formalism (Shmakov et. al) - initialization
            ---------------------------------------------------

                                      projectile      target
 Mass number / charge                   1 /  1       12 /  6

 Nucleon-nucleon c.m. energy              41.56 GeV

 Parameters of elastic scattering amplitude:
     sigma =  62.34 mb      rho =    0.1000      slope =  4.0 GeV^-2

 Number of b-steps     49        statistics at each b-step     1000

 Prod. cross section           1.0312 mb

 DT_SIGEMU:    Combined cross sections
               -----------------------

 E_cm =     41.6 GeV  Q^2 =   0.0 GeV^2 :

 total                                    1.2847 +-    0.01345 mb
 elastic                                  0.1816 +-    0.00292 mb
 quasi-elastic (A+B-->A+X)                0.0521 +-    0.00337 mb
 quasi-elastic (A+B-->X+B)                0.0000 +-    0.00000 mb
 quasi-elastic (A+B-->X, excl. 2-4)       0.0000 +-    0.00000 mb
 production                               1.0312 +-    0.01469 mb
 diff-el                                  0.0000 +-    0.00000 mb
 diff-qel                                 0.0000 +-    0.00000 mb

 FER4M:   sampling of Fermi-momenta activated

 CROMSC:  multiple scattering of chain ends treated
          with parameter CRONCO =  0.64
 DT_INITJS: JETSET-parameter for PHOJET
 DT_JSPARA: new value (default value)
            PARJ(  1):  0.085 ( 0.100)
            PARJ(  2):  0.260 ( 0.300)
            PARJ(  3):  0.800 ( 0.400)
            PARJ(  5):  0.150 ( 0.500)
            PARJ( 11):  0.380 ( 0.500)
            MSTJ( 12):      3 (     2)
            PARJ( 18):  0.300 ( 1.000)
            PARJ( 19):  0.400 ( 1.000)
            MSTU( 22):  50000 (    10)
            MSTJ( 22):      2 (     1)
            PARJ( 42):  0.860 ( 0.580)
            PARU(108):  0.008 ( 0.000)
1                                                                              
 ******************************************************************************
 ******************************************************************************
 **                                                                          **
 **                                                                          **
 **              *......*                  Welcome to the Lund Monte Carlo!  **
 **         *:::!!:::::::::::*                                               **
 **      *::::::!!::::::::::::::*          PPP  Y   Y TTTTT H   H III   A    **
 **    *::::::::!!::::::::::::::::*        P  P  Y Y    T   H   H  I   A A   **
 **   *:::::::::!!:::::::::::::::::*       PPP    Y     T   HHHHH  I  AAAAA  **
 **   *:::::::::!!:::::::::::::::::*       P      Y     T   H   H  I  A   A  **
 **    *::::::::!!::::::::::::::::*!       P      Y     T   H   H III A   A  **
 **      *::::::!!::::::::::::::* !!                                         **
 **      !! *:::!!:::::::::::*    !!       This is PYTHIA version 6.115      **
 **      !!     !* -><- *         !!       Last date of change: 27 Jan 1998  **
 **      !!     !!                !!                                         **
 **      !!     !!                !!                                         **
 **      !!                       !!                                         **
 **      !!        ep             !!       Disclaimer: this program comes    **
 **      !!                       !!       without any guarantees. Beware    **
 **      !!                 pp    !!       of errors and use common sense    **
 **      !!   e+e-                !!       when interpreting results.        **
 **      !!                       !!                                         **
 **      !!                                Copyright T. Sjostrand (1997)     **
 **                                                                          **
 ** An archive of program versions and documentation is found on the web:    **
 ** http://www.thep.lu.se/tf2/staff/torbjorn/Pythia.html                     **
 **                                                                          **
 ** When you cite this program, currently the official reference is          **
 ** T. Sjostrand, Computer Physics Commun. 82 (1994) 74.                     **
 ** The supersymmetry extensions are described in                            **
 ** S. Mrenna, Computer Physics Commun. 101 (1997) 232                       **
 ** Also remember that the program, to a large extent, represents original   **
 ** physics research. Other publications of special relevance to your        **
 ** studies may therefore deserve separate mention.                          **
 **                                                                          **
 ** Main author: Torbjorn Sjostrand; Department of Theoretical Physics 2,    **
 **   Lund University, Solvegatan 14A, S-223 62 Lund, Sweden;                **
 **   phone: + 46 - 46 - 222 48 16; e-mail: torbjorn@thep.lu.se              **
 ** SUSY author: Stephen Mrenna, Argonne National Laboratory,                **
 **   9700 South Cass Avenue, Argonne, IL 60439, USA;                        **
 **   phone: + 1 - 630 - 252 - 7615; e-mail: mrenna@hep.anl.gov              **
 **                                                                          **
 **                                                                          **
 ******************************************************************************
 ******************************************************************************

     Advisory warning type 9 given after        1 PYEXEC calls:
     (PYKFIN:) PARJ(18)<1 combined with 0<MSTJ(12)<5 option

 FOZOCA:  intranuclear cascade treated for a maximum of  25 generations
          formation time parameter:  3.5  fm/c         modus: 1
          p_t dependent formation zone

 DT_INITJS: JETSET-parameter for DTUNUC
 DT_JSPARA: new value (default value)
            PARJ(  1):  0.110 ( 0.100)
            PARJ(  2):  0.360 ( 0.300)
            PARJ(  3):  0.800 ( 0.400)
            PARJ(  5):  0.150 ( 0.500)
            PARJ( 11):  0.380 ( 0.500)
            MSTU( 12):      0 (     1)
            MSTJ( 12):      3 (     2)
            PARJ( 18):  0.300 ( 1.000)
            PARJ( 19):  0.200 ( 1.000)
            PARJ( 21):  0.300 ( 0.360)
            MSTU( 22):  50000 (    10)
            MSTJ( 22):      2 (     1)
            MSTU( 27):      1 (     0)
            MSTU( 28):      9 (     0)
            MSTU( 91):     10 (     0)
            PARU( 91):  0.865 ( 0.000)
            MSTU( 92):     16 (     0)
            PARU( 92):  0.932 ( 0.000)
            PARU(108):  0.007 ( 0.000)
            MSTU(123):      1 (     0)
            MSTU(124):     -1 (     0)
            MSTU(125):     10 (     0)

     Advisory warning type 4 given after     7444 PYEXEC calls:
     (PYDECY:) caught in loop for decay channel 624

     Advisory warning type 4 given after    47901 PYEXEC calls:
     (PYDECY:) caught in loop for decay channel 624

 HISTAT:              statistics - intranuclear cascade
                      ---------------------------------

 no. of events for normalization: (accepted final events, evt)     50000
                                  (events before evap.-step, evt1)     0
 no. of rejected events due to intranuclear cascade                    0

 no. of wounded nucl. in proj./ target (mean per evt)       0.00 /  1.11
 no. of particles unable to escape proj./ target (mean per evt)
        baryons:  pos.   0.000 /  0.476   neg.   0.000 /  0.000
        mesons:   pos.   0.000 /  0.002   neg.   0.000 /  0.000
 maximum no. of generations treated (maximum allowed:  25)
                                           (mean per evt)       0.66
 no. of sec. interactions in proj./ target (mean per evt1)  0.000 /  1.081
        out of which by inelastic interactions              0.000 /  0.303
                     by elastic interactions                0.000 /  0.727
                     by absorption (ap, K-, pi- only)       0.000 /  0.051


 HISTAT:              statistics - residual nuclei, evaporation
                      -----------------------------------------

 no. of events for normal.: (events handled by FICONF, evt)            0
                            (events passing the evap.-step, evt1)      0
 no. of rejected events     (   0,   0,   0)                           0


                      1) before evaporation-step:

 residual nuclei:  (mean values per evt)            proj. / target

        total number of particles                   0.000    0.000
        out of which: protons                       0.000    0.000
                      neutrons                      0.000    0.000
                      baryons                       0.000    0.000
                      pos. baryons                  0.000    0.000
        total charge                                0.000    0.000

        excitation energy (bef. evap.-step)     0.000E+00  0.000E+00
        excitation energy per nucleon           0.000E+00  0.000E+00


                      2) after  evaporation-step:

 Evaporation:         not requested


 HIMULT:                     particle - statistics
                             ---------------------

 fast/grey/black: EMU-def.

 particle    |            average multiplicity
             |     total         fast       grey     black    <pt>     f(1.7)
 ------------+---------------------------------------------------------------
 P          1|      1.034580     0.559140  0.38860  0.08684  0.43747  0.00496
 AP         2|      0.160180     0.160060  0.00012  0.00000  0.47441  0.00452
 E-         3|      0.006200     0.006200  0.00000  0.00000  0.16989  0.00002
 E+         4|      0.006200     0.006200  0.00000  0.00000  0.16063  0.00002
 NUE        5|      0.000000     0.000000  0.00000  0.00000  0.00000  0.00000
 ANUE       6|      0.000000     0.000000  0.00000  0.00000  0.00000  0.00000
 GAM        7|      0.988680     0.988680  0.00000  0.00000  0.30705  0.00870
 NEU        8|      1.022180     0.545440  0.38668  0.09006  0.43327  0.00357
 ANEU       9|      0.147160     0.146900  0.00026  0.00000  0.47570  0.00340
 MUE+      10|      0.000320     0.000320  0.00000  0.00000  0.22252  0.00000
 MUE-      11|      0.000320     0.000320  0.00000  0.00000  0.23175  0.00000
 K0L       12|      0.508520     0.504660  0.00380  0.00006  0.42159  0.00969
 PI+       13|      5.218760     5.155620  0.05312  0.01002  0.35192  0.10126
 PI-       14|      5.213440     5.148960  0.05292  0.01156  0.35227  0.09999
 K+        15|      0.569660     0.563700  0.00574  0.00022  0.42124  0.01376
 K-        16|      0.505780     0.503900  0.00170  0.00018  0.41456  0.01327
 LAM       17|      0.110140     0.099180  0.01068  0.00028  0.53655  0.00155
 ALAM      18|      0.044460     0.044440  0.00002  0.00000  0.50634  0.00139
 K0S       19|      0.509880     0.505860  0.00380  0.00022  0.41933  0.00903
 SIGM-     20|      0.041020     0.038580  0.00236  0.00008  0.54055  0.00064
 SIGM+     21|      0.039980     0.037540  0.00236  0.00008  0.53241  0.00087
 SIGM0     22|      0.049880     0.045340  0.00440  0.00014  0.53877  0.00085
 PI0       23|      6.037240     5.956180  0.07472  0.00634  0.32699  0.07240
 K0        24|      0.000000     0.000000  0.00000  0.00000  0.00000  0.00000
 AK0       25|      0.000000     0.000000  0.00000  0.00000  0.00000  0.00000
 BLANK     26|      5.963780     5.894800  0.05716  0.01182  0.36333  0.11988
 BLANK     27|     12.867280    12.251260  0.50704  0.10898  0.36823  0.24211
 BLANK     28|      0.000000     0.000000  0.00000  0.00000  0.00000  0.00000
 BLANK     29|      0.000000     0.000000  0.00000  0.00000  0.00000  0.00000
 BLANK     30|     22.335880    21.138320  0.99148  0.20608  0.36262  0.35526
 ETA550    31|      0.000000     0.000000  0.00000  0.00000  0.00000  0.00000
 RHO+77    32|      0.000000     0.000000  0.00000  0.00000  0.00000  0.00000
 RHO077    33|      0.000000     0.000000  0.00000  0.00000  0.00000  0.00000
 RHO-77    34|      0.000000     0.000000  0.00000  0.00000  0.00000  0.00000
 OM0783    35|      0.000000     0.000000  0.00000  0.00000  0.00000  0.00000
 K*+892    36|      0.000000     0.000000  0.00000  0.00000  0.00000  0.00000
 K*0892    37|      0.000000     0.000000  0.00000  0.00000  0.00000  0.00000
 K*-892    38|      0.000000     0.000000  0.00000  0.00000  0.00000  0.00000
 AK*089    39|      0.000000     0.000000  0.00000  0.00000  0.00000  0.00000
 KA+125    40|      0.000000     0.000000  0.00000  0.00000  0.00000  0.00000
 KA0125    41|      0.000000     0.000000  0.00000  0.00000  0.00000  0.00000
 KA-125    42|      0.000000     0.000000  0.00000  0.00000  0.00000  0.00000
 AKA012    43|      0.000000     0.000000  0.00000  0.00000  0.00000  0.00000
 K*+142    44|      0.000000     0.000000  0.00000  0.00000  0.00000  0.00000
 K*0142    45|      0.000000     0.000000  0.00000  0.00000  0.00000  0.00000
 K*-142    46|      0.000000     0.000000  0.00000  0.00000  0.00000  0.00000
 AK*014    47|      0.000000     0.000000  0.00000  0.00000  0.00000  0.00000
 S+1385    48|      0.000000     0.000000  0.00000  0.00000  0.00000  0.00000
 S01385    49|      0.000000     0.000000  0.00000  0.00000  0.00000  0.00000
 S-1385    50|      0.000000     0.000000  0.00000  0.00000  0.00000  0.00000
 L01820    51|      0.000000     0.000000  0.00000  0.00000  0.00000  0.00000
 L02030    52|      0.000000     0.000000  0.00000  0.00000  0.00000  0.00000
 N*++12    53|      0.000000     0.000000  0.00000  0.00000  0.00000  0.00000
 N*+ 12    54|      0.000000     0.000000  0.00000  0.00000  0.00000  0.00000
 N*012     55|      0.000000     0.000000  0.00000  0.00000  0.00000  0.00000
 N*-12     56|      0.000000     0.000000  0.00000  0.00000  0.00000  0.00000
 N*++16    57|      0.000000     0.000000  0.00000  0.00000  0.00000  0.00000
 N*+16     58|      0.000000     0.000000  0.00000  0.00000  0.00000  0.00000
 N*016     59|      0.000000     0.000000  0.00000  0.00000  0.00000  0.00000
 N*-16     60|      0.000000     0.000000  0.00000  0.00000  0.00000  0.00000
 N*+14     61|      0.000000     0.000000  0.00000  0.00000  0.00000  0.00000
 N*014     62|      0.000000     0.000000  0.00000  0.00000  0.00000  0.00000
 N*+15     63|      0.000000     0.000000  0.00000  0.00000  0.00000  0.00000
 N*015     64|      0.000000     0.000000  0.00000  0.00000  0.00000  0.00000
 N*+18     65|      0.000000     0.000000  0.00000  0.00000  0.00000  0.00000
 N*018     66|      0.000000     0.000000  0.00000  0.00000  0.00000  0.00000
 AN--12    67|      0.000000     0.000000  0.00000  0.00000  0.00000  0.00000
 AN*-12    68|      0.000000     0.000000  0.00000  0.00000  0.00000  0.00000
 AN*012    69|      0.000000     0.000000  0.00000  0.00000  0.00000  0.00000
 AN*+12    70|      0.000000     0.000000  0.00000  0.00000  0.00000  0.00000
 AN--16    71|      0.000000     0.000000  0.00000  0.00000  0.00000  0.00000
 AN*-16    72|      0.000000     0.000000  0.00000  0.00000  0.00000  0.00000
 AN*016    73|      0.000000     0.000000  0.00000  0.00000  0.00000  0.00000
 AN*+16    74|      0.000000     0.000000  0.00000  0.00000  0.00000  0.00000
 AN*-15    75|      0.000000     0.000000  0.00000  0.00000  0.00000  0.00000
 AN*015    76|      0.000000     0.000000  0.00000  0.00000  0.00000  0.00000
 DE*=24    77|      0.000000     0.000000  0.00000  0.00000  0.00000  0.00000
 RPI+49    78|      0.000000     0.000000  0.00000  0.00000  0.00000  0.00000
 RPI049    79|      0.000000     0.000000  0.00000  0.00000  0.00000  0.00000
 RPI-49    80|      0.000000     0.000000  0.00000  0.00000  0.00000  0.00000
 PIN++     81|      0.000000     0.000000  0.00000  0.00000  0.00000  0.00000
 PIN+0     82|      0.000000     0.000000  0.00000  0.00000  0.00000  0.00000
 PIN+-     83|      0.000000     0.000000  0.00000  0.00000  0.00000  0.00000
 PIN-0     84|      0.000000     0.000000  0.00000  0.00000  0.00000  0.00000
 PPPI      85|      0.000000     0.000000  0.00000  0.00000  0.00000  0.00000
 PNPI      86|      0.000000     0.000000  0.00000  0.00000  0.00000  0.00000
 APPPI     87|      0.000000     0.000000  0.00000  0.00000  0.00000  0.00000
 APNPI     88|      0.000000     0.000000  0.00000  0.00000  0.00000  0.00000
 K+PPI     89|      0.000000     0.000000  0.00000  0.00000  0.00000  0.00000
 K-PPI     90|      0.000000     0.000000  0.00000  0.00000  0.00000  0.00000
 K+NPI     91|      0.000000     0.000000  0.00000  0.00000  0.00000  0.00000
 K-NPI     92|      0.000000     0.000000  0.00000  0.00000  0.00000  0.00000
 S+1820    93|      0.000000     0.000000  0.00000  0.00000  0.00000  0.00000
 S-2030    94|      0.000000     0.000000  0.00000  0.00000  0.00000  0.00000
 ETA*      95|      0.000000     0.000000  0.00000  0.00000  0.00000  0.00000
 PHI       96|      0.000000     0.000000  0.00000  0.00000  0.00000  0.00000
 TETA0     97|      0.010040     0.009960  0.00008  0.00000  0.56209  0.00039
 TETA-     98|      0.009840     0.009780  0.00006  0.00000  0.56161  0.00036
 ASIG-     99|      0.025040     0.025040  0.00000  0.00000  0.51692  0.00080
 ASIG0    100|      0.026200     0.026200  0.00000  0.00000  0.50372  0.00083
 ASIG+    101|      0.023000     0.022940  0.00006  0.00000  0.50527  0.00063
 ATETA0   102|      0.009020     0.009020  0.00000  0.00000  0.57429  0.00037
 ATETA+   103|      0.008720     0.008720  0.00000  0.00000  0.51775  0.00038
 SIG*+    104|      0.000000     0.000000  0.00000  0.00000  0.00000  0.00000
 SIG*0    105|      0.000000     0.000000  0.00000  0.00000  0.00000  0.00000
 SIG*-    106|      0.000000     0.000000  0.00000  0.00000  0.00000  0.00000
 TETA*0   107|      0.000000     0.000000  0.00000  0.00000  0.00000  0.00000
 TETA*    108|      0.000000     0.000000  0.00000  0.00000  0.00000  0.00000
 OMEGA-   109|      0.000580     0.000580  0.00000  0.00000  0.76323  0.00005
 ASIG*-   110|      0.000000     0.000000  0.00000  0.00000  0.00000  0.00000
 ASIG*0   111|      0.000000     0.000000  0.00000  0.00000  0.00000  0.00000
 ASIG*+   112|      0.000000     0.000000  0.00000  0.00000  0.00000  0.00000
 ATET*0   113|      0.000000     0.000000  0.00000  0.00000  0.00000  0.00000
 ATET*+   114|      0.000000     0.000000  0.00000  0.00000  0.00000  0.00000
 OMEGA+   115|      0.000660     0.000660  0.00000  0.00000  0.78169  0.00005
 D0       116|      0.002460     0.002460  0.00000  0.00000  1.86758  0.00042
 D+       117|      0.000980     0.000980  0.00000  0.00000  2.17783  0.00019
 D-       118|      0.000960     0.000960  0.00000  0.00000  1.75272  0.00016
 AD0      119|      0.002700     0.002700  0.00000  0.00000  1.94322  0.00055
 F+       120|      0.000400     0.000400  0.00000  0.00000  1.63245  0.00007
 F-       121|      0.000320     0.000320  0.00000  0.00000  1.68026  0.00005
 ETAC     122|      0.000000     0.000000  0.00000  0.00000  0.00000  0.00000
 D*0      123|      0.000000     0.000000  0.00000  0.00000  0.00000  0.00000
 D*+      124|      0.000000     0.000000  0.00000  0.00000  0.00000  0.00000
 D*-      125|      0.000000     0.000000  0.00000  0.00000  0.00000  0.00000
 AD*0     126|      0.000000     0.000000  0.00000  0.00000  0.00000  0.00000
 F*+      127|      0.000000     0.000000  0.00000  0.00000  0.00000  0.00000
 F*-      128|      0.000000     0.000000  0.00000  0.00000  0.00000  0.00000
 PSI      129|      0.000000     0.000000  0.00000  0.00000  0.00000  0.00000
 JPSI     130|      0.000000     0.000000  0.00000  0.00000  0.00000  0.00000
 TAU+     131|      0.000000     0.000000  0.00000  0.00000  0.00000  0.00000
 TAU-     132|      0.000000     0.000000  0.00000  0.00000  0.00000  0.00000
 NUET     133|      0.000000     0.000000  0.00000  0.00000  0.00000  0.00000
 ANUET    134|      0.000000     0.000000  0.00000  0.00000  0.00000  0.00000
 NUEM     135|      0.000000     0.000000  0.00000  0.00000  0.00000  0.00000
 ANUEM    136|      0.000000     0.000000  0.00000  0.00000  0.00000  0.00000
 C0+      137|      0.000140     0.000140  0.00000  0.00000  1.24628  0.00002
 A+       138|      0.000020     0.000020  0.00000  0.00000  3.11604  0.00001
 A0       139|      0.000000     0.000000  0.00000  0.00000  0.00000  0.00000
 C1++     140|      0.000020     0.000020  0.00000  0.00000  0.54208  0.00000
 C1+      141|      0.000060     0.000060  0.00000  0.00000  1.17757  0.00000
 C10      142|      0.000020     0.000020  0.00000  0.00000  1.06733  0.00000
 S+       143|      0.000000     0.000000  0.00000  0.00000  0.00000  0.00000
 S0       144|      0.000000     0.000000  0.00000  0.00000  0.00000  0.00000
 T0       145|      0.000000     0.000000  0.00000  0.00000  0.00000  0.00000
 XU++     146|      0.000000     0.000000  0.00000  0.00000  0.00000  0.00000
 XD+      147|      0.000000     0.000000  0.00000  0.00000  0.00000  0.00000
 XS+      148|      0.000000     0.000000  0.00000  0.00000  0.00000  0.00000
 AC0-     149|      0.000080     0.000080  0.00000  0.00000  1.56367  0.00001
 AA-      150|      0.000000     0.000000  0.00000  0.00000  0.00000  0.00000
 AA0      151|      0.000020     0.000020  0.00000  0.00000  3.09104  0.00000
 AC1--    152|      0.000000     0.000000  0.00000  0.00000  0.00000  0.00000
 AC1-     153|      0.000020     0.000020  0.00000  0.00000  3.29971  0.00000
 AC10     154|      0.000000     0.000000  0.00000  0.00000  0.00000  0.00000
 AS-      155|      0.000000     0.000000  0.00000  0.00000  0.00000  0.00000
 AS0      156|      0.000000     0.000000  0.00000  0.00000  0.00000  0.00000
 AT0      157|      0.000000     0.000000  0.00000  0.00000  0.00000  0.00000
 AXU--    158|      0.000000     0.000000  0.00000  0.00000  0.00000  0.00000
 AXD-     159|      0.000000     0.000000  0.00000  0.00000  0.00000  0.00000
 AXS      160|      0.000000     0.000000  0.00000  0.00000  0.00000  0.00000
 C1*++    161|      0.000000     0.000000  0.00000  0.00000  0.00000  0.00000
 C1*+     162|      0.000000     0.000000  0.00000  0.00000  0.00000  0.00000
 C1*0     163|      0.000000     0.000000  0.00000  0.00000  0.00000  0.00000
 S*+      164|      0.000000     0.000000  0.00000  0.00000  0.00000  0.00000
 S*0      165|      0.000000     0.000000  0.00000  0.00000  0.00000  0.00000
 T*0      166|      0.000000     0.000000  0.00000  0.00000  0.00000  0.00000
 XU*++    167|      0.000000     0.000000  0.00000  0.00000  0.00000  0.00000
 XD*+     168|      0.000000     0.000000  0.00000  0.00000  0.00000  0.00000
 XS*+     169|      0.000000     0.000000  0.00000  0.00000  0.00000  0.00000
 TETA++   170|      0.000000     0.000000  0.00000  0.00000  0.00000  0.00000
 AC1*--   171|      0.000000     0.000000  0.00000  0.00000  0.00000  0.00000
 AC1*-    172|      0.000000     0.000000  0.00000  0.00000  0.00000  0.00000
 AC1*0    173|      0.000000     0.000000  0.00000  0.00000  0.00000  0.00000
 AS*-     174|      0.000000     0.000000  0.00000  0.00000  0.00000  0.00000
 AS*0     175|      0.000000     0.000000  0.00000  0.00000  0.00000  0.00000
 AT*0     176|      0.000000     0.000000  0.00000  0.00000  0.00000  0.00000
 AXU*--   177|      0.000000     0.000000  0.00000  0.00000  0.00000  0.00000
 AXD*-    178|      0.000000     0.000000  0.00000  0.00000  0.00000  0.00000
 AXS*-    179|      0.000000     0.000000  0.00000  0.00000  0.00000  0.00000
 ATET--   180|      0.000000     0.000000  0.00000  0.00000  0.00000  0.00000
 RO       181|      0.000000     0.000000  0.00000  0.00000  0.00000  0.00000
 R+       182|      0.000000     0.000000  0.00000  0.00000  0.00000  0.00000
 R-       183|      0.000000     0.000000  0.00000  0.00000  0.00000  0.00000
 AN*-14   184|      0.000000     0.000000  0.00000  0.00000  0.00000  0.00000
 AN*014   185|      0.000000     0.000000  0.00000  0.00000  0.00000  0.00000
 PI+130   186|      0.000000     0.000000  0.00000  0.00000  0.00000  0.00000
 PI0130   187|      0.000000     0.000000  0.00000  0.00000  0.00000  0.00000
 PI-130   188|      0.000000     0.000000  0.00000  0.00000  0.00000  0.00000
 F01400   189|      0.000000     0.000000  0.00000  0.00000  0.00000  0.00000
 K*+146   190|      0.000000     0.000000  0.00000  0.00000  0.00000  0.00000
 K*-146   191|      0.000000     0.000000  0.00000  0.00000  0.00000  0.00000
 K*0146   192|      0.000000     0.000000  0.00000  0.00000  0.00000  0.00000
 AK0146   193|      0.000000     0.000000  0.00000  0.00000  0.00000  0.00000
 L01600   194|      0.000000     0.000000  0.00000  0.00000  0.00000  0.00000
 AL0160   195|      0.000000     0.000000  0.00000  0.00000  0.00000  0.00000
 S+1660   196|      0.000000     0.000000  0.00000  0.00000  0.00000  0.00000
 S01660   197|      0.000000     0.000000  0.00000  0.00000  0.00000  0.00000
 S-1660   198|      0.000000     0.000000  0.00000  0.00000  0.00000  0.00000
 AS-166   199|      0.000000     0.000000  0.00000  0.00000  0.00000  0.00000
 AS0166   200|      0.000000     0.000000  0.00000  0.00000  0.00000  0.00000
 AS+166   201|      0.000000     0.000000  0.00000  0.00000  0.00000  0.00000
 X01950   202|      0.000000     0.000000  0.00000  0.00000  0.00000  0.00000
 X-1950   203|      0.000000     0.000000  0.00000  0.00000  0.00000  0.00000
 AX0195   204|      0.000000     0.000000  0.00000  0.00000  0.00000  0.00000
 AX+195   205|      0.000000     0.000000  0.00000  0.00000  0.00000  0.00000
 OM-225   206|      0.000000     0.000000  0.00000  0.00000  0.00000  0.00000
 DEUTERON 207|      0.000000     0.000000  0.00000  0.00000  0.00000  0.00000
 3-H      208|      0.000000     0.000000  0.00000  0.00000  0.00000  0.00000
 3-HE     209|      0.000000     0.000000  0.00000  0.00000  0.00000  0.00000
 4-HE     210|      0.000000     0.000000  0.00000  0.00000  0.00000  0.00000


 STATIS:                    statistics of the run
                            ---------------------

 number of events requested / sampled                50000 /    50011
 number of samp. evts per requested event                 1.0

                                                      proj.    targ.
 average number of wounded nucleons after x-sampling      1.00      1.24


 PHOJET-treatment of chain systems above   5.0 GeV

 1. chain system statistics - total numbers:
                              --------------

            s-s     d-s     s-d     s-v     d-v     v-s     v-d     v-v

 req.to.       0       0       0    8421    3380       0       0   50011

 low rq.       0       0       0     739       0       0       0       0
 low ac.       0       0       0       0       0       0       0       0

 PHOJET        0       0       0    7682    3380       0       0    9334
   sngl        0       0       0       0       0       0       0   40677

 no-dif.       0       0       0    6044    2807       0       0   36310
 el-sca.       0       0       0       0       0       0       0       0
 qel-sc.       0       0       0       0       0       0       0    4274
 dbl-Po.       0       0       0       0       0       0       0      78
 diff-1        0       0       0     842     384       0       0    4737
  low          0       0       0     525       0       0       0    1821
  high         0       0       0     317     383       0       0    2898
  h-diff       0       0       0       0       1       0       0      18
 diff-2        0       0       0     390       0       0       0    1975
  low          0       0       0     206       0       0       0     664
  high         0       0       0     184       0       0       0    1309
  h-diff       0       0       0       0       0       0       0       2
 dbl-di.       0       0       0     406     189       0       0    2176
  lo-lo        0       0       0     154       0       0       0     336
  hi-hi        0       0       0      62      94       0       0     648
  lo-hi        0       0       0     134       0       0       0     618
  hi-lo        0       0       0      56      94       0       0     571
 dir-ga.       0       0       0       0       0       0       0     461

 dir-1         0       0       0       0       0       0       0    1383
 dir-2         0       0       0       0       0       0       0       0
 dbl-dir       0       0       0       0       0       0       0       0
 s-Pom.        0       0       0    8410    4476       0       0   56256
 h-Pom.        0       0       0      27      48       0       0     692
 s-Reg.        0       0       0    1426     174       0       0    6140
 enh-trg       0       0       0       7       1       0       0     274
 enh-log       0       0       0       3       1       0       0     156

 2. chain system statistics - mean numbers per evt:
                              ---------------------

                s-s       d-s       s-d

 req.to.      0.00E+00  0.00E+00  0.00E+00

 low rq.      0.00E+00  0.00E+00  0.00E+00
 low ac.      0.00E+00  0.00E+00  0.00E+00

 PHOJET       0.00E+00  0.00E+00  0.00E+00

 no-dif.      0.00E+00  0.00E+00  0.00E+00
 el-sca.      0.00E+00  0.00E+00  0.00E+00
 qel-sc.      0.00E+00  0.00E+00  0.00E+00
 dbl-Po.      0.00E+00  0.00E+00  0.00E+00
 diff-1       0.00E+00  0.00E+00  0.00E+00
 diff-2       0.00E+00  0.00E+00  0.00E+00
 dbl-di.      0.00E+00  0.00E+00  0.00E+00
 dir-ga.      0.00E+00  0.00E+00  0.00E+00

 dir-1        0.00E+00  0.00E+00  0.00E+00
 dir-2        0.00E+00  0.00E+00  0.00E+00
 dbl-dir      0.00E+00  0.00E+00  0.00E+00
 s-Pom.       0.00E+00  0.00E+00  0.00E+00
 h-Pom.       0.00E+00  0.00E+00  0.00E+00
 s-Reg.       0.00E+00  0.00E+00  0.00E+00
 enh-trg      0.00E+00  0.00E+00  0.00E+00
 enh-log      0.00E+00  0.00E+00  0.00E+00

                s-v       d-v       v-s       v-d       v-v

 req.to.      0.17E+00  0.68E-01  0.00E+00  0.00E+00  0.10E+01

 low rq.      0.15E-01  0.00E+00  0.00E+00  0.00E+00  0.00E+00
 low ac.      0.00E+00  0.00E+00  0.00E+00  0.00E+00  0.00E+00

 PHOJET       0.15E+00  0.68E-01  0.00E+00  0.00E+00  0.19E+00

 no-dif.      0.12E+00  0.56E-01  0.00E+00  0.00E+00  0.73E+00
 el-sca.      0.00E+00  0.00E+00  0.00E+00  0.00E+00  0.00E+00
 qel-sc.      0.00E+00  0.00E+00  0.00E+00  0.00E+00  0.85E-01
 dbl-Po.      0.00E+00  0.00E+00  0.00E+00  0.00E+00  0.16E-02
 diff-1       0.17E-01  0.77E-02  0.00E+00  0.00E+00  0.95E-01
 diff-2       0.78E-02  0.00E+00  0.00E+00  0.00E+00  0.39E-01
 dbl-di.      0.81E-02  0.38E-02  0.00E+00  0.00E+00  0.44E-01
 dir-ga.      0.00E+00  0.00E+00  0.00E+00  0.00E+00  0.92E-02

 dir-1        0.00E+00  0.00E+00  0.00E+00  0.00E+00  0.28E-01
 dir-2        0.00E+00  0.00E+00  0.00E+00  0.00E+00  0.00E+00
 dbl-dir      0.00E+00  0.00E+00  0.00E+00  0.00E+00  0.00E+00
 s-Pom.       0.17E+00  0.90E-01  0.00E+00  0.00E+00  0.11E+01
 h-Pom.       0.54E-03  0.96E-03  0.00E+00  0.00E+00  0.14E-01
 s-Reg.       0.29E-01  0.35E-02  0.00E+00  0.00E+00  0.12E+00
 enh-trg      0.14E-03  0.20E-04  0.00E+00  0.00E+00  0.55E-02
 enh-log      0.60E-04  0.20E-04  0.00E+00  0.00E+00  0.31E-02

 CHASTA: generated chain configurations

 -----------------------------------------------------------------------------
 p\t         21     22     31     32     41     42     51     52     61     62
 -----------------------------------------------------------------------------
 21           1  69849      0      0      0   8220    261     73     16    275

  q aq        0    109      0      0      0   4110    119     38      3     82
 aq q         0  34758      0      0      0   4110    117     32     13    184
  q d         1  34982      0      0      0      0      0      0      0      0
  d q         0      0      0      0      0      0     25      3      0      9

 -----------------------------------------------------------------------------
 p\t         21     22     31     32     41     42     51     52     61     62
 -----------------------------------------------------------------------------
 22           0     11      0      0      0      0      0    258      0     16

  q aq        0      0      0      0      0      0      0    131      0     12
 aq q         0      1      0      0      0      0      0     11      0      1
  q d         0     10      0      0      0      0      0      0      0      0
  d q         0      0      0      0      0      0      0    116      0      3

 -----------------------------------------------------------------------------
 p\t         21     22     31     32     41     42     51     52     61     62
 -----------------------------------------------------------------------------
 31           0  18244      1      0      0   1682    250     90      8     47

  q aq        0    110      0      0      0    404     22     13      3      5
 aq q         0   5947      0      0      0    409     23      5      1     13
  q d         0   6720      0      0      0      0      0      0      0      0
  d q         0   2692      0      0      0    429    104     41      4     19
 ad aq        0      0      0      0      0    440    101     31      0     10
  d ad        0     19      0      0      0      0      0      0      0      0
 ad d         0   2756      1      0      0      0      0      0      0      0

 -----------------------------------------------------------------------------
 p\t         21     22     31     32     41     42     51     52     61     62
 -----------------------------------------------------------------------------
 32           0      0      0      0      0      0      0      0      0      0


 -----------------------------------------------------------------------------
 p\t         21     22     31     32     41     42     51     52     61     62
 -----------------------------------------------------------------------------
 41           0   5892      0      0      0    124      0    673      0      2

  q aq        0      0      0      0      0     64      0    330      0      0
 aq q         0   2979      0      0      0     60      0    343      0      2
  q d         0   2913      0      0      0      0      0      0      0      0

 -----------------------------------------------------------------------------
 p\t         21     22     31     32     41     42     51     52     61     62
 -----------------------------------------------------------------------------
 42           0      0      0      0      0      0      0      0      0      0


 -----------------------------------------------------------------------------
 p\t         21     22     31     32     41     42     51     52     61     62
 -----------------------------------------------------------------------------
 51           0    208      0      0      0    749   2350  37719      0      0

  q aq        0     12      0      0      0    370   1175  17801      0      0
 aq q         0     75      0      0      0    379   1175  17805      0      0
  q d         0    120      0      0      0      0      0   2086      0      0
  d q         0      0      0      0      0      0      0     27      0      0
 aq ad        0      1      0      0      0      0      0      0      0      0

 -----------------------------------------------------------------------------
 p\t         21     22     31     32     41     42     51     52     61     62
 -----------------------------------------------------------------------------
 52           0      0      0      0      0      0      0    900      0      0

  q aq        0      0      0      0      0      0      0     20      0      0
 aq q         0      0      0      0      0      0      0     22      0      0
  d q         0      0      0      0      0      0      0    858      0      0

 -----------------------------------------------------------------------------
 p\t         21     22     31     32     41     42     51     52     61     62
 -----------------------------------------------------------------------------
 61           0   1173      0      0      0      6      0      0      2     72

  q aq        0      7      0      0      0      4      0      0      2     19
 aq q         0    481      0      0      0      2      0      0      0     53
  q d         0    684      0      0      0      0      0      0      0      0
 aq ad        0      1      0      0      0      0      0      0      0      0

 -----------------------------------------------------------------------------
 p\t         21     22     31     32     41     42     51     52     61     62
 -----------------------------------------------------------------------------
 62           0      0      0      0      0      0      0      0      0      0



 ====================================================
   --------- summary of event generation ----------
 ====================================================

 called,generated,accepted events:       61589       61589       61589
 average CMS energy:        41.7

 PHO_EVENT: generated and accepted events
 ----------------------------------------
   process, sampled, accepted, cross section (internal/external)
   non.diff.       45666       45666    9.424E-02    7.415E-01
   elas sca.           0           0    0.000E+00    0.000E+00
   qela sca.        4274        4274    8.820E-03    6.940E-02
   doub.pom.          78          78    1.610E-04    1.266E-03
   diff.par1        5971        5971    1.232E-02    9.695E-02
   diff.par2        2365        2365    4.880E-03    3.840E-02
   doub.dif.        2774        2774    5.724E-03    4.504E-02
   dir all           461         461    9.513E-04    7.485E-03
   dir X res         461         461    9.513E-04    7.485E-03
   res X dir           0           0    0.000E+00    0.000E+00
   dir X dir           0           0    0.000E+00    0.000E+00
   soft pom.       69200       69194    1.428E-01    1.123E+00
   hard pom.        1306        1279    2.639E-03    2.077E-02
   soft reg.        7816        7745    1.598E-02    1.258E-01
   enh. trg.         282         282    5.819E-04    4.579E-03
   enh. log.         160         160    3.302E-04    2.598E-03
   doub.pom.          86          86    1.775E-04    1.396E-03
   recursive pomeron splitting:  2
     1->2pom-cut :        2057
     1->doub-pom :           4
     1->diff-dis1:         198
     1->diff-dis2:          84
     1->doub-diff:         160

  sampled cross section (mb)   1.271E-01
 accepted cross section (mb)   1.271E-01


 PHO_REJSTA: rejection statistics
 --------------------------------
   1 PARTON ALL                  98
   2 STDPAR ALL                 731
   4 POMSCA ALL                  46
   6 POMSCA KIN                   1
   9 HRES.DIF.1                   3
  13 DIFDIS INT                 644
  21 DIF.DISS.1                 623
  22 DIF.DISS.2                  11
  24 MSHELL CHA                 765
  30 STRING ALL                 117
  31 POMSCA INT                 192
  32 DIFF SLOPE                 835
  34 MASCOR ALL                 116
  35 PARCOR ALL                   1
  36 MSHELL PAR                 144
  37 MSHELL ALL                 144
  39 DB-POM KIN                  59
  41 SOFTXX ALL                  42
  42 SOFTXX PSP                  11

 PHO_SAMPRO: internal process statistics (IP,<Ecm>)   1   4.172E+01
 ---------------------------------------
                process      sampled    cross section

         all processes      61589.        1.073E-01
      nondif.inelastic      45666.        7.959E-02
               elastic          0.        0.000E+00
     vmeson production       4274.        7.449E-03
        double pomeron         78.        1.359E-04
      single diffr.(1)       5971.        1.041E-02
      single diffr.(2)       2365.        4.122E-03
      double diffract.       2774.        4.834E-03
      direct processes        461.        8.034E-04

 PHO_SAMPRO: internal process statistics (IP,<Ecm>)   2   9.502E+00
 ---------------------------------------
                process      sampled    cross section

         all processes       6533.        4.652E-02
      nondif.inelastic       6519.        4.642E-02
               elastic          0.        0.000E+00
     vmeson production          0.        0.000E+00
        double pomeron          0.        0.000E+00
      single diffr.(1)          0.        0.000E+00
      single diffr.(2)          0.        0.000E+00
      double diffract.          0.        0.000E+00
      direct processes         14.        9.968E-05

 PHO_SAMPRO: internal process statistics (IP,<Ecm>)   3   9.508E+00
 ---------------------------------------
                process      sampled    cross section

         all processes       3916.        1.606E+01
      nondif.inelastic       3916.        1.606E+01
               elastic          0.        0.000E+00
     vmeson production          0.        0.000E+00
        double pomeron          0.        0.000E+00
      single diffr.(1)          0.        0.000E+00
      single diffr.(2)          0.        0.000E+00
      double diffract.          0.        0.000E+00
      direct processes          0.        0.000E+00

 PHO_SAMPRO: internal process statistics (IP,<Ecm>)   4   4.667E+00
 ---------------------------------------
                process      sampled    cross section

         all processes         54.        1.089E+01
      nondif.inelastic         54.        1.089E+01
               elastic          0.        0.000E+00
     vmeson production          0.        0.000E+00
        double pomeron          0.        0.000E+00
      single diffr.(1)          0.        0.000E+00
      single diffr.(2)          0.        0.000E+00
      double diffract.          0.        0.000E+00
      direct processes          0.        0.000E+00

 PHO_SAMPRB: interaction statistics
 ----------------------------------
 statistics for IP,<Ecm_1>,<Ecm_2>  1    4.172E+01    4.172E+01
     average number of s-pom,h-pom,reg cuts (bare)
           45380.  1.8008E+00  2.4019E-02  6.3266E-02
     average (with energy/virtuality corrections)
           45380.  1.3709E+00  2.3777E-02  3.6051E-02
 statistics for IP,<Ecm_1>,<Ecm_2>  2    6.975E+00    6.975E+00
     average number of s-pom,h-pom,reg cuts (bare)
            9754.  8.8025E-01  3.8958E-03  8.7164E-01
     average (with energy/virtuality corrections)
            9754.  5.8745E-01  3.7933E-03  4.6196E-01
 statistics for IP,<Ecm_1>,<Ecm_2>  3    7.229E+00    7.229E+00
     average number of s-pom,h-pom,reg cuts (bare)
            5642.  1.3277E+00  7.0897E-04  1.1973E+00
     average (with energy/virtuality corrections)
            5642.  6.7246E-01  7.0897E-04  4.1421E-01
 statistics for IP,<Ecm_1>,<Ecm_2>  4    3.879E+00    3.879E+00
     average number of s-pom,h-pom,reg cuts (bare)
              84.  9.0476E-01  0.0000E+00  2.3571E+00
     average (with energy/virtuality corrections)
              84.  5.1190E-01  0.0000E+00  4.8810E-01

 PHO_PARTON: internal statistics on parton configurations
 --------------------------------------------------------
     process          sampled      accepted
     soft pom.       62210       60369
     hard pom.        1463        1245
     soft reg.        1636        1818
     enh. tri.           0         282
     enh. loo.           0         159
     diff.pa1.        5971        5971
     diff.pa2.        2365        2365
     doub.dif.        2774        2774
     doub.pom.          78          78
     dir.phot.         461         461


 PHO_QELAST: statistics of (quasi-)elastic processes      4274
 ---------------------------------------------------
 sampled elastic processes:         0
 sampled quasi-elastic vectormeson production:      4274
                   p+          omega       phi         pi+pi-  
     rho             3183           0           0           0
     omega            375           0           0           0
     phi              354           0           0           0
     pi+pi-           362           0           0           0

 PHO_SAMASS: statistics
 ----------------------

        rho:         5391
        omega:        617
        phi:          489
        pi+pi-:       512

 PHO_POMCOR: total/joined strings  174492       0

 PHO_MASCOR: total/converted strings  174492    7914


 PHO_EVENT: statistics of hard scattering processes
 --------------------------------------------------

     process (accepted,x-section internal/external) for IP:  1
   0 sum over processes         12227        3827    7.897E-03    2.770E-02
   1 G  +G  --> G  +G            3087         631    1.302E-03    4.644E-03
   2 Q  +QB --> G  +G              30          18    3.714E-05    1.299E-04
   3 G  +Q  --> G  +Q            6747        1628    3.360E-03    1.114E-02
   4 G  +G  --> Q  +QB             73          20    4.127E-05    1.299E-04
   5 Q  +QB --> Q  +QB            179         106    2.187E-04    7.306E-04
   6 Q  +QB --> QP +QBP            10           6    1.238E-05    3.247E-05
   7 Q  +Q  --> Q  +Q             151          96    1.981E-04    6.982E-04
   8 Q  +QP --> Q  +QP            837         400    8.254E-04    2.712E-03
   9 resolved processes         11114        2905    5.995E-03    2.021E-02
  10 gam+Q  --> G  +Q             235         288    5.943E-04    2.338E-03
  11 gam+G  --> Q  +QB            878         634    1.308E-03    5.147E-03
  12 Q  +gam--> G  +Q               0           0    0.000E+00    0.000E+00
  13 G  +gam--> Q  +QB              0           0    0.000E+00    0.000E+00
  14 gam+gam--> Q  +QB              0           0    0.000E+00    0.000E+00
  15 direct processes            1113         922    1.903E-03    7.485E-03
  16 gam+gam--> l+ +l-              0           0    0.000E+00    0.000E+00

     process (accepted,x-section internal/external) for IP:  2
   0 sum over processes           187          64    1.321E-04    4.871E-04
   1 G  +G  --> G  +G             133          20    4.127E-05    1.624E-04
   2 Q  +QB --> G  +G               0           0    0.000E+00    0.000E+00
   3 G  +Q  --> G  +Q              36          34    7.016E-05    2.598E-04
   4 G  +G  --> Q  +QB             11           0    0.000E+00    0.000E+00
   5 Q  +QB --> Q  +QB              1           2    4.127E-06    0.000E+00
   6 Q  +QB --> QP +QBP             0           0    0.000E+00    0.000E+00
   7 Q  +Q  --> Q  +Q               1           0    0.000E+00    0.000E+00
   8 Q  +QP --> Q  +QP              5           8    1.651E-05    6.495E-05
   9 resolved processes           187          64    1.321E-04    4.871E-04
  10 gam+Q  --> G  +Q               0           0    0.000E+00    0.000E+00
  11 gam+G  --> Q  +QB              0           0    0.000E+00    0.000E+00
  12 Q  +gam--> G  +Q               0           0    0.000E+00    0.000E+00
  13 G  +gam--> Q  +QB              0           0    0.000E+00    0.000E+00
  14 gam+gam--> Q  +QB              0           0    0.000E+00    0.000E+00
  15 direct processes               0           0    0.000E+00    0.000E+00
  16 gam+gam--> l+ +l-              0           0    0.000E+00    0.000E+00

     process (accepted,x-section internal/external) for IP:  3
   0 sum over processes            55           8    1.651E-05    6.495E-05
   1 G  +G  --> G  +G              37           2    4.127E-06    1.624E-05
   2 Q  +QB --> G  +G               0           0    0.000E+00    0.000E+00
   3 G  +Q  --> G  +Q              14           2    4.127E-06    1.624E-05
   4 G  +G  --> Q  +QB              0           0    0.000E+00    0.000E+00
   5 Q  +QB --> Q  +QB              1           2    4.127E-06    1.624E-05
   6 Q  +QB --> QP +QBP             0           0    0.000E+00    0.000E+00
   7 Q  +Q  --> Q  +Q               1           2    4.127E-06    1.624E-05
   8 Q  +QP --> Q  +QP              2           0    0.000E+00    0.000E+00
   9 resolved processes            55           8    1.651E-05    6.495E-05
  10 gam+Q  --> G  +Q               0           0    0.000E+00    0.000E+00
  11 gam+G  --> Q  +QB              0           0    0.000E+00    0.000E+00
  12 Q  +gam--> G  +Q               0           0    0.000E+00    0.000E+00
  13 G  +gam--> Q  +QB              0           0    0.000E+00    0.000E+00
  14 gam+gam--> Q  +QB              0           0    0.000E+00    0.000E+00
  15 direct processes               0           0    0.000E+00    0.000E+00
  16 gam+gam--> l+ +l-              0           0    0.000E+00    0.000E+00


 ======================================================
    ------- end of event generation summary --------
 ======================================================

